CRITICAL - 2024-02-10 10:49:42 --> Undefined variable $totalDamage
in APPPATH\Views\userfol\dashboard.php on line 63.
 1 APPPATH\Views\userfol\dashboard.php(63): CodeIgniter\Debug\Exceptions->errorHandler(2, 'Undefined variable $totalDamage', 'C:\\laragon\\www\\agrisync-main\\app\\Views\\userfol\\dashboard.php', 63)
 2 SYSTEMPATH\View\View.php(226): include('C:\\laragon\\www\\agrisync-main\\app\\Views\\userfol\\dashboard.php')
 3 SYSTEMPATH\View\View.php(229): CodeIgniter\View\View->CodeIgniter\View\{closure}()
 4 SYSTEMPATH\Common.php(1188): CodeIgniter\View\View->render('userfol/dashboard', [], true)
 5 APPPATH\Controllers\LoginController.php(131): view('userfol/dashboard')
 6 SYSTEMPATH\CodeIgniter.php(919): App\Controllers\LoginController->dashboards()
 7 SYSTEMPATH\CodeIgniter.php(494): CodeIgniter\CodeIgniter->runController(Object(App\Controllers\LoginController))
 8 SYSTEMPATH\CodeIgniter.php(353): CodeIgniter\CodeIgniter->handleRequest(null, Object(Config\Cache), false)
 9 FCPATH\index.php(79): CodeIgniter\CodeIgniter->run()
10 SYSTEMPATH\Commands\Server\rewrite.php(47): require_once('C:\\laragon\\www\\agrisync-main\\public\\index.php')
CRITICAL - 2024-02-10 10:51:28 --> Undefined variable $totalDamage
in APPPATH\Views\userfol\dashboard.php on line 63.
 1 APPPATH\Views\userfol\dashboard.php(63): CodeIgniter\Debug\Exceptions->errorHandler(2, 'Undefined variable $totalDamage', 'C:\\laragon\\www\\agrisync-main\\app\\Views\\userfol\\dashboard.php', 63)
 2 SYSTEMPATH\View\View.php(226): include('C:\\laragon\\www\\agrisync-main\\app\\Views\\userfol\\dashboard.php')
 3 SYSTEMPATH\View\View.php(229): CodeIgniter\View\View->CodeIgniter\View\{closure}()
 4 SYSTEMPATH\Common.php(1188): CodeIgniter\View\View->render('userfol/dashboard', [], true)
 5 APPPATH\Controllers\LoginController.php(131): view('userfol/dashboard')
 6 SYSTEMPATH\CodeIgniter.php(919): App\Controllers\LoginController->dashboards()
 7 SYSTEMPATH\CodeIgniter.php(494): CodeIgniter\CodeIgniter->runController(Object(App\Controllers\LoginController))
 8 SYSTEMPATH\CodeIgniter.php(353): CodeIgniter\CodeIgniter->handleRequest(null, Object(Config\Cache), false)
 9 FCPATH\index.php(79): CodeIgniter\CodeIgniter->run()
10 SYSTEMPATH\Commands\Server\rewrite.php(47): require_once('C:\\laragon\\www\\agrisync-main\\public\\index.php')
CRITICAL - 2024-02-10 10:52:36 --> Undefined variable $totalDamage
in APPPATH\Views\userfol\dashboard.php on line 63.
 1 APPPATH\Views\userfol\dashboard.php(63): CodeIgniter\Debug\Exceptions->errorHandler(2, 'Undefined variable $totalDamage', 'C:\\laragon\\www\\agrisync-main\\app\\Views\\userfol\\dashboard.php', 63)
 2 SYSTEMPATH\View\View.php(226): include('C:\\laragon\\www\\agrisync-main\\app\\Views\\userfol\\dashboard.php')
 3 SYSTEMPATH\View\View.php(229): CodeIgniter\View\View->CodeIgniter\View\{closure}()
 4 SYSTEMPATH\Common.php(1188): CodeIgniter\View\View->render('userfol/dashboard', [], true)
 5 APPPATH\Controllers\LoginController.php(131): view('userfol/dashboard')
 6 SYSTEMPATH\CodeIgniter.php(919): App\Controllers\LoginController->dashboards()
 7 SYSTEMPATH\CodeIgniter.php(494): CodeIgniter\CodeIgniter->runController(Object(App\Controllers\LoginController))
 8 SYSTEMPATH\CodeIgniter.php(353): CodeIgniter\CodeIgniter->handleRequest(null, Object(Config\Cache), false)
 9 FCPATH\index.php(79): CodeIgniter\CodeIgniter->run()
10 SYSTEMPATH\Commands\Server\rewrite.php(47): require_once('C:\\laragon\\www\\agrisync-main\\public\\index.php')
CRITICAL - 2024-02-10 10:52:38 --> Undefined variable $totalDamage
in APPPATH\Views\userfol\dashboard.php on line 63.
 1 APPPATH\Views\userfol\dashboard.php(63): CodeIgniter\Debug\Exceptions->errorHandler(2, 'Undefined variable $totalDamage', 'C:\\laragon\\www\\agrisync-main\\app\\Views\\userfol\\dashboard.php', 63)
 2 SYSTEMPATH\View\View.php(226): include('C:\\laragon\\www\\agrisync-main\\app\\Views\\userfol\\dashboard.php')
 3 SYSTEMPATH\View\View.php(229): CodeIgniter\View\View->CodeIgniter\View\{closure}()
 4 SYSTEMPATH\Common.php(1188): CodeIgniter\View\View->render('userfol/dashboard', [], true)
 5 APPPATH\Controllers\LoginController.php(131): view('userfol/dashboard')
 6 SYSTEMPATH\CodeIgniter.php(919): App\Controllers\LoginController->dashboards()
 7 SYSTEMPATH\CodeIgniter.php(494): CodeIgniter\CodeIgniter->runController(Object(App\Controllers\LoginController))
 8 SYSTEMPATH\CodeIgniter.php(353): CodeIgniter\CodeIgniter->handleRequest(null, Object(Config\Cache), false)
 9 FCPATH\index.php(79): CodeIgniter\CodeIgniter->run()
10 SYSTEMPATH\Commands\Server\rewrite.php(47): require_once('C:\\laragon\\www\\agrisync-main\\public\\index.php')
CRITICAL - 2024-02-10 10:52:38 --> Undefined variable $totalDamage
in APPPATH\Views\userfol\dashboard.php on line 63.
 1 APPPATH\Views\userfol\dashboard.php(63): CodeIgniter\Debug\Exceptions->errorHandler(2, 'Undefined variable $totalDamage', 'C:\\laragon\\www\\agrisync-main\\app\\Views\\userfol\\dashboard.php', 63)
 2 SYSTEMPATH\View\View.php(226): include('C:\\laragon\\www\\agrisync-main\\app\\Views\\userfol\\dashboard.php')
 3 SYSTEMPATH\View\View.php(229): CodeIgniter\View\View->CodeIgniter\View\{closure}()
 4 SYSTEMPATH\Common.php(1188): CodeIgniter\View\View->render('userfol/dashboard', [], true)
 5 APPPATH\Controllers\LoginController.php(131): view('userfol/dashboard')
 6 SYSTEMPATH\CodeIgniter.php(919): App\Controllers\LoginController->dashboards()
 7 SYSTEMPATH\CodeIgniter.php(494): CodeIgniter\CodeIgniter->runController(Object(App\Controllers\LoginController))
 8 SYSTEMPATH\CodeIgniter.php(353): CodeIgniter\CodeIgniter->handleRequest(null, Object(Config\Cache), false)
 9 FCPATH\index.php(79): CodeIgniter\CodeIgniter->run()
10 SYSTEMPATH\Commands\Server\rewrite.php(47): require_once('C:\\laragon\\www\\agrisync-main\\public\\index.php')
CRITICAL - 2024-02-10 10:52:39 --> Undefined variable $totalDamage
in APPPATH\Views\userfol\dashboard.php on line 63.
 1 APPPATH\Views\userfol\dashboard.php(63): CodeIgniter\Debug\Exceptions->errorHandler(2, 'Undefined variable $totalDamage', 'C:\\laragon\\www\\agrisync-main\\app\\Views\\userfol\\dashboard.php', 63)
 2 SYSTEMPATH\View\View.php(226): include('C:\\laragon\\www\\agrisync-main\\app\\Views\\userfol\\dashboard.php')
 3 SYSTEMPATH\View\View.php(229): CodeIgniter\View\View->CodeIgniter\View\{closure}()
 4 SYSTEMPATH\Common.php(1188): CodeIgniter\View\View->render('userfol/dashboard', [], true)
 5 APPPATH\Controllers\LoginController.php(131): view('userfol/dashboard')
 6 SYSTEMPATH\CodeIgniter.php(919): App\Controllers\LoginController->dashboards()
 7 SYSTEMPATH\CodeIgniter.php(494): CodeIgniter\CodeIgniter->runController(Object(App\Controllers\LoginController))
 8 SYSTEMPATH\CodeIgniter.php(353): CodeIgniter\CodeIgniter->handleRequest(null, Object(Config\Cache), false)
 9 FCPATH\index.php(79): CodeIgniter\CodeIgniter->run()
10 SYSTEMPATH\Commands\Server\rewrite.php(47): require_once('C:\\laragon\\www\\agrisync-main\\public\\index.php')
CRITICAL - 2024-02-10 10:56:11 --> Undefined variable $totalDamage
in APPPATH\Views\userfol\dashboard.php on line 63.
 1 APPPATH\Views\userfol\dashboard.php(63): CodeIgniter\Debug\Exceptions->errorHandler(2, 'Undefined variable $totalDamage', 'C:\\laragon\\www\\agrisync-main\\app\\Views\\userfol\\dashboard.php', 63)
 2 SYSTEMPATH\View\View.php(226): include('C:\\laragon\\www\\agrisync-main\\app\\Views\\userfol\\dashboard.php')
 3 SYSTEMPATH\View\View.php(229): CodeIgniter\View\View->CodeIgniter\View\{closure}()
 4 SYSTEMPATH\Common.php(1188): CodeIgniter\View\View->render('userfol/dashboard', [], true)
 5 APPPATH\Controllers\LoginController.php(131): view('userfol/dashboard')
 6 SYSTEMPATH\CodeIgniter.php(919): App\Controllers\LoginController->dashboards()
 7 SYSTEMPATH\CodeIgniter.php(494): CodeIgniter\CodeIgniter->runController(Object(App\Controllers\LoginController))
 8 SYSTEMPATH\CodeIgniter.php(353): CodeIgniter\CodeIgniter->handleRequest(null, Object(Config\Cache), false)
 9 FCPATH\index.php(79): CodeIgniter\CodeIgniter->run()
10 SYSTEMPATH\Commands\Server\rewrite.php(47): require_once('C:\\laragon\\www\\agrisync-main\\public\\index.php')
CRITICAL - 2024-02-10 10:57:04 --> Undefined variable $totalDamage
in APPPATH\Views\userfol\dashboard.php on line 63.
 1 APPPATH\Views\userfol\dashboard.php(63): CodeIgniter\Debug\Exceptions->errorHandler(2, 'Undefined variable $totalDamage', 'C:\\laragon\\www\\agrisync-main\\app\\Views\\userfol\\dashboard.php', 63)
 2 SYSTEMPATH\View\View.php(226): include('C:\\laragon\\www\\agrisync-main\\app\\Views\\userfol\\dashboard.php')
 3 SYSTEMPATH\View\View.php(229): CodeIgniter\View\View->CodeIgniter\View\{closure}()
 4 SYSTEMPATH\Common.php(1188): CodeIgniter\View\View->render('userfol/dashboard', [], true)
 5 APPPATH\Controllers\LoginController.php(131): view('userfol/dashboard')
 6 SYSTEMPATH\CodeIgniter.php(919): App\Controllers\LoginController->dashboards()
 7 SYSTEMPATH\CodeIgniter.php(494): CodeIgniter\CodeIgniter->runController(Object(App\Controllers\LoginController))
 8 SYSTEMPATH\CodeIgniter.php(353): CodeIgniter\CodeIgniter->handleRequest(null, Object(Config\Cache), false)
 9 FCPATH\index.php(79): CodeIgniter\CodeIgniter->run()
10 SYSTEMPATH\Commands\Server\rewrite.php(47): require_once('C:\\laragon\\www\\agrisync-main\\public\\index.php')
CRITICAL - 2024-02-10 11:02:15 --> Undefined variable $totalDamage
in APPPATH\Views\userfol\dashboard.php on line 63.
 1 APPPATH\Views\userfol\dashboard.php(63): CodeIgniter\Debug\Exceptions->errorHandler(2, 'Undefined variable $totalDamage', 'C:\\laragon\\www\\agrisync-main\\app\\Views\\userfol\\dashboard.php', 63)
 2 SYSTEMPATH\View\View.php(226): include('C:\\laragon\\www\\agrisync-main\\app\\Views\\userfol\\dashboard.php')
 3 SYSTEMPATH\View\View.php(229): CodeIgniter\View\View->CodeIgniter\View\{closure}()
 4 SYSTEMPATH\Common.php(1188): CodeIgniter\View\View->render('userfol/dashboard', [], true)
 5 APPPATH\Controllers\LoginController.php(131): view('userfol/dashboard')
 6 SYSTEMPATH\CodeIgniter.php(919): App\Controllers\LoginController->dashboards()
 7 SYSTEMPATH\CodeIgniter.php(494): CodeIgniter\CodeIgniter->runController(Object(App\Controllers\LoginController))
 8 SYSTEMPATH\CodeIgniter.php(353): CodeIgniter\CodeIgniter->handleRequest(null, Object(Config\Cache), false)
 9 FCPATH\index.php(79): CodeIgniter\CodeIgniter->run()
10 SYSTEMPATH\Commands\Server\rewrite.php(47): require_once('C:\\laragon\\www\\agrisync-main\\public\\index.php')
CRITICAL - 2024-02-10 11:02:21 --> Undefined variable $totalDamage
in APPPATH\Views\userfol\dashboard.php on line 63.
 1 APPPATH\Views\userfol\dashboard.php(63): CodeIgniter\Debug\Exceptions->errorHandler(2, 'Undefined variable $totalDamage', 'C:\\laragon\\www\\agrisync-main\\app\\Views\\userfol\\dashboard.php', 63)
 2 SYSTEMPATH\View\View.php(226): include('C:\\laragon\\www\\agrisync-main\\app\\Views\\userfol\\dashboard.php')
 3 SYSTEMPATH\View\View.php(229): CodeIgniter\View\View->CodeIgniter\View\{closure}()
 4 SYSTEMPATH\Common.php(1188): CodeIgniter\View\View->render('userfol/dashboard', [], true)
 5 APPPATH\Controllers\LoginController.php(131): view('userfol/dashboard')
 6 SYSTEMPATH\CodeIgniter.php(919): App\Controllers\LoginController->dashboards()
 7 SYSTEMPATH\CodeIgniter.php(494): CodeIgniter\CodeIgniter->runController(Object(App\Controllers\LoginController))
 8 SYSTEMPATH\CodeIgniter.php(353): CodeIgniter\CodeIgniter->handleRequest(null, Object(Config\Cache), false)
 9 FCPATH\index.php(79): CodeIgniter\CodeIgniter->run()
10 SYSTEMPATH\Commands\Server\rewrite.php(47): require_once('C:\\laragon\\www\\agrisync-main\\public\\index.php')
CRITICAL - 2024-02-10 11:03:34 --> Undefined variable $totaldamages
in APPPATH\Views\userfol\dashboard.php on line 63.
 1 APPPATH\Views\userfol\dashboard.php(63): CodeIgniter\Debug\Exceptions->errorHandler(2, 'Undefined variable $totaldamages', 'C:\\laragon\\www\\agrisync-main\\app\\Views\\userfol\\dashboard.php', 63)
 2 SYSTEMPATH\View\View.php(226): include('C:\\laragon\\www\\agrisync-main\\app\\Views\\userfol\\dashboard.php')
 3 SYSTEMPATH\View\View.php(229): CodeIgniter\View\View->CodeIgniter\View\{closure}()
 4 SYSTEMPATH\Common.php(1188): CodeIgniter\View\View->render('userfol/dashboard', [], true)
 5 APPPATH\Controllers\LoginController.php(131): view('userfol/dashboard')
 6 SYSTEMPATH\CodeIgniter.php(919): App\Controllers\LoginController->dashboards()
 7 SYSTEMPATH\CodeIgniter.php(494): CodeIgniter\CodeIgniter->runController(Object(App\Controllers\LoginController))
 8 SYSTEMPATH\CodeIgniter.php(353): CodeIgniter\CodeIgniter->handleRequest(null, Object(Config\Cache), false)
 9 FCPATH\index.php(79): CodeIgniter\CodeIgniter->run()
10 SYSTEMPATH\Commands\Server\rewrite.php(47): require_once('C:\\laragon\\www\\agrisync-main\\public\\index.php')
CRITICAL - 2024-02-10 11:11:54 --> Undefined variable $totalDamage
in APPPATH\Views\userfol\dashboard.php on line 63.
 1 APPPATH\Views\userfol\dashboard.php(63): CodeIgniter\Debug\Exceptions->errorHandler(2, 'Undefined variable $totalDamage', 'C:\\laragon\\www\\agrisync-main\\app\\Views\\userfol\\dashboard.php', 63)
 2 SYSTEMPATH\View\View.php(226): include('C:\\laragon\\www\\agrisync-main\\app\\Views\\userfol\\dashboard.php')
 3 SYSTEMPATH\View\View.php(229): CodeIgniter\View\View->CodeIgniter\View\{closure}()
 4 SYSTEMPATH\Common.php(1188): CodeIgniter\View\View->render('userfol/dashboard', [], true)
 5 APPPATH\Controllers\LoginController.php(131): view('userfol/dashboard')
 6 SYSTEMPATH\CodeIgniter.php(919): App\Controllers\LoginController->dashboards()
 7 SYSTEMPATH\CodeIgniter.php(494): CodeIgniter\CodeIgniter->runController(Object(App\Controllers\LoginController))
 8 SYSTEMPATH\CodeIgniter.php(353): CodeIgniter\CodeIgniter->handleRequest(null, Object(Config\Cache), false)
 9 FCPATH\index.php(79): CodeIgniter\CodeIgniter->run()
10 SYSTEMPATH\Commands\Server\rewrite.php(47): require_once('C:\\laragon\\www\\agrisync-main\\public\\index.php')
CRITICAL - 2024-02-10 11:12:10 --> Undefined variable $totaldamages
in APPPATH\Views\userfol\dashboard.php on line 63.
 1 APPPATH\Views\userfol\dashboard.php(63): CodeIgniter\Debug\Exceptions->errorHandler(2, 'Undefined variable $totaldamages', 'C:\\laragon\\www\\agrisync-main\\app\\Views\\userfol\\dashboard.php', 63)
 2 SYSTEMPATH\View\View.php(226): include('C:\\laragon\\www\\agrisync-main\\app\\Views\\userfol\\dashboard.php')
 3 SYSTEMPATH\View\View.php(229): CodeIgniter\View\View->CodeIgniter\View\{closure}()
 4 SYSTEMPATH\Common.php(1188): CodeIgniter\View\View->render('userfol/dashboard', [], true)
 5 APPPATH\Controllers\LoginController.php(131): view('userfol/dashboard')
 6 SYSTEMPATH\CodeIgniter.php(919): App\Controllers\LoginController->dashboards()
 7 SYSTEMPATH\CodeIgniter.php(494): CodeIgniter\CodeIgniter->runController(Object(App\Controllers\LoginController))
 8 SYSTEMPATH\CodeIgniter.php(353): CodeIgniter\CodeIgniter->handleRequest(null, Object(Config\Cache), false)
 9 FCPATH\index.php(79): CodeIgniter\CodeIgniter->run()
10 SYSTEMPATH\Commands\Server\rewrite.php(47): require_once('C:\\laragon\\www\\agrisync-main\\public\\index.php')
CRITICAL - 2024-02-10 11:12:35 --> Undefined variable $totaldamages
in APPPATH\Views\userfol\dashboard.php on line 63.
 1 APPPATH\Views\userfol\dashboard.php(63): CodeIgniter\Debug\Exceptions->errorHandler(2, 'Undefined variable $totaldamages', 'C:\\laragon\\www\\agrisync-main\\app\\Views\\userfol\\dashboard.php', 63)
 2 SYSTEMPATH\View\View.php(226): include('C:\\laragon\\www\\agrisync-main\\app\\Views\\userfol\\dashboard.php')
 3 SYSTEMPATH\View\View.php(229): CodeIgniter\View\View->CodeIgniter\View\{closure}()
 4 SYSTEMPATH\Common.php(1188): CodeIgniter\View\View->render('userfol/dashboard', [], true)
 5 APPPATH\Controllers\LoginController.php(131): view('userfol/dashboard')
 6 SYSTEMPATH\CodeIgniter.php(919): App\Controllers\LoginController->dashboards()
 7 SYSTEMPATH\CodeIgniter.php(494): CodeIgniter\CodeIgniter->runController(Object(App\Controllers\LoginController))
 8 SYSTEMPATH\CodeIgniter.php(353): CodeIgniter\CodeIgniter->handleRequest(null, Object(Config\Cache), false)
 9 FCPATH\index.php(79): CodeIgniter\CodeIgniter->run()
10 SYSTEMPATH\Commands\Server\rewrite.php(47): require_once('C:\\laragon\\www\\agrisync-main\\public\\index.php')
CRITICAL - 2024-02-10 11:12:36 --> Undefined variable $totaldamages
in APPPATH\Views\userfol\dashboard.php on line 63.
 1 APPPATH\Views\userfol\dashboard.php(63): CodeIgniter\Debug\Exceptions->errorHandler(2, 'Undefined variable $totaldamages', 'C:\\laragon\\www\\agrisync-main\\app\\Views\\userfol\\dashboard.php', 63)
 2 SYSTEMPATH\View\View.php(226): include('C:\\laragon\\www\\agrisync-main\\app\\Views\\userfol\\dashboard.php')
 3 SYSTEMPATH\View\View.php(229): CodeIgniter\View\View->CodeIgniter\View\{closure}()
 4 SYSTEMPATH\Common.php(1188): CodeIgniter\View\View->render('userfol/dashboard', [], true)
 5 APPPATH\Controllers\LoginController.php(131): view('userfol/dashboard')
 6 SYSTEMPATH\CodeIgniter.php(919): App\Controllers\LoginController->dashboards()
 7 SYSTEMPATH\CodeIgniter.php(494): CodeIgniter\CodeIgniter->runController(Object(App\Controllers\LoginController))
 8 SYSTEMPATH\CodeIgniter.php(353): CodeIgniter\CodeIgniter->handleRequest(null, Object(Config\Cache), false)
 9 FCPATH\index.php(79): CodeIgniter\CodeIgniter->run()
10 SYSTEMPATH\Commands\Server\rewrite.php(47): require_once('C:\\laragon\\www\\agrisync-main\\public\\index.php')
CRITICAL - 2024-02-10 11:13:20 --> Undefined variable $totaldamages
in APPPATH\Views\userfol\dashboard.php on line 63.
 1 APPPATH\Views\userfol\dashboard.php(63): CodeIgniter\Debug\Exceptions->errorHandler(2, 'Undefined variable $totaldamages', 'C:\\laragon\\www\\agrisync-main\\app\\Views\\userfol\\dashboard.php', 63)
 2 SYSTEMPATH\View\View.php(226): include('C:\\laragon\\www\\agrisync-main\\app\\Views\\userfol\\dashboard.php')
 3 SYSTEMPATH\View\View.php(229): CodeIgniter\View\View->CodeIgniter\View\{closure}()
 4 SYSTEMPATH\Common.php(1188): CodeIgniter\View\View->render('userfol/dashboard', [], true)
 5 APPPATH\Controllers\LoginController.php(131): view('userfol/dashboard')
 6 SYSTEMPATH\CodeIgniter.php(919): App\Controllers\LoginController->dashboards()
 7 SYSTEMPATH\CodeIgniter.php(494): CodeIgniter\CodeIgniter->runController(Object(App\Controllers\LoginController))
 8 SYSTEMPATH\CodeIgniter.php(353): CodeIgniter\CodeIgniter->handleRequest(null, Object(Config\Cache), false)
 9 FCPATH\index.php(79): CodeIgniter\CodeIgniter->run()
10 SYSTEMPATH\Commands\Server\rewrite.php(47): require_once('C:\\laragon\\www\\agrisync-main\\public\\index.php')
CRITICAL - 2024-02-10 11:13:21 --> Undefined variable $totaldamages
in APPPATH\Views\userfol\dashboard.php on line 63.
 1 APPPATH\Views\userfol\dashboard.php(63): CodeIgniter\Debug\Exceptions->errorHandler(2, 'Undefined variable $totaldamages', 'C:\\laragon\\www\\agrisync-main\\app\\Views\\userfol\\dashboard.php', 63)
 2 SYSTEMPATH\View\View.php(226): include('C:\\laragon\\www\\agrisync-main\\app\\Views\\userfol\\dashboard.php')
 3 SYSTEMPATH\View\View.php(229): CodeIgniter\View\View->CodeIgniter\View\{closure}()
 4 SYSTEMPATH\Common.php(1188): CodeIgniter\View\View->render('userfol/dashboard', [], true)
 5 APPPATH\Controllers\LoginController.php(131): view('userfol/dashboard')
 6 SYSTEMPATH\CodeIgniter.php(919): App\Controllers\LoginController->dashboards()
 7 SYSTEMPATH\CodeIgniter.php(494): CodeIgniter\CodeIgniter->runController(Object(App\Controllers\LoginController))
 8 SYSTEMPATH\CodeIgniter.php(353): CodeIgniter\CodeIgniter->handleRequest(null, Object(Config\Cache), false)
 9 FCPATH\index.php(79): CodeIgniter\CodeIgniter->run()
10 SYSTEMPATH\Commands\Server\rewrite.php(47): require_once('C:\\laragon\\www\\agrisync-main\\public\\index.php')
CRITICAL - 2024-02-10 11:13:22 --> Undefined variable $totaldamages
in APPPATH\Views\userfol\dashboard.php on line 63.
 1 APPPATH\Views\userfol\dashboard.php(63): CodeIgniter\Debug\Exceptions->errorHandler(2, 'Undefined variable $totaldamages', 'C:\\laragon\\www\\agrisync-main\\app\\Views\\userfol\\dashboard.php', 63)
 2 SYSTEMPATH\View\View.php(226): include('C:\\laragon\\www\\agrisync-main\\app\\Views\\userfol\\dashboard.php')
 3 SYSTEMPATH\View\View.php(229): CodeIgniter\View\View->CodeIgniter\View\{closure}()
 4 SYSTEMPATH\Common.php(1188): CodeIgniter\View\View->render('userfol/dashboard', [], true)
 5 APPPATH\Controllers\LoginController.php(131): view('userfol/dashboard')
 6 SYSTEMPATH\CodeIgniter.php(919): App\Controllers\LoginController->dashboards()
 7 SYSTEMPATH\CodeIgniter.php(494): CodeIgniter\CodeIgniter->runController(Object(App\Controllers\LoginController))
 8 SYSTEMPATH\CodeIgniter.php(353): CodeIgniter\CodeIgniter->handleRequest(null, Object(Config\Cache), false)
 9 FCPATH\index.php(79): CodeIgniter\CodeIgniter->run()
10 SYSTEMPATH\Commands\Server\rewrite.php(47): require_once('C:\\laragon\\www\\agrisync-main\\public\\index.php')
CRITICAL - 2024-02-10 11:17:25 --> Undefined variable $totaldamages
in APPPATH\Views\userfol\dashboard.php on line 63.
 1 APPPATH\Views\userfol\dashboard.php(63): CodeIgniter\Debug\Exceptions->errorHandler(2, 'Undefined variable $totaldamages', 'C:\\laragon\\www\\agrisync-main\\app\\Views\\userfol\\dashboard.php', 63)
 2 SYSTEMPATH\View\View.php(226): include('C:\\laragon\\www\\agrisync-main\\app\\Views\\userfol\\dashboard.php')
 3 SYSTEMPATH\View\View.php(229): CodeIgniter\View\View->CodeIgniter\View\{closure}()
 4 SYSTEMPATH\Common.php(1188): CodeIgniter\View\View->render('userfol/dashboard', [], true)
 5 APPPATH\Controllers\LoginController.php(131): view('userfol/dashboard')
 6 SYSTEMPATH\CodeIgniter.php(919): App\Controllers\LoginController->dashboards()
 7 SYSTEMPATH\CodeIgniter.php(494): CodeIgniter\CodeIgniter->runController(Object(App\Controllers\LoginController))
 8 SYSTEMPATH\CodeIgniter.php(353): CodeIgniter\CodeIgniter->handleRequest(null, Object(Config\Cache), false)
 9 FCPATH\index.php(79): CodeIgniter\CodeIgniter->run()
10 SYSTEMPATH\Commands\Server\rewrite.php(47): require_once('C:\\laragon\\www\\agrisync-main\\public\\index.php')
CRITICAL - 2024-02-10 11:17:26 --> Undefined variable $totaldamages
in APPPATH\Views\userfol\dashboard.php on line 63.
 1 APPPATH\Views\userfol\dashboard.php(63): CodeIgniter\Debug\Exceptions->errorHandler(2, 'Undefined variable $totaldamages', 'C:\\laragon\\www\\agrisync-main\\app\\Views\\userfol\\dashboard.php', 63)
 2 SYSTEMPATH\View\View.php(226): include('C:\\laragon\\www\\agrisync-main\\app\\Views\\userfol\\dashboard.php')
 3 SYSTEMPATH\View\View.php(229): CodeIgniter\View\View->CodeIgniter\View\{closure}()
 4 SYSTEMPATH\Common.php(1188): CodeIgniter\View\View->render('userfol/dashboard', [], true)
 5 APPPATH\Controllers\LoginController.php(131): view('userfol/dashboard')
 6 SYSTEMPATH\CodeIgniter.php(919): App\Controllers\LoginController->dashboards()
 7 SYSTEMPATH\CodeIgniter.php(494): CodeIgniter\CodeIgniter->runController(Object(App\Controllers\LoginController))
 8 SYSTEMPATH\CodeIgniter.php(353): CodeIgniter\CodeIgniter->handleRequest(null, Object(Config\Cache), false)
 9 FCPATH\index.php(79): CodeIgniter\CodeIgniter->run()
10 SYSTEMPATH\Commands\Server\rewrite.php(47): require_once('C:\\laragon\\www\\agrisync-main\\public\\index.php')
CRITICAL - 2024-02-10 11:17:26 --> Undefined variable $totaldamages
in APPPATH\Views\userfol\dashboard.php on line 63.
 1 APPPATH\Views\userfol\dashboard.php(63): CodeIgniter\Debug\Exceptions->errorHandler(2, 'Undefined variable $totaldamages', 'C:\\laragon\\www\\agrisync-main\\app\\Views\\userfol\\dashboard.php', 63)
 2 SYSTEMPATH\View\View.php(226): include('C:\\laragon\\www\\agrisync-main\\app\\Views\\userfol\\dashboard.php')
 3 SYSTEMPATH\View\View.php(229): CodeIgniter\View\View->CodeIgniter\View\{closure}()
 4 SYSTEMPATH\Common.php(1188): CodeIgniter\View\View->render('userfol/dashboard', [], true)
 5 APPPATH\Controllers\LoginController.php(131): view('userfol/dashboard')
 6 SYSTEMPATH\CodeIgniter.php(919): App\Controllers\LoginController->dashboards()
 7 SYSTEMPATH\CodeIgniter.php(494): CodeIgniter\CodeIgniter->runController(Object(App\Controllers\LoginController))
 8 SYSTEMPATH\CodeIgniter.php(353): CodeIgniter\CodeIgniter->handleRequest(null, Object(Config\Cache), false)
 9 FCPATH\index.php(79): CodeIgniter\CodeIgniter->run()
10 SYSTEMPATH\Commands\Server\rewrite.php(47): require_once('C:\\laragon\\www\\agrisync-main\\public\\index.php')
CRITICAL - 2024-02-10 11:17:31 --> Undefined variable $totaldamages
in APPPATH\Views\userfol\dashboard.php on line 63.
 1 APPPATH\Views\userfol\dashboard.php(63): CodeIgniter\Debug\Exceptions->errorHandler(2, 'Undefined variable $totaldamages', 'C:\\laragon\\www\\agrisync-main\\app\\Views\\userfol\\dashboard.php', 63)
 2 SYSTEMPATH\View\View.php(226): include('C:\\laragon\\www\\agrisync-main\\app\\Views\\userfol\\dashboard.php')
 3 SYSTEMPATH\View\View.php(229): CodeIgniter\View\View->CodeIgniter\View\{closure}()
 4 SYSTEMPATH\Common.php(1188): CodeIgniter\View\View->render('userfol/dashboard', [], true)
 5 APPPATH\Controllers\LoginController.php(131): view('userfol/dashboard')
 6 SYSTEMPATH\CodeIgniter.php(919): App\Controllers\LoginController->dashboards()
 7 SYSTEMPATH\CodeIgniter.php(494): CodeIgniter\CodeIgniter->runController(Object(App\Controllers\LoginController))
 8 SYSTEMPATH\CodeIgniter.php(353): CodeIgniter\CodeIgniter->handleRequest(null, Object(Config\Cache), false)
 9 FCPATH\index.php(79): CodeIgniter\CodeIgniter->run()
10 SYSTEMPATH\Commands\Server\rewrite.php(47): require_once('C:\\laragon\\www\\agrisync-main\\public\\index.php')
CRITICAL - 2024-02-10 11:18:25 --> Undefined variable $totaldamages
in APPPATH\Views\userfol\dashboard.php on line 63.
 1 APPPATH\Views\userfol\dashboard.php(63): CodeIgniter\Debug\Exceptions->errorHandler(2, 'Undefined variable $totaldamages', 'C:\\laragon\\www\\agrisync-main\\app\\Views\\userfol\\dashboard.php', 63)
 2 SYSTEMPATH\View\View.php(226): include('C:\\laragon\\www\\agrisync-main\\app\\Views\\userfol\\dashboard.php')
 3 SYSTEMPATH\View\View.php(229): CodeIgniter\View\View->CodeIgniter\View\{closure}()
 4 SYSTEMPATH\Common.php(1188): CodeIgniter\View\View->render('userfol/dashboard', [], true)
 5 APPPATH\Controllers\LoginController.php(131): view('userfol/dashboard')
 6 SYSTEMPATH\CodeIgniter.php(919): App\Controllers\LoginController->dashboards()
 7 SYSTEMPATH\CodeIgniter.php(494): CodeIgniter\CodeIgniter->runController(Object(App\Controllers\LoginController))
 8 SYSTEMPATH\CodeIgniter.php(353): CodeIgniter\CodeIgniter->handleRequest(null, Object(Config\Cache), false)
 9 FCPATH\index.php(79): CodeIgniter\CodeIgniter->run()
10 SYSTEMPATH\Commands\Server\rewrite.php(47): require_once('C:\\laragon\\www\\agrisync-main\\public\\index.php')
CRITICAL - 2024-02-10 11:18:35 --> Undefined variable $totalDamage
in APPPATH\Views\userfol\dashboard.php on line 63.
 1 APPPATH\Views\userfol\dashboard.php(63): CodeIgniter\Debug\Exceptions->errorHandler(2, 'Undefined variable $totalDamage', 'C:\\laragon\\www\\agrisync-main\\app\\Views\\userfol\\dashboard.php', 63)
 2 SYSTEMPATH\View\View.php(226): include('C:\\laragon\\www\\agrisync-main\\app\\Views\\userfol\\dashboard.php')
 3 SYSTEMPATH\View\View.php(229): CodeIgniter\View\View->CodeIgniter\View\{closure}()
 4 SYSTEMPATH\Common.php(1188): CodeIgniter\View\View->render('userfol/dashboard', [], true)
 5 APPPATH\Controllers\LoginController.php(131): view('userfol/dashboard')
 6 SYSTEMPATH\CodeIgniter.php(919): App\Controllers\LoginController->dashboards()
 7 SYSTEMPATH\CodeIgniter.php(494): CodeIgniter\CodeIgniter->runController(Object(App\Controllers\LoginController))
 8 SYSTEMPATH\CodeIgniter.php(353): CodeIgniter\CodeIgniter->handleRequest(null, Object(Config\Cache), false)
 9 FCPATH\index.php(79): CodeIgniter\CodeIgniter->run()
10 SYSTEMPATH\Commands\Server\rewrite.php(47): require_once('C:\\laragon\\www\\agrisync-main\\public\\index.php')
CRITICAL - 2024-02-10 11:19:07 --> Undefined variable $totalDamage
in APPPATH\Views\userfol\dashboard.php on line 63.
 1 APPPATH\Views\userfol\dashboard.php(63): CodeIgniter\Debug\Exceptions->errorHandler(2, 'Undefined variable $totalDamage', 'C:\\laragon\\www\\agrisync-main\\app\\Views\\userfol\\dashboard.php', 63)
 2 SYSTEMPATH\View\View.php(226): include('C:\\laragon\\www\\agrisync-main\\app\\Views\\userfol\\dashboard.php')
 3 SYSTEMPATH\View\View.php(229): CodeIgniter\View\View->CodeIgniter\View\{closure}()
 4 SYSTEMPATH\Common.php(1188): CodeIgniter\View\View->render('userfol/dashboard', [], true)
 5 APPPATH\Controllers\LoginController.php(131): view('userfol/dashboard')
 6 SYSTEMPATH\CodeIgniter.php(919): App\Controllers\LoginController->dashboards()
 7 SYSTEMPATH\CodeIgniter.php(494): CodeIgniter\CodeIgniter->runController(Object(App\Controllers\LoginController))
 8 SYSTEMPATH\CodeIgniter.php(353): CodeIgniter\CodeIgniter->handleRequest(null, Object(Config\Cache), false)
 9 FCPATH\index.php(79): CodeIgniter\CodeIgniter->run()
10 SYSTEMPATH\Commands\Server\rewrite.php(47): require_once('C:\\laragon\\www\\agrisync-main\\public\\index.php')
CRITICAL - 2024-02-10 11:20:11 --> Undefined variable $totaldamages
in APPPATH\Views\userfol\dashboard.php on line 63.
 1 APPPATH\Views\userfol\dashboard.php(63): CodeIgniter\Debug\Exceptions->errorHandler(2, 'Undefined variable $totaldamages', 'C:\\laragon\\www\\agrisync-main\\app\\Views\\userfol\\dashboard.php', 63)
 2 SYSTEMPATH\View\View.php(226): include('C:\\laragon\\www\\agrisync-main\\app\\Views\\userfol\\dashboard.php')
 3 SYSTEMPATH\View\View.php(229): CodeIgniter\View\View->CodeIgniter\View\{closure}()
 4 SYSTEMPATH\Common.php(1188): CodeIgniter\View\View->render('userfol/dashboard', [], true)
 5 APPPATH\Controllers\LoginController.php(131): view('userfol/dashboard')
 6 SYSTEMPATH\CodeIgniter.php(919): App\Controllers\LoginController->dashboards()
 7 SYSTEMPATH\CodeIgniter.php(494): CodeIgniter\CodeIgniter->runController(Object(App\Controllers\LoginController))
 8 SYSTEMPATH\CodeIgniter.php(353): CodeIgniter\CodeIgniter->handleRequest(null, Object(Config\Cache), false)
 9 FCPATH\index.php(79): CodeIgniter\CodeIgniter->run()
10 SYSTEMPATH\Commands\Server\rewrite.php(47): require_once('C:\\laragon\\www\\agrisync-main\\public\\index.php')
CRITICAL - 2024-02-10 11:20:23 --> Undefined variable $totalDamage
in APPPATH\Views\userfol\dashboard.php on line 63.
 1 APPPATH\Views\userfol\dashboard.php(63): CodeIgniter\Debug\Exceptions->errorHandler(2, 'Undefined variable $totalDamage', 'C:\\laragon\\www\\agrisync-main\\app\\Views\\userfol\\dashboard.php', 63)
 2 SYSTEMPATH\View\View.php(226): include('C:\\laragon\\www\\agrisync-main\\app\\Views\\userfol\\dashboard.php')
 3 SYSTEMPATH\View\View.php(229): CodeIgniter\View\View->CodeIgniter\View\{closure}()
 4 SYSTEMPATH\Common.php(1188): CodeIgniter\View\View->render('userfol/dashboard', [], true)
 5 APPPATH\Controllers\LoginController.php(131): view('userfol/dashboard')
 6 SYSTEMPATH\CodeIgniter.php(919): App\Controllers\LoginController->dashboards()
 7 SYSTEMPATH\CodeIgniter.php(494): CodeIgniter\CodeIgniter->runController(Object(App\Controllers\LoginController))
 8 SYSTEMPATH\CodeIgniter.php(353): CodeIgniter\CodeIgniter->handleRequest(null, Object(Config\Cache), false)
 9 FCPATH\index.php(79): CodeIgniter\CodeIgniter->run()
10 SYSTEMPATH\Commands\Server\rewrite.php(47): require_once('C:\\laragon\\www\\agrisync-main\\public\\index.php')
CRITICAL - 2024-02-10 12:01:15 --> Undefined variable $totalDamage
in APPPATH\Views\userfol\dashboard.php on line 63.
 1 APPPATH\Views\userfol\dashboard.php(63): CodeIgniter\Debug\Exceptions->errorHandler(2, 'Undefined variable $totalDamage', 'C:\\laragon\\www\\agrisync-main\\app\\Views\\userfol\\dashboard.php', 63)
 2 SYSTEMPATH\View\View.php(226): include('C:\\laragon\\www\\agrisync-main\\app\\Views\\userfol\\dashboard.php')
 3 SYSTEMPATH\View\View.php(229): CodeIgniter\View\View->CodeIgniter\View\{closure}()
 4 SYSTEMPATH\Common.php(1188): CodeIgniter\View\View->render('userfol/dashboard', [], true)
 5 APPPATH\Controllers\LoginController.php(131): view('userfol/dashboard')
 6 SYSTEMPATH\CodeIgniter.php(919): App\Controllers\LoginController->dashboards()
 7 SYSTEMPATH\CodeIgniter.php(494): CodeIgniter\CodeIgniter->runController(Object(App\Controllers\LoginController))
 8 SYSTEMPATH\CodeIgniter.php(353): CodeIgniter\CodeIgniter->handleRequest(null, Object(Config\Cache), false)
 9 FCPATH\index.php(79): CodeIgniter\CodeIgniter->run()
10 SYSTEMPATH\Commands\Server\rewrite.php(47): require_once('C:\\laragon\\www\\agrisync-main\\public\\index.php')
CRITICAL - 2024-02-10 12:08:06 --> Undefined variable $chartData
in APPPATH\Views\userfol\report.php on line 68.
 1 APPPATH\Views\userfol\report.php(68): CodeIgniter\Debug\Exceptions->errorHandler(2, 'Undefined variable $chartData', 'C:\\laragon\\www\\agrisync-main\\app\\Views\\userfol\\report.php', 68)
 2 SYSTEMPATH\View\View.php(226): include('C:\\laragon\\www\\agrisync-main\\app\\Views\\userfol\\report.php')
 3 SYSTEMPATH\View\View.php(229): CodeIgniter\View\View->CodeIgniter\View\{closure}()
 4 SYSTEMPATH\Common.php(1188): CodeIgniter\View\View->render('userfol/report', [], true)
 5 APPPATH\Controllers\LoginController.php(155): view('userfol/report')
 6 SYSTEMPATH\CodeIgniter.php(919): App\Controllers\LoginController->report()
 7 SYSTEMPATH\CodeIgniter.php(494): CodeIgniter\CodeIgniter->runController(Object(App\Controllers\LoginController))
 8 SYSTEMPATH\CodeIgniter.php(353): CodeIgniter\CodeIgniter->handleRequest(null, Object(Config\Cache), false)
 9 FCPATH\index.php(79): CodeIgniter\CodeIgniter->run()
10 SYSTEMPATH\Commands\Server\rewrite.php(47): require_once('C:\\laragon\\www\\agrisync-main\\public\\index.php')
CRITICAL - 2024-02-10 12:10:32 --> Undefined variable $chartData
in APPPATH\Views\userfol\report.php on line 68.
 1 APPPATH\Views\userfol\report.php(68): CodeIgniter\Debug\Exceptions->errorHandler(2, 'Undefined variable $chartData', 'C:\\laragon\\www\\agrisync-main\\app\\Views\\userfol\\report.php', 68)
 2 SYSTEMPATH\View\View.php(226): include('C:\\laragon\\www\\agrisync-main\\app\\Views\\userfol\\report.php')
 3 SYSTEMPATH\View\View.php(229): CodeIgniter\View\View->CodeIgniter\View\{closure}()
 4 SYSTEMPATH\Common.php(1188): CodeIgniter\View\View->render('userfol/report', [], true)
 5 APPPATH\Controllers\LoginController.php(155): view('userfol/report')
 6 SYSTEMPATH\CodeIgniter.php(919): App\Controllers\LoginController->report()
 7 SYSTEMPATH\CodeIgniter.php(494): CodeIgniter\CodeIgniter->runController(Object(App\Controllers\LoginController))
 8 SYSTEMPATH\CodeIgniter.php(353): CodeIgniter\CodeIgniter->handleRequest(null, Object(Config\Cache), false)
 9 FCPATH\index.php(79): CodeIgniter\CodeIgniter->run()
10 SYSTEMPATH\Commands\Server\rewrite.php(47): require_once('C:\\laragon\\www\\agrisync-main\\public\\index.php')
CRITICAL - 2024-02-10 12:14:06 --> Undefined variable $totalDamage
in APPPATH\Views\userfol\dashboard.php on line 63.
 1 APPPATH\Views\userfol\dashboard.php(63): CodeIgniter\Debug\Exceptions->errorHandler(2, 'Undefined variable $totalDamage', 'C:\\laragon\\www\\agrisync-main\\app\\Views\\userfol\\dashboard.php', 63)
 2 SYSTEMPATH\View\View.php(226): include('C:\\laragon\\www\\agrisync-main\\app\\Views\\userfol\\dashboard.php')
 3 SYSTEMPATH\View\View.php(229): CodeIgniter\View\View->CodeIgniter\View\{closure}()
 4 SYSTEMPATH\Common.php(1188): CodeIgniter\View\View->render('userfol/dashboard', [], true)
 5 APPPATH\Controllers\LoginController.php(131): view('userfol/dashboard')
 6 SYSTEMPATH\CodeIgniter.php(919): App\Controllers\LoginController->dashboards()
 7 SYSTEMPATH\CodeIgniter.php(494): CodeIgniter\CodeIgniter->runController(Object(App\Controllers\LoginController))
 8 SYSTEMPATH\CodeIgniter.php(353): CodeIgniter\CodeIgniter->handleRequest(null, Object(Config\Cache), false)
 9 FCPATH\index.php(79): CodeIgniter\CodeIgniter->run()
10 SYSTEMPATH\Commands\Server\rewrite.php(47): require_once('C:\\laragon\\www\\agrisync-main\\public\\index.php')
CRITICAL - 2024-02-10 12:16:31 --> Undefined variable $chartData
in APPPATH\Views\userfol\report.php on line 68.
 1 APPPATH\Views\userfol\report.php(68): CodeIgniter\Debug\Exceptions->errorHandler(2, 'Undefined variable $chartData', 'C:\\laragon\\www\\agrisync-main\\app\\Views\\userfol\\report.php', 68)
 2 SYSTEMPATH\View\View.php(226): include('C:\\laragon\\www\\agrisync-main\\app\\Views\\userfol\\report.php')
 3 SYSTEMPATH\View\View.php(229): CodeIgniter\View\View->CodeIgniter\View\{closure}()
 4 SYSTEMPATH\Common.php(1188): CodeIgniter\View\View->render('userfol/report', [], true)
 5 APPPATH\Controllers\LoginController.php(155): view('userfol/report')
 6 SYSTEMPATH\CodeIgniter.php(919): App\Controllers\LoginController->report()
 7 SYSTEMPATH\CodeIgniter.php(494): CodeIgniter\CodeIgniter->runController(Object(App\Controllers\LoginController))
 8 SYSTEMPATH\CodeIgniter.php(353): CodeIgniter\CodeIgniter->handleRequest(null, Object(Config\Cache), false)
 9 FCPATH\index.php(79): CodeIgniter\CodeIgniter->run()
10 SYSTEMPATH\Commands\Server\rewrite.php(47): require_once('C:\\laragon\\www\\agrisync-main\\public\\index.php')
CRITICAL - 2024-02-10 12:16:32 --> Undefined variable $chartData
in APPPATH\Views\userfol\report.php on line 68.
 1 APPPATH\Views\userfol\report.php(68): CodeIgniter\Debug\Exceptions->errorHandler(2, 'Undefined variable $chartData', 'C:\\laragon\\www\\agrisync-main\\app\\Views\\userfol\\report.php', 68)
 2 SYSTEMPATH\View\View.php(226): include('C:\\laragon\\www\\agrisync-main\\app\\Views\\userfol\\report.php')
 3 SYSTEMPATH\View\View.php(229): CodeIgniter\View\View->CodeIgniter\View\{closure}()
 4 SYSTEMPATH\Common.php(1188): CodeIgniter\View\View->render('userfol/report', [], true)
 5 APPPATH\Controllers\LoginController.php(155): view('userfol/report')
 6 SYSTEMPATH\CodeIgniter.php(919): App\Controllers\LoginController->report()
 7 SYSTEMPATH\CodeIgniter.php(494): CodeIgniter\CodeIgniter->runController(Object(App\Controllers\LoginController))
 8 SYSTEMPATH\CodeIgniter.php(353): CodeIgniter\CodeIgniter->handleRequest(null, Object(Config\Cache), false)
 9 FCPATH\index.php(79): CodeIgniter\CodeIgniter->run()
10 SYSTEMPATH\Commands\Server\rewrite.php(47): require_once('C:\\laragon\\www\\agrisync-main\\public\\index.php')
CRITICAL - 2024-02-10 12:18:06 --> Undefined variable $chartData
in APPPATH\Views\userfol\report.php on line 68.
 1 APPPATH\Views\userfol\report.php(68): CodeIgniter\Debug\Exceptions->errorHandler(2, 'Undefined variable $chartData', 'C:\\laragon\\www\\agrisync-main\\app\\Views\\userfol\\report.php', 68)
 2 SYSTEMPATH\View\View.php(226): include('C:\\laragon\\www\\agrisync-main\\app\\Views\\userfol\\report.php')
 3 SYSTEMPATH\View\View.php(229): CodeIgniter\View\View->CodeIgniter\View\{closure}()
 4 SYSTEMPATH\Common.php(1188): CodeIgniter\View\View->render('userfol/report', [], true)
 5 APPPATH\Controllers\LoginController.php(155): view('userfol/report')
 6 SYSTEMPATH\CodeIgniter.php(919): App\Controllers\LoginController->report()
 7 SYSTEMPATH\CodeIgniter.php(494): CodeIgniter\CodeIgniter->runController(Object(App\Controllers\LoginController))
 8 SYSTEMPATH\CodeIgniter.php(353): CodeIgniter\CodeIgniter->handleRequest(null, Object(Config\Cache), false)
 9 FCPATH\index.php(79): CodeIgniter\CodeIgniter->run()
10 SYSTEMPATH\Commands\Server\rewrite.php(47): require_once('C:\\laragon\\www\\agrisync-main\\public\\index.php')
CRITICAL - 2024-02-10 12:18:08 --> Undefined variable $chartData
in APPPATH\Views\userfol\report.php on line 68.
 1 APPPATH\Views\userfol\report.php(68): CodeIgniter\Debug\Exceptions->errorHandler(2, 'Undefined variable $chartData', 'C:\\laragon\\www\\agrisync-main\\app\\Views\\userfol\\report.php', 68)
 2 SYSTEMPATH\View\View.php(226): include('C:\\laragon\\www\\agrisync-main\\app\\Views\\userfol\\report.php')
 3 SYSTEMPATH\View\View.php(229): CodeIgniter\View\View->CodeIgniter\View\{closure}()
 4 SYSTEMPATH\Common.php(1188): CodeIgniter\View\View->render('userfol/report', [], true)
 5 APPPATH\Controllers\LoginController.php(155): view('userfol/report')
 6 SYSTEMPATH\CodeIgniter.php(919): App\Controllers\LoginController->report()
 7 SYSTEMPATH\CodeIgniter.php(494): CodeIgniter\CodeIgniter->runController(Object(App\Controllers\LoginController))
 8 SYSTEMPATH\CodeIgniter.php(353): CodeIgniter\CodeIgniter->handleRequest(null, Object(Config\Cache), false)
 9 FCPATH\index.php(79): CodeIgniter\CodeIgniter->run()
10 SYSTEMPATH\Commands\Server\rewrite.php(47): require_once('C:\\laragon\\www\\agrisync-main\\public\\index.php')
CRITICAL - 2024-02-10 12:19:13 --> Undefined variable $chartData
in APPPATH\Views\userfol\report.php on line 90.
 1 APPPATH\Views\userfol\report.php(90): CodeIgniter\Debug\Exceptions->errorHandler(2, 'Undefined variable $chartData', 'C:\\laragon\\www\\agrisync-main\\app\\Views\\userfol\\report.php', 90)
 2 SYSTEMPATH\View\View.php(226): include('C:\\laragon\\www\\agrisync-main\\app\\Views\\userfol\\report.php')
 3 SYSTEMPATH\View\View.php(229): CodeIgniter\View\View->CodeIgniter\View\{closure}()
 4 SYSTEMPATH\Common.php(1188): CodeIgniter\View\View->render('userfol/report', [], true)
 5 APPPATH\Controllers\LoginController.php(155): view('userfol/report')
 6 SYSTEMPATH\CodeIgniter.php(919): App\Controllers\LoginController->report()
 7 SYSTEMPATH\CodeIgniter.php(494): CodeIgniter\CodeIgniter->runController(Object(App\Controllers\LoginController))
 8 SYSTEMPATH\CodeIgniter.php(353): CodeIgniter\CodeIgniter->handleRequest(null, Object(Config\Cache), false)
 9 FCPATH\index.php(79): CodeIgniter\CodeIgniter->run()
10 SYSTEMPATH\Commands\Server\rewrite.php(47): require_once('C:\\laragon\\www\\agrisync-main\\public\\index.php')
CRITICAL - 2024-02-10 12:35:28 --> Undefined variable $totalTeachers
in APPPATH\Views\userfol\report.php on line 39.
 1 APPPATH\Views\userfol\report.php(39): CodeIgniter\Debug\Exceptions->errorHandler(2, 'Undefined variable $totalTeachers', 'C:\\laragon\\www\\agrisync-main\\app\\Views\\userfol\\report.php', 39)
 2 SYSTEMPATH\View\View.php(226): include('C:\\laragon\\www\\agrisync-main\\app\\Views\\userfol\\report.php')
 3 SYSTEMPATH\View\View.php(229): CodeIgniter\View\View->CodeIgniter\View\{closure}()
 4 SYSTEMPATH\Common.php(1188): CodeIgniter\View\View->render('userfol/report', [], true)
 5 APPPATH\Controllers\LoginController.php(155): view('userfol/report')
 6 SYSTEMPATH\CodeIgniter.php(919): App\Controllers\LoginController->report()
 7 SYSTEMPATH\CodeIgniter.php(494): CodeIgniter\CodeIgniter->runController(Object(App\Controllers\LoginController))
 8 SYSTEMPATH\CodeIgniter.php(353): CodeIgniter\CodeIgniter->handleRequest(null, Object(Config\Cache), false)
 9 FCPATH\index.php(79): CodeIgniter\CodeIgniter->run()
10 SYSTEMPATH\Commands\Server\rewrite.php(47): require_once('C:\\laragon\\www\\agrisync-main\\public\\index.php')
CRITICAL - 2024-02-10 16:16:28 --> Undefined variable $chartData
in APPPATH\Views\userfol\report.php on line 84.
 1 APPPATH\Views\userfol\report.php(84): CodeIgniter\Debug\Exceptions->errorHandler(2, 'Undefined variable $chartData', 'C:\\laragon\\www\\agrisync-main\\app\\Views\\userfol\\report.php', 84)
 2 SYSTEMPATH\View\View.php(226): include('C:\\laragon\\www\\agrisync-main\\app\\Views\\userfol\\report.php')
 3 SYSTEMPATH\View\View.php(229): CodeIgniter\View\View->CodeIgniter\View\{closure}()
 4 SYSTEMPATH\Common.php(1188): CodeIgniter\View\View->render('userfol/report', [], true)
 5 APPPATH\Controllers\LoginController.php(155): view('userfol/report')
 6 SYSTEMPATH\CodeIgniter.php(919): App\Controllers\LoginController->report()
 7 SYSTEMPATH\CodeIgniter.php(494): CodeIgniter\CodeIgniter->runController(Object(App\Controllers\LoginController))
 8 SYSTEMPATH\CodeIgniter.php(353): CodeIgniter\CodeIgniter->handleRequest(null, Object(Config\Cache), false)
 9 FCPATH\index.php(79): CodeIgniter\CodeIgniter->run()
10 SYSTEMPATH\Commands\Server\rewrite.php(47): require_once('C:\\laragon\\www\\agrisync-main\\public\\index.php')
CRITICAL - 2024-02-10 16:20:26 --> Undefined variable $chartData
in APPPATH\Views\userfol\report.php on line 84.
 1 APPPATH\Views\userfol\report.php(84): CodeIgniter\Debug\Exceptions->errorHandler(2, 'Undefined variable $chartData', 'C:\\laragon\\www\\agrisync-main\\app\\Views\\userfol\\report.php', 84)
 2 SYSTEMPATH\View\View.php(226): include('C:\\laragon\\www\\agrisync-main\\app\\Views\\userfol\\report.php')
 3 SYSTEMPATH\View\View.php(229): CodeIgniter\View\View->CodeIgniter\View\{closure}()
 4 SYSTEMPATH\Common.php(1188): CodeIgniter\View\View->render('userfol/report', [], true)
 5 APPPATH\Controllers\LoginController.php(155): view('userfol/report')
 6 SYSTEMPATH\CodeIgniter.php(919): App\Controllers\LoginController->report()
 7 SYSTEMPATH\CodeIgniter.php(494): CodeIgniter\CodeIgniter->runController(Object(App\Controllers\LoginController))
 8 SYSTEMPATH\CodeIgniter.php(353): CodeIgniter\CodeIgniter->handleRequest(null, Object(Config\Cache), false)
 9 FCPATH\index.php(79): CodeIgniter\CodeIgniter->run()
10 SYSTEMPATH\Commands\Server\rewrite.php(47): require_once('C:\\laragon\\www\\agrisync-main\\public\\index.php')
CRITICAL - 2024-02-10 16:20:33 --> Undefined variable $chartData
in APPPATH\Views\userfol\report.php on line 84.
 1 APPPATH\Views\userfol\report.php(84): CodeIgniter\Debug\Exceptions->errorHandler(2, 'Undefined variable $chartData', 'C:\\laragon\\www\\agrisync-main\\app\\Views\\userfol\\report.php', 84)
 2 SYSTEMPATH\View\View.php(226): include('C:\\laragon\\www\\agrisync-main\\app\\Views\\userfol\\report.php')
 3 SYSTEMPATH\View\View.php(229): CodeIgniter\View\View->CodeIgniter\View\{closure}()
 4 SYSTEMPATH\Common.php(1188): CodeIgniter\View\View->render('userfol/report', [], true)
 5 APPPATH\Controllers\LoginController.php(155): view('userfol/report')
 6 SYSTEMPATH\CodeIgniter.php(919): App\Controllers\LoginController->report()
 7 SYSTEMPATH\CodeIgniter.php(494): CodeIgniter\CodeIgniter->runController(Object(App\Controllers\LoginController))
 8 SYSTEMPATH\CodeIgniter.php(353): CodeIgniter\CodeIgniter->handleRequest(null, Object(Config\Cache), false)
 9 FCPATH\index.php(79): CodeIgniter\CodeIgniter->run()
10 SYSTEMPATH\Commands\Server\rewrite.php(47): require_once('C:\\laragon\\www\\agrisync-main\\public\\index.php')
CRITICAL - 2024-02-10 16:21:46 --> Undefined variable $chartData
in APPPATH\Views\userfol\report.php on line 84.
 1 APPPATH\Views\userfol\report.php(84): CodeIgniter\Debug\Exceptions->errorHandler(2, 'Undefined variable $chartData', 'C:\\laragon\\www\\agrisync-main\\app\\Views\\userfol\\report.php', 84)
 2 SYSTEMPATH\View\View.php(226): include('C:\\laragon\\www\\agrisync-main\\app\\Views\\userfol\\report.php')
 3 SYSTEMPATH\View\View.php(229): CodeIgniter\View\View->CodeIgniter\View\{closure}()
 4 SYSTEMPATH\Common.php(1188): CodeIgniter\View\View->render('userfol/report', [], true)
 5 APPPATH\Controllers\LoginController.php(155): view('userfol/report')
 6 SYSTEMPATH\CodeIgniter.php(919): App\Controllers\LoginController->report()
 7 SYSTEMPATH\CodeIgniter.php(494): CodeIgniter\CodeIgniter->runController(Object(App\Controllers\LoginController))
 8 SYSTEMPATH\CodeIgniter.php(353): CodeIgniter\CodeIgniter->handleRequest(null, Object(Config\Cache), false)
 9 FCPATH\index.php(79): CodeIgniter\CodeIgniter->run()
10 SYSTEMPATH\Commands\Server\rewrite.php(47): require_once('C:\\laragon\\www\\agrisync-main\\public\\index.php')
CRITICAL - 2024-02-10 16:21:48 --> Undefined variable $chartData
in APPPATH\Views\userfol\report.php on line 84.
 1 APPPATH\Views\userfol\report.php(84): CodeIgniter\Debug\Exceptions->errorHandler(2, 'Undefined variable $chartData', 'C:\\laragon\\www\\agrisync-main\\app\\Views\\userfol\\report.php', 84)
 2 SYSTEMPATH\View\View.php(226): include('C:\\laragon\\www\\agrisync-main\\app\\Views\\userfol\\report.php')
 3 SYSTEMPATH\View\View.php(229): CodeIgniter\View\View->CodeIgniter\View\{closure}()
 4 SYSTEMPATH\Common.php(1188): CodeIgniter\View\View->render('userfol/report', [], true)
 5 APPPATH\Controllers\LoginController.php(155): view('userfol/report')
 6 SYSTEMPATH\CodeIgniter.php(919): App\Controllers\LoginController->report()
 7 SYSTEMPATH\CodeIgniter.php(494): CodeIgniter\CodeIgniter->runController(Object(App\Controllers\LoginController))
 8 SYSTEMPATH\CodeIgniter.php(353): CodeIgniter\CodeIgniter->handleRequest(null, Object(Config\Cache), false)
 9 FCPATH\index.php(79): CodeIgniter\CodeIgniter->run()
10 SYSTEMPATH\Commands\Server\rewrite.php(47): require_once('C:\\laragon\\www\\agrisync-main\\public\\index.php')
CRITICAL - 2024-02-10 16:39:02 --> Undefined variable $cansData
in APPPATH\Views\userfol\report.php on line 67.
 1 APPPATH\Views\userfol\report.php(67): CodeIgniter\Debug\Exceptions->errorHandler(2, 'Undefined variable $cansData', 'C:\\laragon\\www\\agrisync-main\\app\\Views\\userfol\\report.php', 67)
 2 SYSTEMPATH\View\View.php(226): include('C:\\laragon\\www\\agrisync-main\\app\\Views\\userfol\\report.php')
 3 SYSTEMPATH\View\View.php(229): CodeIgniter\View\View->CodeIgniter\View\{closure}()
 4 SYSTEMPATH\Common.php(1188): CodeIgniter\View\View->render('userfol/report', [], true)
 5 APPPATH\Controllers\LoginController.php(155): view('userfol/report')
 6 SYSTEMPATH\CodeIgniter.php(919): App\Controllers\LoginController->report()
 7 SYSTEMPATH\CodeIgniter.php(494): CodeIgniter\CodeIgniter->runController(Object(App\Controllers\LoginController))
 8 SYSTEMPATH\CodeIgniter.php(353): CodeIgniter\CodeIgniter->handleRequest(null, Object(Config\Cache), false)
 9 FCPATH\index.php(79): CodeIgniter\CodeIgniter->run()
10 SYSTEMPATH\Commands\Server\rewrite.php(47): require_once('C:\\laragon\\www\\agrisync-main\\public\\index.php')
CRITICAL - 2024-02-10 16:40:12 --> Undefined variable $cansData
in APPPATH\Views\userfol\report.php on line 67.
 1 APPPATH\Views\userfol\report.php(67): CodeIgniter\Debug\Exceptions->errorHandler(2, 'Undefined variable $cansData', 'C:\\laragon\\www\\agrisync-main\\app\\Views\\userfol\\report.php', 67)
 2 SYSTEMPATH\View\View.php(226): include('C:\\laragon\\www\\agrisync-main\\app\\Views\\userfol\\report.php')
 3 SYSTEMPATH\View\View.php(229): CodeIgniter\View\View->CodeIgniter\View\{closure}()
 4 SYSTEMPATH\Common.php(1188): CodeIgniter\View\View->render('userfol/report', [], true)
 5 APPPATH\Controllers\LoginController.php(155): view('userfol/report')
 6 SYSTEMPATH\CodeIgniter.php(919): App\Controllers\LoginController->report()
 7 SYSTEMPATH\CodeIgniter.php(494): CodeIgniter\CodeIgniter->runController(Object(App\Controllers\LoginController))
 8 SYSTEMPATH\CodeIgniter.php(353): CodeIgniter\CodeIgniter->handleRequest(null, Object(Config\Cache), false)
 9 FCPATH\index.php(79): CodeIgniter\CodeIgniter->run()
10 SYSTEMPATH\Commands\Server\rewrite.php(47): require_once('C:\\laragon\\www\\agrisync-main\\public\\index.php')
CRITICAL - 2024-02-10 16:40:13 --> Undefined variable $cansData
in APPPATH\Views\userfol\report.php on line 67.
 1 APPPATH\Views\userfol\report.php(67): CodeIgniter\Debug\Exceptions->errorHandler(2, 'Undefined variable $cansData', 'C:\\laragon\\www\\agrisync-main\\app\\Views\\userfol\\report.php', 67)
 2 SYSTEMPATH\View\View.php(226): include('C:\\laragon\\www\\agrisync-main\\app\\Views\\userfol\\report.php')
 3 SYSTEMPATH\View\View.php(229): CodeIgniter\View\View->CodeIgniter\View\{closure}()
 4 SYSTEMPATH\Common.php(1188): CodeIgniter\View\View->render('userfol/report', [], true)
 5 APPPATH\Controllers\LoginController.php(155): view('userfol/report')
 6 SYSTEMPATH\CodeIgniter.php(919): App\Controllers\LoginController->report()
 7 SYSTEMPATH\CodeIgniter.php(494): CodeIgniter\CodeIgniter->runController(Object(App\Controllers\LoginController))
 8 SYSTEMPATH\CodeIgniter.php(353): CodeIgniter\CodeIgniter->handleRequest(null, Object(Config\Cache), false)
 9 FCPATH\index.php(79): CodeIgniter\CodeIgniter->run()
10 SYSTEMPATH\Commands\Server\rewrite.php(47): require_once('C:\\laragon\\www\\agrisync-main\\public\\index.php')
CRITICAL - 2024-02-10 16:40:14 --> Undefined variable $cansData
in APPPATH\Views\userfol\report.php on line 67.
 1 APPPATH\Views\userfol\report.php(67): CodeIgniter\Debug\Exceptions->errorHandler(2, 'Undefined variable $cansData', 'C:\\laragon\\www\\agrisync-main\\app\\Views\\userfol\\report.php', 67)
 2 SYSTEMPATH\View\View.php(226): include('C:\\laragon\\www\\agrisync-main\\app\\Views\\userfol\\report.php')
 3 SYSTEMPATH\View\View.php(229): CodeIgniter\View\View->CodeIgniter\View\{closure}()
 4 SYSTEMPATH\Common.php(1188): CodeIgniter\View\View->render('userfol/report', [], true)
 5 APPPATH\Controllers\LoginController.php(155): view('userfol/report')
 6 SYSTEMPATH\CodeIgniter.php(919): App\Controllers\LoginController->report()
 7 SYSTEMPATH\CodeIgniter.php(494): CodeIgniter\CodeIgniter->runController(Object(App\Controllers\LoginController))
 8 SYSTEMPATH\CodeIgniter.php(353): CodeIgniter\CodeIgniter->handleRequest(null, Object(Config\Cache), false)
 9 FCPATH\index.php(79): CodeIgniter\CodeIgniter->run()
10 SYSTEMPATH\Commands\Server\rewrite.php(47): require_once('C:\\laragon\\www\\agrisync-main\\public\\index.php')
CRITICAL - 2024-02-10 16:40:14 --> Undefined variable $cansData
in APPPATH\Views\userfol\report.php on line 67.
 1 APPPATH\Views\userfol\report.php(67): CodeIgniter\Debug\Exceptions->errorHandler(2, 'Undefined variable $cansData', 'C:\\laragon\\www\\agrisync-main\\app\\Views\\userfol\\report.php', 67)
 2 SYSTEMPATH\View\View.php(226): include('C:\\laragon\\www\\agrisync-main\\app\\Views\\userfol\\report.php')
 3 SYSTEMPATH\View\View.php(229): CodeIgniter\View\View->CodeIgniter\View\{closure}()
 4 SYSTEMPATH\Common.php(1188): CodeIgniter\View\View->render('userfol/report', [], true)
 5 APPPATH\Controllers\LoginController.php(155): view('userfol/report')
 6 SYSTEMPATH\CodeIgniter.php(919): App\Controllers\LoginController->report()
 7 SYSTEMPATH\CodeIgniter.php(494): CodeIgniter\CodeIgniter->runController(Object(App\Controllers\LoginController))
 8 SYSTEMPATH\CodeIgniter.php(353): CodeIgniter\CodeIgniter->handleRequest(null, Object(Config\Cache), false)
 9 FCPATH\index.php(79): CodeIgniter\CodeIgniter->run()
10 SYSTEMPATH\Commands\Server\rewrite.php(47): require_once('C:\\laragon\\www\\agrisync-main\\public\\index.php')
CRITICAL - 2024-02-10 16:40:14 --> Undefined variable $cansData
in APPPATH\Views\userfol\report.php on line 67.
 1 APPPATH\Views\userfol\report.php(67): CodeIgniter\Debug\Exceptions->errorHandler(2, 'Undefined variable $cansData', 'C:\\laragon\\www\\agrisync-main\\app\\Views\\userfol\\report.php', 67)
 2 SYSTEMPATH\View\View.php(226): include('C:\\laragon\\www\\agrisync-main\\app\\Views\\userfol\\report.php')
 3 SYSTEMPATH\View\View.php(229): CodeIgniter\View\View->CodeIgniter\View\{closure}()
 4 SYSTEMPATH\Common.php(1188): CodeIgniter\View\View->render('userfol/report', [], true)
 5 APPPATH\Controllers\LoginController.php(155): view('userfol/report')
 6 SYSTEMPATH\CodeIgniter.php(919): App\Controllers\LoginController->report()
 7 SYSTEMPATH\CodeIgniter.php(494): CodeIgniter\CodeIgniter->runController(Object(App\Controllers\LoginController))
 8 SYSTEMPATH\CodeIgniter.php(353): CodeIgniter\CodeIgniter->handleRequest(null, Object(Config\Cache), false)
 9 FCPATH\index.php(79): CodeIgniter\CodeIgniter->run()
10 SYSTEMPATH\Commands\Server\rewrite.php(47): require_once('C:\\laragon\\www\\agrisync-main\\public\\index.php')
CRITICAL - 2024-02-10 16:40:14 --> Undefined variable $cansData
in APPPATH\Views\userfol\report.php on line 67.
 1 APPPATH\Views\userfol\report.php(67): CodeIgniter\Debug\Exceptions->errorHandler(2, 'Undefined variable $cansData', 'C:\\laragon\\www\\agrisync-main\\app\\Views\\userfol\\report.php', 67)
 2 SYSTEMPATH\View\View.php(226): include('C:\\laragon\\www\\agrisync-main\\app\\Views\\userfol\\report.php')
 3 SYSTEMPATH\View\View.php(229): CodeIgniter\View\View->CodeIgniter\View\{closure}()
 4 SYSTEMPATH\Common.php(1188): CodeIgniter\View\View->render('userfol/report', [], true)
 5 APPPATH\Controllers\LoginController.php(155): view('userfol/report')
 6 SYSTEMPATH\CodeIgniter.php(919): App\Controllers\LoginController->report()
 7 SYSTEMPATH\CodeIgniter.php(494): CodeIgniter\CodeIgniter->runController(Object(App\Controllers\LoginController))
 8 SYSTEMPATH\CodeIgniter.php(353): CodeIgniter\CodeIgniter->handleRequest(null, Object(Config\Cache), false)
 9 FCPATH\index.php(79): CodeIgniter\CodeIgniter->run()
10 SYSTEMPATH\Commands\Server\rewrite.php(47): require_once('C:\\laragon\\www\\agrisync-main\\public\\index.php')
CRITICAL - 2024-02-10 16:40:15 --> Undefined variable $cansData
in APPPATH\Views\userfol\report.php on line 67.
 1 APPPATH\Views\userfol\report.php(67): CodeIgniter\Debug\Exceptions->errorHandler(2, 'Undefined variable $cansData', 'C:\\laragon\\www\\agrisync-main\\app\\Views\\userfol\\report.php', 67)
 2 SYSTEMPATH\View\View.php(226): include('C:\\laragon\\www\\agrisync-main\\app\\Views\\userfol\\report.php')
 3 SYSTEMPATH\View\View.php(229): CodeIgniter\View\View->CodeIgniter\View\{closure}()
 4 SYSTEMPATH\Common.php(1188): CodeIgniter\View\View->render('userfol/report', [], true)
 5 APPPATH\Controllers\LoginController.php(155): view('userfol/report')
 6 SYSTEMPATH\CodeIgniter.php(919): App\Controllers\LoginController->report()
 7 SYSTEMPATH\CodeIgniter.php(494): CodeIgniter\CodeIgniter->runController(Object(App\Controllers\LoginController))
 8 SYSTEMPATH\CodeIgniter.php(353): CodeIgniter\CodeIgniter->handleRequest(null, Object(Config\Cache), false)
 9 FCPATH\index.php(79): CodeIgniter\CodeIgniter->run()
10 SYSTEMPATH\Commands\Server\rewrite.php(47): require_once('C:\\laragon\\www\\agrisync-main\\public\\index.php')
CRITICAL - 2024-02-10 16:41:10 --> Undefined variable $cansData
in APPPATH\Views\userfol\report.php on line 67.
 1 APPPATH\Views\userfol\report.php(67): CodeIgniter\Debug\Exceptions->errorHandler(2, 'Undefined variable $cansData', 'C:\\laragon\\www\\agrisync-main\\app\\Views\\userfol\\report.php', 67)
 2 SYSTEMPATH\View\View.php(226): include('C:\\laragon\\www\\agrisync-main\\app\\Views\\userfol\\report.php')
 3 SYSTEMPATH\View\View.php(229): CodeIgniter\View\View->CodeIgniter\View\{closure}()
 4 SYSTEMPATH\Common.php(1188): CodeIgniter\View\View->render('userfol/report', [], true)
 5 APPPATH\Controllers\LoginController.php(155): view('userfol/report')
 6 SYSTEMPATH\CodeIgniter.php(919): App\Controllers\LoginController->report()
 7 SYSTEMPATH\CodeIgniter.php(494): CodeIgniter\CodeIgniter->runController(Object(App\Controllers\LoginController))
 8 SYSTEMPATH\CodeIgniter.php(353): CodeIgniter\CodeIgniter->handleRequest(null, Object(Config\Cache), false)
 9 FCPATH\index.php(79): CodeIgniter\CodeIgniter->run()
10 SYSTEMPATH\Commands\Server\rewrite.php(47): require_once('C:\\laragon\\www\\agrisync-main\\public\\index.php')
CRITICAL - 2024-02-10 16:41:11 --> Undefined variable $cansData
in APPPATH\Views\userfol\report.php on line 67.
 1 APPPATH\Views\userfol\report.php(67): CodeIgniter\Debug\Exceptions->errorHandler(2, 'Undefined variable $cansData', 'C:\\laragon\\www\\agrisync-main\\app\\Views\\userfol\\report.php', 67)
 2 SYSTEMPATH\View\View.php(226): include('C:\\laragon\\www\\agrisync-main\\app\\Views\\userfol\\report.php')
 3 SYSTEMPATH\View\View.php(229): CodeIgniter\View\View->CodeIgniter\View\{closure}()
 4 SYSTEMPATH\Common.php(1188): CodeIgniter\View\View->render('userfol/report', [], true)
 5 APPPATH\Controllers\LoginController.php(155): view('userfol/report')
 6 SYSTEMPATH\CodeIgniter.php(919): App\Controllers\LoginController->report()
 7 SYSTEMPATH\CodeIgniter.php(494): CodeIgniter\CodeIgniter->runController(Object(App\Controllers\LoginController))
 8 SYSTEMPATH\CodeIgniter.php(353): CodeIgniter\CodeIgniter->handleRequest(null, Object(Config\Cache), false)
 9 FCPATH\index.php(79): CodeIgniter\CodeIgniter->run()
10 SYSTEMPATH\Commands\Server\rewrite.php(47): require_once('C:\\laragon\\www\\agrisync-main\\public\\index.php')
CRITICAL - 2024-02-10 16:41:22 --> Undefined variable $cansData
in APPPATH\Views\userfol\report.php on line 67.
 1 APPPATH\Views\userfol\report.php(67): CodeIgniter\Debug\Exceptions->errorHandler(2, 'Undefined variable $cansData', 'C:\\laragon\\www\\agrisync-main\\app\\Views\\userfol\\report.php', 67)
 2 SYSTEMPATH\View\View.php(226): include('C:\\laragon\\www\\agrisync-main\\app\\Views\\userfol\\report.php')
 3 SYSTEMPATH\View\View.php(229): CodeIgniter\View\View->CodeIgniter\View\{closure}()
 4 SYSTEMPATH\Common.php(1188): CodeIgniter\View\View->render('userfol/report', [], true)
 5 APPPATH\Controllers\LoginController.php(155): view('userfol/report')
 6 SYSTEMPATH\CodeIgniter.php(919): App\Controllers\LoginController->report()
 7 SYSTEMPATH\CodeIgniter.php(494): CodeIgniter\CodeIgniter->runController(Object(App\Controllers\LoginController))
 8 SYSTEMPATH\CodeIgniter.php(353): CodeIgniter\CodeIgniter->handleRequest(null, Object(Config\Cache), false)
 9 FCPATH\index.php(79): CodeIgniter\CodeIgniter->run()
10 SYSTEMPATH\Commands\Server\rewrite.php(47): require_once('C:\\laragon\\www\\agrisync-main\\public\\index.php')
CRITICAL - 2024-02-10 16:41:23 --> Undefined variable $cansData
in APPPATH\Views\userfol\report.php on line 67.
 1 APPPATH\Views\userfol\report.php(67): CodeIgniter\Debug\Exceptions->errorHandler(2, 'Undefined variable $cansData', 'C:\\laragon\\www\\agrisync-main\\app\\Views\\userfol\\report.php', 67)
 2 SYSTEMPATH\View\View.php(226): include('C:\\laragon\\www\\agrisync-main\\app\\Views\\userfol\\report.php')
 3 SYSTEMPATH\View\View.php(229): CodeIgniter\View\View->CodeIgniter\View\{closure}()
 4 SYSTEMPATH\Common.php(1188): CodeIgniter\View\View->render('userfol/report', [], true)
 5 APPPATH\Controllers\LoginController.php(155): view('userfol/report')
 6 SYSTEMPATH\CodeIgniter.php(919): App\Controllers\LoginController->report()
 7 SYSTEMPATH\CodeIgniter.php(494): CodeIgniter\CodeIgniter->runController(Object(App\Controllers\LoginController))
 8 SYSTEMPATH\CodeIgniter.php(353): CodeIgniter\CodeIgniter->handleRequest(null, Object(Config\Cache), false)
 9 FCPATH\index.php(79): CodeIgniter\CodeIgniter->run()
10 SYSTEMPATH\Commands\Server\rewrite.php(47): require_once('C:\\laragon\\www\\agrisync-main\\public\\index.php')
CRITICAL - 2024-02-10 16:41:23 --> Undefined variable $cansData
in APPPATH\Views\userfol\report.php on line 67.
 1 APPPATH\Views\userfol\report.php(67): CodeIgniter\Debug\Exceptions->errorHandler(2, 'Undefined variable $cansData', 'C:\\laragon\\www\\agrisync-main\\app\\Views\\userfol\\report.php', 67)
 2 SYSTEMPATH\View\View.php(226): include('C:\\laragon\\www\\agrisync-main\\app\\Views\\userfol\\report.php')
 3 SYSTEMPATH\View\View.php(229): CodeIgniter\View\View->CodeIgniter\View\{closure}()
 4 SYSTEMPATH\Common.php(1188): CodeIgniter\View\View->render('userfol/report', [], true)
 5 APPPATH\Controllers\LoginController.php(155): view('userfol/report')
 6 SYSTEMPATH\CodeIgniter.php(919): App\Controllers\LoginController->report()
 7 SYSTEMPATH\CodeIgniter.php(494): CodeIgniter\CodeIgniter->runController(Object(App\Controllers\LoginController))
 8 SYSTEMPATH\CodeIgniter.php(353): CodeIgniter\CodeIgniter->handleRequest(null, Object(Config\Cache), false)
 9 FCPATH\index.php(79): CodeIgniter\CodeIgniter->run()
10 SYSTEMPATH\Commands\Server\rewrite.php(47): require_once('C:\\laragon\\www\\agrisync-main\\public\\index.php')
CRITICAL - 2024-02-10 16:41:23 --> Undefined variable $cansData
in APPPATH\Views\userfol\report.php on line 67.
 1 APPPATH\Views\userfol\report.php(67): CodeIgniter\Debug\Exceptions->errorHandler(2, 'Undefined variable $cansData', 'C:\\laragon\\www\\agrisync-main\\app\\Views\\userfol\\report.php', 67)
 2 SYSTEMPATH\View\View.php(226): include('C:\\laragon\\www\\agrisync-main\\app\\Views\\userfol\\report.php')
 3 SYSTEMPATH\View\View.php(229): CodeIgniter\View\View->CodeIgniter\View\{closure}()
 4 SYSTEMPATH\Common.php(1188): CodeIgniter\View\View->render('userfol/report', [], true)
 5 APPPATH\Controllers\LoginController.php(155): view('userfol/report')
 6 SYSTEMPATH\CodeIgniter.php(919): App\Controllers\LoginController->report()
 7 SYSTEMPATH\CodeIgniter.php(494): CodeIgniter\CodeIgniter->runController(Object(App\Controllers\LoginController))
 8 SYSTEMPATH\CodeIgniter.php(353): CodeIgniter\CodeIgniter->handleRequest(null, Object(Config\Cache), false)
 9 FCPATH\index.php(79): CodeIgniter\CodeIgniter->run()
10 SYSTEMPATH\Commands\Server\rewrite.php(47): require_once('C:\\laragon\\www\\agrisync-main\\public\\index.php')
CRITICAL - 2024-02-10 16:41:23 --> Undefined variable $cansData
in APPPATH\Views\userfol\report.php on line 67.
 1 APPPATH\Views\userfol\report.php(67): CodeIgniter\Debug\Exceptions->errorHandler(2, 'Undefined variable $cansData', 'C:\\laragon\\www\\agrisync-main\\app\\Views\\userfol\\report.php', 67)
 2 SYSTEMPATH\View\View.php(226): include('C:\\laragon\\www\\agrisync-main\\app\\Views\\userfol\\report.php')
 3 SYSTEMPATH\View\View.php(229): CodeIgniter\View\View->CodeIgniter\View\{closure}()
 4 SYSTEMPATH\Common.php(1188): CodeIgniter\View\View->render('userfol/report', [], true)
 5 APPPATH\Controllers\LoginController.php(155): view('userfol/report')
 6 SYSTEMPATH\CodeIgniter.php(919): App\Controllers\LoginController->report()
 7 SYSTEMPATH\CodeIgniter.php(494): CodeIgniter\CodeIgniter->runController(Object(App\Controllers\LoginController))
 8 SYSTEMPATH\CodeIgniter.php(353): CodeIgniter\CodeIgniter->handleRequest(null, Object(Config\Cache), false)
 9 FCPATH\index.php(79): CodeIgniter\CodeIgniter->run()
10 SYSTEMPATH\Commands\Server\rewrite.php(47): require_once('C:\\laragon\\www\\agrisync-main\\public\\index.php')
CRITICAL - 2024-02-10 16:41:24 --> Undefined variable $cansData
in APPPATH\Views\userfol\report.php on line 67.
 1 APPPATH\Views\userfol\report.php(67): CodeIgniter\Debug\Exceptions->errorHandler(2, 'Undefined variable $cansData', 'C:\\laragon\\www\\agrisync-main\\app\\Views\\userfol\\report.php', 67)
 2 SYSTEMPATH\View\View.php(226): include('C:\\laragon\\www\\agrisync-main\\app\\Views\\userfol\\report.php')
 3 SYSTEMPATH\View\View.php(229): CodeIgniter\View\View->CodeIgniter\View\{closure}()
 4 SYSTEMPATH\Common.php(1188): CodeIgniter\View\View->render('userfol/report', [], true)
 5 APPPATH\Controllers\LoginController.php(155): view('userfol/report')
 6 SYSTEMPATH\CodeIgniter.php(919): App\Controllers\LoginController->report()
 7 SYSTEMPATH\CodeIgniter.php(494): CodeIgniter\CodeIgniter->runController(Object(App\Controllers\LoginController))
 8 SYSTEMPATH\CodeIgniter.php(353): CodeIgniter\CodeIgniter->handleRequest(null, Object(Config\Cache), false)
 9 FCPATH\index.php(79): CodeIgniter\CodeIgniter->run()
10 SYSTEMPATH\Commands\Server\rewrite.php(47): require_once('C:\\laragon\\www\\agrisync-main\\public\\index.php')
CRITICAL - 2024-02-10 16:41:24 --> Undefined variable $cansData
in APPPATH\Views\userfol\report.php on line 67.
 1 APPPATH\Views\userfol\report.php(67): CodeIgniter\Debug\Exceptions->errorHandler(2, 'Undefined variable $cansData', 'C:\\laragon\\www\\agrisync-main\\app\\Views\\userfol\\report.php', 67)
 2 SYSTEMPATH\View\View.php(226): include('C:\\laragon\\www\\agrisync-main\\app\\Views\\userfol\\report.php')
 3 SYSTEMPATH\View\View.php(229): CodeIgniter\View\View->CodeIgniter\View\{closure}()
 4 SYSTEMPATH\Common.php(1188): CodeIgniter\View\View->render('userfol/report', [], true)
 5 APPPATH\Controllers\LoginController.php(155): view('userfol/report')
 6 SYSTEMPATH\CodeIgniter.php(919): App\Controllers\LoginController->report()
 7 SYSTEMPATH\CodeIgniter.php(494): CodeIgniter\CodeIgniter->runController(Object(App\Controllers\LoginController))
 8 SYSTEMPATH\CodeIgniter.php(353): CodeIgniter\CodeIgniter->handleRequest(null, Object(Config\Cache), false)
 9 FCPATH\index.php(79): CodeIgniter\CodeIgniter->run()
10 SYSTEMPATH\Commands\Server\rewrite.php(47): require_once('C:\\laragon\\www\\agrisync-main\\public\\index.php')
CRITICAL - 2024-02-10 16:43:00 --> Undefined variable $cansData
in APPPATH\Views\userfol\report.php on line 67.
 1 APPPATH\Views\userfol\report.php(67): CodeIgniter\Debug\Exceptions->errorHandler(2, 'Undefined variable $cansData', 'C:\\laragon\\www\\agrisync-main\\app\\Views\\userfol\\report.php', 67)
 2 SYSTEMPATH\View\View.php(226): include('C:\\laragon\\www\\agrisync-main\\app\\Views\\userfol\\report.php')
 3 SYSTEMPATH\View\View.php(229): CodeIgniter\View\View->CodeIgniter\View\{closure}()
 4 SYSTEMPATH\Common.php(1188): CodeIgniter\View\View->render('userfol/report', [], true)
 5 APPPATH\Controllers\LoginController.php(155): view('userfol/report')
 6 SYSTEMPATH\CodeIgniter.php(919): App\Controllers\LoginController->report()
 7 SYSTEMPATH\CodeIgniter.php(494): CodeIgniter\CodeIgniter->runController(Object(App\Controllers\LoginController))
 8 SYSTEMPATH\CodeIgniter.php(353): CodeIgniter\CodeIgniter->handleRequest(null, Object(Config\Cache), false)
 9 FCPATH\index.php(79): CodeIgniter\CodeIgniter->run()
10 SYSTEMPATH\Commands\Server\rewrite.php(47): require_once('C:\\laragon\\www\\agrisync-main\\public\\index.php')
CRITICAL - 2024-02-10 16:43:01 --> Undefined variable $cansData
in APPPATH\Views\userfol\report.php on line 67.
 1 APPPATH\Views\userfol\report.php(67): CodeIgniter\Debug\Exceptions->errorHandler(2, 'Undefined variable $cansData', 'C:\\laragon\\www\\agrisync-main\\app\\Views\\userfol\\report.php', 67)
 2 SYSTEMPATH\View\View.php(226): include('C:\\laragon\\www\\agrisync-main\\app\\Views\\userfol\\report.php')
 3 SYSTEMPATH\View\View.php(229): CodeIgniter\View\View->CodeIgniter\View\{closure}()
 4 SYSTEMPATH\Common.php(1188): CodeIgniter\View\View->render('userfol/report', [], true)
 5 APPPATH\Controllers\LoginController.php(155): view('userfol/report')
 6 SYSTEMPATH\CodeIgniter.php(919): App\Controllers\LoginController->report()
 7 SYSTEMPATH\CodeIgniter.php(494): CodeIgniter\CodeIgniter->runController(Object(App\Controllers\LoginController))
 8 SYSTEMPATH\CodeIgniter.php(353): CodeIgniter\CodeIgniter->handleRequest(null, Object(Config\Cache), false)
 9 FCPATH\index.php(79): CodeIgniter\CodeIgniter->run()
10 SYSTEMPATH\Commands\Server\rewrite.php(47): require_once('C:\\laragon\\www\\agrisync-main\\public\\index.php')
CRITICAL - 2024-02-10 16:43:02 --> Undefined variable $cansData
in APPPATH\Views\userfol\report.php on line 67.
 1 APPPATH\Views\userfol\report.php(67): CodeIgniter\Debug\Exceptions->errorHandler(2, 'Undefined variable $cansData', 'C:\\laragon\\www\\agrisync-main\\app\\Views\\userfol\\report.php', 67)
 2 SYSTEMPATH\View\View.php(226): include('C:\\laragon\\www\\agrisync-main\\app\\Views\\userfol\\report.php')
 3 SYSTEMPATH\View\View.php(229): CodeIgniter\View\View->CodeIgniter\View\{closure}()
 4 SYSTEMPATH\Common.php(1188): CodeIgniter\View\View->render('userfol/report', [], true)
 5 APPPATH\Controllers\LoginController.php(155): view('userfol/report')
 6 SYSTEMPATH\CodeIgniter.php(919): App\Controllers\LoginController->report()
 7 SYSTEMPATH\CodeIgniter.php(494): CodeIgniter\CodeIgniter->runController(Object(App\Controllers\LoginController))
 8 SYSTEMPATH\CodeIgniter.php(353): CodeIgniter\CodeIgniter->handleRequest(null, Object(Config\Cache), false)
 9 FCPATH\index.php(79): CodeIgniter\CodeIgniter->run()
10 SYSTEMPATH\Commands\Server\rewrite.php(47): require_once('C:\\laragon\\www\\agrisync-main\\public\\index.php')
CRITICAL - 2024-02-10 16:43:02 --> Undefined variable $cansData
in APPPATH\Views\userfol\report.php on line 67.
 1 APPPATH\Views\userfol\report.php(67): CodeIgniter\Debug\Exceptions->errorHandler(2, 'Undefined variable $cansData', 'C:\\laragon\\www\\agrisync-main\\app\\Views\\userfol\\report.php', 67)
 2 SYSTEMPATH\View\View.php(226): include('C:\\laragon\\www\\agrisync-main\\app\\Views\\userfol\\report.php')
 3 SYSTEMPATH\View\View.php(229): CodeIgniter\View\View->CodeIgniter\View\{closure}()
 4 SYSTEMPATH\Common.php(1188): CodeIgniter\View\View->render('userfol/report', [], true)
 5 APPPATH\Controllers\LoginController.php(155): view('userfol/report')
 6 SYSTEMPATH\CodeIgniter.php(919): App\Controllers\LoginController->report()
 7 SYSTEMPATH\CodeIgniter.php(494): CodeIgniter\CodeIgniter->runController(Object(App\Controllers\LoginController))
 8 SYSTEMPATH\CodeIgniter.php(353): CodeIgniter\CodeIgniter->handleRequest(null, Object(Config\Cache), false)
 9 FCPATH\index.php(79): CodeIgniter\CodeIgniter->run()
10 SYSTEMPATH\Commands\Server\rewrite.php(47): require_once('C:\\laragon\\www\\agrisync-main\\public\\index.php')
CRITICAL - 2024-02-10 16:43:13 --> Undefined variable $cansData
in APPPATH\Views\userfol\report.php on line 67.
 1 APPPATH\Views\userfol\report.php(67): CodeIgniter\Debug\Exceptions->errorHandler(2, 'Undefined variable $cansData', 'C:\\laragon\\www\\agrisync-main\\app\\Views\\userfol\\report.php', 67)
 2 SYSTEMPATH\View\View.php(226): include('C:\\laragon\\www\\agrisync-main\\app\\Views\\userfol\\report.php')
 3 SYSTEMPATH\View\View.php(229): CodeIgniter\View\View->CodeIgniter\View\{closure}()
 4 SYSTEMPATH\Common.php(1188): CodeIgniter\View\View->render('userfol/report', [], true)
 5 APPPATH\Controllers\LoginController.php(155): view('userfol/report')
 6 SYSTEMPATH\CodeIgniter.php(919): App\Controllers\LoginController->report()
 7 SYSTEMPATH\CodeIgniter.php(494): CodeIgniter\CodeIgniter->runController(Object(App\Controllers\LoginController))
 8 SYSTEMPATH\CodeIgniter.php(353): CodeIgniter\CodeIgniter->handleRequest(null, Object(Config\Cache), false)
 9 FCPATH\index.php(79): CodeIgniter\CodeIgniter->run()
10 SYSTEMPATH\Commands\Server\rewrite.php(47): require_once('C:\\laragon\\www\\agrisync-main\\public\\index.php')
CRITICAL - 2024-02-10 16:43:14 --> Undefined variable $cansData
in APPPATH\Views\userfol\report.php on line 67.
 1 APPPATH\Views\userfol\report.php(67): CodeIgniter\Debug\Exceptions->errorHandler(2, 'Undefined variable $cansData', 'C:\\laragon\\www\\agrisync-main\\app\\Views\\userfol\\report.php', 67)
 2 SYSTEMPATH\View\View.php(226): include('C:\\laragon\\www\\agrisync-main\\app\\Views\\userfol\\report.php')
 3 SYSTEMPATH\View\View.php(229): CodeIgniter\View\View->CodeIgniter\View\{closure}()
 4 SYSTEMPATH\Common.php(1188): CodeIgniter\View\View->render('userfol/report', [], true)
 5 APPPATH\Controllers\LoginController.php(155): view('userfol/report')
 6 SYSTEMPATH\CodeIgniter.php(919): App\Controllers\LoginController->report()
 7 SYSTEMPATH\CodeIgniter.php(494): CodeIgniter\CodeIgniter->runController(Object(App\Controllers\LoginController))
 8 SYSTEMPATH\CodeIgniter.php(353): CodeIgniter\CodeIgniter->handleRequest(null, Object(Config\Cache), false)
 9 FCPATH\index.php(79): CodeIgniter\CodeIgniter->run()
10 SYSTEMPATH\Commands\Server\rewrite.php(47): require_once('C:\\laragon\\www\\agrisync-main\\public\\index.php')
CRITICAL - 2024-02-10 16:43:14 --> Undefined variable $cansData
in APPPATH\Views\userfol\report.php on line 67.
 1 APPPATH\Views\userfol\report.php(67): CodeIgniter\Debug\Exceptions->errorHandler(2, 'Undefined variable $cansData', 'C:\\laragon\\www\\agrisync-main\\app\\Views\\userfol\\report.php', 67)
 2 SYSTEMPATH\View\View.php(226): include('C:\\laragon\\www\\agrisync-main\\app\\Views\\userfol\\report.php')
 3 SYSTEMPATH\View\View.php(229): CodeIgniter\View\View->CodeIgniter\View\{closure}()
 4 SYSTEMPATH\Common.php(1188): CodeIgniter\View\View->render('userfol/report', [], true)
 5 APPPATH\Controllers\LoginController.php(155): view('userfol/report')
 6 SYSTEMPATH\CodeIgniter.php(919): App\Controllers\LoginController->report()
 7 SYSTEMPATH\CodeIgniter.php(494): CodeIgniter\CodeIgniter->runController(Object(App\Controllers\LoginController))
 8 SYSTEMPATH\CodeIgniter.php(353): CodeIgniter\CodeIgniter->handleRequest(null, Object(Config\Cache), false)
 9 FCPATH\index.php(79): CodeIgniter\CodeIgniter->run()
10 SYSTEMPATH\Commands\Server\rewrite.php(47): require_once('C:\\laragon\\www\\agrisync-main\\public\\index.php')
CRITICAL - 2024-02-10 16:43:23 --> Undefined variable $cansData
in APPPATH\Views\userfol\report.php on line 67.
 1 APPPATH\Views\userfol\report.php(67): CodeIgniter\Debug\Exceptions->errorHandler(2, 'Undefined variable $cansData', 'C:\\laragon\\www\\agrisync-main\\app\\Views\\userfol\\report.php', 67)
 2 SYSTEMPATH\View\View.php(226): include('C:\\laragon\\www\\agrisync-main\\app\\Views\\userfol\\report.php')
 3 SYSTEMPATH\View\View.php(229): CodeIgniter\View\View->CodeIgniter\View\{closure}()
 4 SYSTEMPATH\Common.php(1188): CodeIgniter\View\View->render('userfol/report', [], true)
 5 APPPATH\Controllers\LoginController.php(155): view('userfol/report')
 6 SYSTEMPATH\CodeIgniter.php(919): App\Controllers\LoginController->report()
 7 SYSTEMPATH\CodeIgniter.php(494): CodeIgniter\CodeIgniter->runController(Object(App\Controllers\LoginController))
 8 SYSTEMPATH\CodeIgniter.php(353): CodeIgniter\CodeIgniter->handleRequest(null, Object(Config\Cache), false)
 9 FCPATH\index.php(79): CodeIgniter\CodeIgniter->run()
10 SYSTEMPATH\Commands\Server\rewrite.php(47): require_once('C:\\laragon\\www\\agrisync-main\\public\\index.php')
CRITICAL - 2024-02-10 16:43:24 --> Undefined variable $cansData
in APPPATH\Views\userfol\report.php on line 67.
 1 APPPATH\Views\userfol\report.php(67): CodeIgniter\Debug\Exceptions->errorHandler(2, 'Undefined variable $cansData', 'C:\\laragon\\www\\agrisync-main\\app\\Views\\userfol\\report.php', 67)
 2 SYSTEMPATH\View\View.php(226): include('C:\\laragon\\www\\agrisync-main\\app\\Views\\userfol\\report.php')
 3 SYSTEMPATH\View\View.php(229): CodeIgniter\View\View->CodeIgniter\View\{closure}()
 4 SYSTEMPATH\Common.php(1188): CodeIgniter\View\View->render('userfol/report', [], true)
 5 APPPATH\Controllers\LoginController.php(155): view('userfol/report')
 6 SYSTEMPATH\CodeIgniter.php(919): App\Controllers\LoginController->report()
 7 SYSTEMPATH\CodeIgniter.php(494): CodeIgniter\CodeIgniter->runController(Object(App\Controllers\LoginController))
 8 SYSTEMPATH\CodeIgniter.php(353): CodeIgniter\CodeIgniter->handleRequest(null, Object(Config\Cache), false)
 9 FCPATH\index.php(79): CodeIgniter\CodeIgniter->run()
10 SYSTEMPATH\Commands\Server\rewrite.php(47): require_once('C:\\laragon\\www\\agrisync-main\\public\\index.php')
CRITICAL - 2024-02-10 16:43:25 --> Undefined variable $cansData
in APPPATH\Views\userfol\report.php on line 67.
 1 APPPATH\Views\userfol\report.php(67): CodeIgniter\Debug\Exceptions->errorHandler(2, 'Undefined variable $cansData', 'C:\\laragon\\www\\agrisync-main\\app\\Views\\userfol\\report.php', 67)
 2 SYSTEMPATH\View\View.php(226): include('C:\\laragon\\www\\agrisync-main\\app\\Views\\userfol\\report.php')
 3 SYSTEMPATH\View\View.php(229): CodeIgniter\View\View->CodeIgniter\View\{closure}()
 4 SYSTEMPATH\Common.php(1188): CodeIgniter\View\View->render('userfol/report', [], true)
 5 APPPATH\Controllers\LoginController.php(155): view('userfol/report')
 6 SYSTEMPATH\CodeIgniter.php(919): App\Controllers\LoginController->report()
 7 SYSTEMPATH\CodeIgniter.php(494): CodeIgniter\CodeIgniter->runController(Object(App\Controllers\LoginController))
 8 SYSTEMPATH\CodeIgniter.php(353): CodeIgniter\CodeIgniter->handleRequest(null, Object(Config\Cache), false)
 9 FCPATH\index.php(79): CodeIgniter\CodeIgniter->run()
10 SYSTEMPATH\Commands\Server\rewrite.php(47): require_once('C:\\laragon\\www\\agrisync-main\\public\\index.php')
CRITICAL - 2024-02-10 16:43:25 --> Undefined variable $cansData
in APPPATH\Views\userfol\report.php on line 67.
 1 APPPATH\Views\userfol\report.php(67): CodeIgniter\Debug\Exceptions->errorHandler(2, 'Undefined variable $cansData', 'C:\\laragon\\www\\agrisync-main\\app\\Views\\userfol\\report.php', 67)
 2 SYSTEMPATH\View\View.php(226): include('C:\\laragon\\www\\agrisync-main\\app\\Views\\userfol\\report.php')
 3 SYSTEMPATH\View\View.php(229): CodeIgniter\View\View->CodeIgniter\View\{closure}()
 4 SYSTEMPATH\Common.php(1188): CodeIgniter\View\View->render('userfol/report', [], true)
 5 APPPATH\Controllers\LoginController.php(155): view('userfol/report')
 6 SYSTEMPATH\CodeIgniter.php(919): App\Controllers\LoginController->report()
 7 SYSTEMPATH\CodeIgniter.php(494): CodeIgniter\CodeIgniter->runController(Object(App\Controllers\LoginController))
 8 SYSTEMPATH\CodeIgniter.php(353): CodeIgniter\CodeIgniter->handleRequest(null, Object(Config\Cache), false)
 9 FCPATH\index.php(79): CodeIgniter\CodeIgniter->run()
10 SYSTEMPATH\Commands\Server\rewrite.php(47): require_once('C:\\laragon\\www\\agrisync-main\\public\\index.php')
CRITICAL - 2024-02-10 16:43:25 --> Undefined variable $cansData
in APPPATH\Views\userfol\report.php on line 67.
 1 APPPATH\Views\userfol\report.php(67): CodeIgniter\Debug\Exceptions->errorHandler(2, 'Undefined variable $cansData', 'C:\\laragon\\www\\agrisync-main\\app\\Views\\userfol\\report.php', 67)
 2 SYSTEMPATH\View\View.php(226): include('C:\\laragon\\www\\agrisync-main\\app\\Views\\userfol\\report.php')
 3 SYSTEMPATH\View\View.php(229): CodeIgniter\View\View->CodeIgniter\View\{closure}()
 4 SYSTEMPATH\Common.php(1188): CodeIgniter\View\View->render('userfol/report', [], true)
 5 APPPATH\Controllers\LoginController.php(155): view('userfol/report')
 6 SYSTEMPATH\CodeIgniter.php(919): App\Controllers\LoginController->report()
 7 SYSTEMPATH\CodeIgniter.php(494): CodeIgniter\CodeIgniter->runController(Object(App\Controllers\LoginController))
 8 SYSTEMPATH\CodeIgniter.php(353): CodeIgniter\CodeIgniter->handleRequest(null, Object(Config\Cache), false)
 9 FCPATH\index.php(79): CodeIgniter\CodeIgniter->run()
10 SYSTEMPATH\Commands\Server\rewrite.php(47): require_once('C:\\laragon\\www\\agrisync-main\\public\\index.php')
CRITICAL - 2024-02-10 16:43:25 --> Undefined variable $cansData
in APPPATH\Views\userfol\report.php on line 67.
 1 APPPATH\Views\userfol\report.php(67): CodeIgniter\Debug\Exceptions->errorHandler(2, 'Undefined variable $cansData', 'C:\\laragon\\www\\agrisync-main\\app\\Views\\userfol\\report.php', 67)
 2 SYSTEMPATH\View\View.php(226): include('C:\\laragon\\www\\agrisync-main\\app\\Views\\userfol\\report.php')
 3 SYSTEMPATH\View\View.php(229): CodeIgniter\View\View->CodeIgniter\View\{closure}()
 4 SYSTEMPATH\Common.php(1188): CodeIgniter\View\View->render('userfol/report', [], true)
 5 APPPATH\Controllers\LoginController.php(155): view('userfol/report')
 6 SYSTEMPATH\CodeIgniter.php(919): App\Controllers\LoginController->report()
 7 SYSTEMPATH\CodeIgniter.php(494): CodeIgniter\CodeIgniter->runController(Object(App\Controllers\LoginController))
 8 SYSTEMPATH\CodeIgniter.php(353): CodeIgniter\CodeIgniter->handleRequest(null, Object(Config\Cache), false)
 9 FCPATH\index.php(79): CodeIgniter\CodeIgniter->run()
10 SYSTEMPATH\Commands\Server\rewrite.php(47): require_once('C:\\laragon\\www\\agrisync-main\\public\\index.php')
CRITICAL - 2024-02-10 16:43:38 --> Undefined variable $damagedData
in APPPATH\Views\userfol\report.php on line 68.
 1 APPPATH\Views\userfol\report.php(68): CodeIgniter\Debug\Exceptions->errorHandler(2, 'Undefined variable $damagedData', 'C:\\laragon\\www\\agrisync-main\\app\\Views\\userfol\\report.php', 68)
 2 SYSTEMPATH\View\View.php(226): include('C:\\laragon\\www\\agrisync-main\\app\\Views\\userfol\\report.php')
 3 SYSTEMPATH\View\View.php(229): CodeIgniter\View\View->CodeIgniter\View\{closure}()
 4 SYSTEMPATH\Common.php(1188): CodeIgniter\View\View->render('userfol/report', [], true)
 5 APPPATH\Controllers\LoginController.php(155): view('userfol/report')
 6 SYSTEMPATH\CodeIgniter.php(919): App\Controllers\LoginController->report()
 7 SYSTEMPATH\CodeIgniter.php(494): CodeIgniter\CodeIgniter->runController(Object(App\Controllers\LoginController))
 8 SYSTEMPATH\CodeIgniter.php(353): CodeIgniter\CodeIgniter->handleRequest(null, Object(Config\Cache), false)
 9 FCPATH\index.php(79): CodeIgniter\CodeIgniter->run()
10 SYSTEMPATH\Commands\Server\rewrite.php(47): require_once('C:\\laragon\\www\\agrisync-main\\public\\index.php')
CRITICAL - 2024-02-10 16:44:37 --> Undefined variable $cansData
in APPPATH\Views\userfol\report.php on line 67.
 1 APPPATH\Views\userfol\report.php(67): CodeIgniter\Debug\Exceptions->errorHandler(2, 'Undefined variable $cansData', 'C:\\laragon\\www\\agrisync-main\\app\\Views\\userfol\\report.php', 67)
 2 SYSTEMPATH\View\View.php(226): include('C:\\laragon\\www\\agrisync-main\\app\\Views\\userfol\\report.php')
 3 SYSTEMPATH\View\View.php(229): CodeIgniter\View\View->CodeIgniter\View\{closure}()
 4 SYSTEMPATH\Common.php(1188): CodeIgniter\View\View->render('userfol/report', [], true)
 5 APPPATH\Controllers\LoginController.php(155): view('userfol/report')
 6 SYSTEMPATH\CodeIgniter.php(919): App\Controllers\LoginController->report()
 7 SYSTEMPATH\CodeIgniter.php(494): CodeIgniter\CodeIgniter->runController(Object(App\Controllers\LoginController))
 8 SYSTEMPATH\CodeIgniter.php(353): CodeIgniter\CodeIgniter->handleRequest(null, Object(Config\Cache), false)
 9 FCPATH\index.php(79): CodeIgniter\CodeIgniter->run()
10 SYSTEMPATH\Commands\Server\rewrite.php(47): require_once('C:\\laragon\\www\\agrisync-main\\public\\index.php')
CRITICAL - 2024-02-10 16:44:38 --> Undefined variable $cansData
in APPPATH\Views\userfol\report.php on line 67.
 1 APPPATH\Views\userfol\report.php(67): CodeIgniter\Debug\Exceptions->errorHandler(2, 'Undefined variable $cansData', 'C:\\laragon\\www\\agrisync-main\\app\\Views\\userfol\\report.php', 67)
 2 SYSTEMPATH\View\View.php(226): include('C:\\laragon\\www\\agrisync-main\\app\\Views\\userfol\\report.php')
 3 SYSTEMPATH\View\View.php(229): CodeIgniter\View\View->CodeIgniter\View\{closure}()
 4 SYSTEMPATH\Common.php(1188): CodeIgniter\View\View->render('userfol/report', [], true)
 5 APPPATH\Controllers\LoginController.php(155): view('userfol/report')
 6 SYSTEMPATH\CodeIgniter.php(919): App\Controllers\LoginController->report()
 7 SYSTEMPATH\CodeIgniter.php(494): CodeIgniter\CodeIgniter->runController(Object(App\Controllers\LoginController))
 8 SYSTEMPATH\CodeIgniter.php(353): CodeIgniter\CodeIgniter->handleRequest(null, Object(Config\Cache), false)
 9 FCPATH\index.php(79): CodeIgniter\CodeIgniter->run()
10 SYSTEMPATH\Commands\Server\rewrite.php(47): require_once('C:\\laragon\\www\\agrisync-main\\public\\index.php')
CRITICAL - 2024-02-10 16:44:39 --> Undefined variable $cansData
in APPPATH\Views\userfol\report.php on line 67.
 1 APPPATH\Views\userfol\report.php(67): CodeIgniter\Debug\Exceptions->errorHandler(2, 'Undefined variable $cansData', 'C:\\laragon\\www\\agrisync-main\\app\\Views\\userfol\\report.php', 67)
 2 SYSTEMPATH\View\View.php(226): include('C:\\laragon\\www\\agrisync-main\\app\\Views\\userfol\\report.php')
 3 SYSTEMPATH\View\View.php(229): CodeIgniter\View\View->CodeIgniter\View\{closure}()
 4 SYSTEMPATH\Common.php(1188): CodeIgniter\View\View->render('userfol/report', [], true)
 5 APPPATH\Controllers\LoginController.php(155): view('userfol/report')
 6 SYSTEMPATH\CodeIgniter.php(919): App\Controllers\LoginController->report()
 7 SYSTEMPATH\CodeIgniter.php(494): CodeIgniter\CodeIgniter->runController(Object(App\Controllers\LoginController))
 8 SYSTEMPATH\CodeIgniter.php(353): CodeIgniter\CodeIgniter->handleRequest(null, Object(Config\Cache), false)
 9 FCPATH\index.php(79): CodeIgniter\CodeIgniter->run()
10 SYSTEMPATH\Commands\Server\rewrite.php(47): require_once('C:\\laragon\\www\\agrisync-main\\public\\index.php')
CRITICAL - 2024-02-10 16:47:27 --> Undefined variable $cansData
in APPPATH\Views\userfol\report.php on line 67.
 1 APPPATH\Views\userfol\report.php(67): CodeIgniter\Debug\Exceptions->errorHandler(2, 'Undefined variable $cansData', 'C:\\laragon\\www\\agrisync-main\\app\\Views\\userfol\\report.php', 67)
 2 SYSTEMPATH\View\View.php(226): include('C:\\laragon\\www\\agrisync-main\\app\\Views\\userfol\\report.php')
 3 SYSTEMPATH\View\View.php(229): CodeIgniter\View\View->CodeIgniter\View\{closure}()
 4 SYSTEMPATH\Common.php(1188): CodeIgniter\View\View->render('userfol/report', [], true)
 5 APPPATH\Controllers\LoginController.php(155): view('userfol/report')
 6 SYSTEMPATH\CodeIgniter.php(919): App\Controllers\LoginController->report()
 7 SYSTEMPATH\CodeIgniter.php(494): CodeIgniter\CodeIgniter->runController(Object(App\Controllers\LoginController))
 8 SYSTEMPATH\CodeIgniter.php(353): CodeIgniter\CodeIgniter->handleRequest(null, Object(Config\Cache), false)
 9 FCPATH\index.php(79): CodeIgniter\CodeIgniter->run()
10 SYSTEMPATH\Commands\Server\rewrite.php(47): require_once('C:\\laragon\\www\\agrisync-main\\public\\index.php')
