CRITICAL - 2024-03-23 05:58:15 --> Undefined array key "expected_"
in APPPATH\Views\userinc\Formtable.php on line 421.
 1 APPPATH\Views\userinc\Formtable.php(421): CodeIgniter\Debug\Exceptions->errorHandler(2, 'Undefined array key "expected_"', 'C:\\laragon\\www\\semi-Final CAP\\app\\Views\\userinc\\Formtable.php', 421)
 2 SYSTEMPATH\View\View.php(226): include('C:\\laragon\\www\\semi-Final CAP\\app\\Views\\userinc\\Formtable.php')
 3 SYSTEMPATH\View\View.php(229): CodeIgniter\View\View->CodeIgniter\View\{closure}()
 4 SYSTEMPATH\View\View.php(467): CodeIgniter\View\View->render('/userinc/Formtable', null, true)
 5 APPPATH\Views\userfol\Forms.php(376): CodeIgniter\View\View->include('/userinc/Formtable')
 6 SYSTEMPATH\View\View.php(226): include('C:\\laragon\\www\\semi-Final CAP\\app\\Views\\userfol\\Forms.php')
 7 SYSTEMPATH\View\View.php(229): CodeIgniter\View\View->CodeIgniter\View\{closure}()
 8 SYSTEMPATH\Common.php(1188): CodeIgniter\View\View->render('userfol/Forms', [], true)
 9 APPPATH\Controllers\FormController.php(34): view('userfol/Forms', [...])
10 SYSTEMPATH\CodeIgniter.php(919): App\Controllers\FormController->Forms()
11 SYSTEMPATH\CodeIgniter.php(494): CodeIgniter\CodeIgniter->runController(Object(App\Controllers\FormController))
12 SYSTEMPATH\CodeIgniter.php(353): CodeIgniter\CodeIgniter->handleRequest(null, Object(Config\Cache), false)
13 FCPATH\index.php(79): CodeIgniter\CodeIgniter->run()
14 SYSTEMPATH\Commands\Server\rewrite.php(47): require_once('C:\\laragon\\www\\semi-Final CAP\\public\\index.php')
CRITICAL - 2024-03-23 10:24:45 --> Undefined variable $u
in APPPATH\Views\userinc\Formtable.php on line 131.
 1 APPPATH\Views\userinc\Formtable.php(131): CodeIgniter\Debug\Exceptions->errorHandler(2, 'Undefined variable $u', 'C:\\laragon\\www\\semi-Final CAP\\app\\Views\\userinc\\Formtable.php', 131)
 2 SYSTEMPATH\View\View.php(226): include('C:\\laragon\\www\\semi-Final CAP\\app\\Views\\userinc\\Formtable.php')
 3 SYSTEMPATH\View\View.php(229): CodeIgniter\View\View->CodeIgniter\View\{closure}()
 4 SYSTEMPATH\View\View.php(467): CodeIgniter\View\View->render('/userinc/Formtable', null, true)
 5 APPPATH\Views\userfol\Forms.php(376): CodeIgniter\View\View->include('/userinc/Formtable')
 6 SYSTEMPATH\View\View.php(226): include('C:\\laragon\\www\\semi-Final CAP\\app\\Views\\userfol\\Forms.php')
 7 SYSTEMPATH\View\View.php(229): CodeIgniter\View\View->CodeIgniter\View\{closure}()
 8 SYSTEMPATH\Common.php(1188): CodeIgniter\View\View->render('userfol/Forms', [], true)
 9 APPPATH\Controllers\FormController.php(34): view('userfol/Forms', [...])
10 SYSTEMPATH\CodeIgniter.php(919): App\Controllers\FormController->Forms()
11 SYSTEMPATH\CodeIgniter.php(494): CodeIgniter\CodeIgniter->runController(Object(App\Controllers\FormController))
12 SYSTEMPATH\CodeIgniter.php(353): CodeIgniter\CodeIgniter->handleRequest(null, Object(Config\Cache), false)
13 FCPATH\index.php(79): CodeIgniter\CodeIgniter->run()
14 SYSTEMPATH\Commands\Server\rewrite.php(47): require_once('C:\\laragon\\www\\semi-Final CAP\\public\\index.php')
CRITICAL - 2024-03-23 10:25:07 --> Undefined variable $u
in APPPATH\Views\userinc\Formtable.php on line 131.
 1 APPPATH\Views\userinc\Formtable.php(131): CodeIgniter\Debug\Exceptions->errorHandler(2, 'Undefined variable $u', 'C:\\laragon\\www\\semi-Final CAP\\app\\Views\\userinc\\Formtable.php', 131)
 2 SYSTEMPATH\View\View.php(226): include('C:\\laragon\\www\\semi-Final CAP\\app\\Views\\userinc\\Formtable.php')
 3 SYSTEMPATH\View\View.php(229): CodeIgniter\View\View->CodeIgniter\View\{closure}()
 4 SYSTEMPATH\View\View.php(467): CodeIgniter\View\View->render('/userinc/Formtable', null, true)
 5 APPPATH\Views\userfol\Forms.php(376): CodeIgniter\View\View->include('/userinc/Formtable')
 6 SYSTEMPATH\View\View.php(226): include('C:\\laragon\\www\\semi-Final CAP\\app\\Views\\userfol\\Forms.php')
 7 SYSTEMPATH\View\View.php(229): CodeIgniter\View\View->CodeIgniter\View\{closure}()
 8 SYSTEMPATH\Common.php(1188): CodeIgniter\View\View->render('userfol/Forms', [], true)
 9 APPPATH\Controllers\FormController.php(34): view('userfol/Forms', [...])
10 SYSTEMPATH\CodeIgniter.php(919): App\Controllers\FormController->Forms()
11 SYSTEMPATH\CodeIgniter.php(494): CodeIgniter\CodeIgniter->runController(Object(App\Controllers\FormController))
12 SYSTEMPATH\CodeIgniter.php(353): CodeIgniter\CodeIgniter->handleRequest(null, Object(Config\Cache), false)
13 FCPATH\index.php(79): CodeIgniter\CodeIgniter->run()
14 SYSTEMPATH\Commands\Server\rewrite.php(47): require_once('C:\\laragon\\www\\semi-Final CAP\\public\\index.php')
CRITICAL - 2024-03-23 10:25:09 --> Undefined variable $u
in APPPATH\Views\userinc\Formtable.php on line 131.
 1 APPPATH\Views\userinc\Formtable.php(131): CodeIgniter\Debug\Exceptions->errorHandler(2, 'Undefined variable $u', 'C:\\laragon\\www\\semi-Final CAP\\app\\Views\\userinc\\Formtable.php', 131)
 2 SYSTEMPATH\View\View.php(226): include('C:\\laragon\\www\\semi-Final CAP\\app\\Views\\userinc\\Formtable.php')
 3 SYSTEMPATH\View\View.php(229): CodeIgniter\View\View->CodeIgniter\View\{closure}()
 4 SYSTEMPATH\View\View.php(467): CodeIgniter\View\View->render('/userinc/Formtable', null, true)
 5 APPPATH\Views\userfol\Forms.php(376): CodeIgniter\View\View->include('/userinc/Formtable')
 6 SYSTEMPATH\View\View.php(226): include('C:\\laragon\\www\\semi-Final CAP\\app\\Views\\userfol\\Forms.php')
 7 SYSTEMPATH\View\View.php(229): CodeIgniter\View\View->CodeIgniter\View\{closure}()
 8 SYSTEMPATH\Common.php(1188): CodeIgniter\View\View->render('userfol/Forms', [], true)
 9 APPPATH\Controllers\FormController.php(34): view('userfol/Forms', [...])
10 SYSTEMPATH\CodeIgniter.php(919): App\Controllers\FormController->Forms()
11 SYSTEMPATH\CodeIgniter.php(494): CodeIgniter\CodeIgniter->runController(Object(App\Controllers\FormController))
12 SYSTEMPATH\CodeIgniter.php(353): CodeIgniter\CodeIgniter->handleRequest(null, Object(Config\Cache), false)
13 FCPATH\index.php(79): CodeIgniter\CodeIgniter->run()
14 SYSTEMPATH\Commands\Server\rewrite.php(47): require_once('C:\\laragon\\www\\semi-Final CAP\\public\\index.php')
CRITICAL - 2024-03-23 10:25:14 --> Undefined variable $u
in APPPATH\Views\userinc\Formtable.php on line 131.
 1 APPPATH\Views\userinc\Formtable.php(131): CodeIgniter\Debug\Exceptions->errorHandler(2, 'Undefined variable $u', 'C:\\laragon\\www\\semi-Final CAP\\app\\Views\\userinc\\Formtable.php', 131)
 2 SYSTEMPATH\View\View.php(226): include('C:\\laragon\\www\\semi-Final CAP\\app\\Views\\userinc\\Formtable.php')
 3 SYSTEMPATH\View\View.php(229): CodeIgniter\View\View->CodeIgniter\View\{closure}()
 4 SYSTEMPATH\View\View.php(467): CodeIgniter\View\View->render('/userinc/Formtable', null, true)
 5 APPPATH\Views\userfol\Forms.php(376): CodeIgniter\View\View->include('/userinc/Formtable')
 6 SYSTEMPATH\View\View.php(226): include('C:\\laragon\\www\\semi-Final CAP\\app\\Views\\userfol\\Forms.php')
 7 SYSTEMPATH\View\View.php(229): CodeIgniter\View\View->CodeIgniter\View\{closure}()
 8 SYSTEMPATH\Common.php(1188): CodeIgniter\View\View->render('userfol/Forms', [], true)
 9 APPPATH\Controllers\FormController.php(34): view('userfol/Forms', [...])
10 SYSTEMPATH\CodeIgniter.php(919): App\Controllers\FormController->Forms()
11 SYSTEMPATH\CodeIgniter.php(494): CodeIgniter\CodeIgniter->runController(Object(App\Controllers\FormController))
12 SYSTEMPATH\CodeIgniter.php(353): CodeIgniter\CodeIgniter->handleRequest(null, Object(Config\Cache), false)
13 FCPATH\index.php(79): CodeIgniter\CodeIgniter->run()
14 SYSTEMPATH\Commands\Server\rewrite.php(47): require_once('C:\\laragon\\www\\semi-Final CAP\\public\\index.php')
