CRITICAL - 2024-02-20 20:01:25 --> Undefined variable $totalDamages
in APPPATH\Views\userfol\dashboard.php on line 65.
 1 APPPATH\Views\userfol\dashboard.php(65): CodeIgniter\Debug\Exceptions->errorHandler(2, 'Undefined variable $totalDamages', 'C:\\laragon\\www\\agrisync-main\\app\\Views\\userfol\\dashboard.php', 65)
 2 SYSTEMPATH\View\View.php(226): include('C:\\laragon\\www\\agrisync-main\\app\\Views\\userfol\\dashboard.php')
 3 SYSTEMPATH\View\View.php(229): CodeIgniter\View\View->CodeIgniter\View\{closure}()
 4 SYSTEMPATH\Common.php(1188): CodeIgniter\View\View->render('userfol/dashboard', [], true)
 5 APPPATH\Controllers\LoginController.php(131): view('userfol/dashboard')
 6 SYSTEMPATH\CodeIgniter.php(919): App\Controllers\LoginController->dashboards()
 7 SYSTEMPATH\CodeIgniter.php(494): CodeIgniter\CodeIgniter->runController(Object(App\Controllers\LoginController))
 8 SYSTEMPATH\CodeIgniter.php(353): CodeIgniter\CodeIgniter->handleRequest(null, Object(Config\Cache), false)
 9 FCPATH\index.php(79): CodeIgniter\CodeIgniter->run()
10 SYSTEMPATH\Commands\Server\rewrite.php(47): require_once('C:\\laragon\\www\\agrisync-main\\public\\index.php')
CRITICAL - 2024-02-20 20:03:16 --> Undefined variable $totalDamage
in APPPATH\Views\userfol\dashboard.php on line 65.
 1 APPPATH\Views\userfol\dashboard.php(65): CodeIgniter\Debug\Exceptions->errorHandler(2, 'Undefined variable $totalDamage', 'C:\\laragon\\www\\agrisync-main\\app\\Views\\userfol\\dashboard.php', 65)
 2 SYSTEMPATH\View\View.php(226): include('C:\\laragon\\www\\agrisync-main\\app\\Views\\userfol\\dashboard.php')
 3 SYSTEMPATH\View\View.php(229): CodeIgniter\View\View->CodeIgniter\View\{closure}()
 4 SYSTEMPATH\Common.php(1188): CodeIgniter\View\View->render('userfol/dashboard', [], true)
 5 APPPATH\Controllers\LoginController.php(131): view('userfol/dashboard')
 6 SYSTEMPATH\CodeIgniter.php(919): App\Controllers\LoginController->dashboards()
 7 SYSTEMPATH\CodeIgniter.php(494): CodeIgniter\CodeIgniter->runController(Object(App\Controllers\LoginController))
 8 SYSTEMPATH\CodeIgniter.php(353): CodeIgniter\CodeIgniter->handleRequest(null, Object(Config\Cache), false)
 9 FCPATH\index.php(79): CodeIgniter\CodeIgniter->run()
10 SYSTEMPATH\Commands\Server\rewrite.php(47): require_once('C:\\laragon\\www\\agrisync-main\\public\\index.php')
CRITICAL - 2024-02-20 20:06:57 --> Undefined variable $info
in APPPATH\Views\userinc\Formtable.php on line 34.
 1 APPPATH\Views\userinc\Formtable.php(34): CodeIgniter\Debug\Exceptions->errorHandler(2, 'Undefined variable $info', 'C:\\laragon\\www\\agrisync-main\\app\\Views\\userinc\\Formtable.php', 34)
 2 SYSTEMPATH\View\View.php(226): include('C:\\laragon\\www\\agrisync-main\\app\\Views\\userinc\\Formtable.php')
 3 SYSTEMPATH\View\View.php(229): CodeIgniter\View\View->CodeIgniter\View\{closure}()
 4 SYSTEMPATH\View\View.php(467): CodeIgniter\View\View->render('/userinc/Formtable', null, true)
 5 APPPATH\Views\userfol\Forms.php(260): CodeIgniter\View\View->include('/userinc/Formtable')
 6 SYSTEMPATH\View\View.php(226): include('C:\\laragon\\www\\agrisync-main\\app\\Views\\userfol\\Forms.php')
 7 SYSTEMPATH\View\View.php(229): CodeIgniter\View\View->CodeIgniter\View\{closure}()
 8 SYSTEMPATH\Common.php(1188): CodeIgniter\View\View->render('userfol/Forms', [], true)
 9 APPPATH\Controllers\LoginController.php(211): view('userfol/Forms', [...])
10 SYSTEMPATH\CodeIgniter.php(919): App\Controllers\LoginController->save()
11 SYSTEMPATH\CodeIgniter.php(494): CodeIgniter\CodeIgniter->runController(Object(App\Controllers\LoginController))
12 SYSTEMPATH\CodeIgniter.php(353): CodeIgniter\CodeIgniter->handleRequest(null, Object(Config\Cache), false)
13 FCPATH\index.php(79): CodeIgniter\CodeIgniter->run()
14 SYSTEMPATH\Commands\Server\rewrite.php(47): require_once('C:\\laragon\\www\\agrisync-main\\public\\index.php')
CRITICAL - 2024-02-20 20:08:02 --> Undefined variable $info
in APPPATH\Views\userinc\Formtable.php on line 34.
 1 APPPATH\Views\userinc\Formtable.php(34): CodeIgniter\Debug\Exceptions->errorHandler(2, 'Undefined variable $info', 'C:\\laragon\\www\\agrisync-main\\app\\Views\\userinc\\Formtable.php', 34)
 2 SYSTEMPATH\View\View.php(226): include('C:\\laragon\\www\\agrisync-main\\app\\Views\\userinc\\Formtable.php')
 3 SYSTEMPATH\View\View.php(229): CodeIgniter\View\View->CodeIgniter\View\{closure}()
 4 SYSTEMPATH\View\View.php(467): CodeIgniter\View\View->render('/userinc/Formtable', null, true)
 5 APPPATH\Views\userfol\Forms.php(260): CodeIgniter\View\View->include('/userinc/Formtable')
 6 SYSTEMPATH\View\View.php(226): include('C:\\laragon\\www\\agrisync-main\\app\\Views\\userfol\\Forms.php')
 7 SYSTEMPATH\View\View.php(229): CodeIgniter\View\View->CodeIgniter\View\{closure}()
 8 SYSTEMPATH\Common.php(1188): CodeIgniter\View\View->render('userfol/Forms', [], true)
 9 APPPATH\Controllers\LoginController.php(211): view('userfol/Forms', [...])
10 SYSTEMPATH\CodeIgniter.php(919): App\Controllers\LoginController->save()
11 SYSTEMPATH\CodeIgniter.php(494): CodeIgniter\CodeIgniter->runController(Object(App\Controllers\LoginController))
12 SYSTEMPATH\CodeIgniter.php(353): CodeIgniter\CodeIgniter->handleRequest(null, Object(Config\Cache), false)
13 FCPATH\index.php(79): CodeIgniter\CodeIgniter->run()
14 SYSTEMPATH\Commands\Server\rewrite.php(47): require_once('C:\\laragon\\www\\agrisync-main\\public\\index.php')
CRITICAL - 2024-02-20 20:08:17 --> Undefined variable $info
in APPPATH\Views\userinc\Formtable.php on line 34.
 1 APPPATH\Views\userinc\Formtable.php(34): CodeIgniter\Debug\Exceptions->errorHandler(2, 'Undefined variable $info', 'C:\\laragon\\www\\agrisync-main\\app\\Views\\userinc\\Formtable.php', 34)
 2 SYSTEMPATH\View\View.php(226): include('C:\\laragon\\www\\agrisync-main\\app\\Views\\userinc\\Formtable.php')
 3 SYSTEMPATH\View\View.php(229): CodeIgniter\View\View->CodeIgniter\View\{closure}()
 4 SYSTEMPATH\View\View.php(467): CodeIgniter\View\View->render('/userinc/Formtable', null, true)
 5 APPPATH\Views\userfol\Forms.php(260): CodeIgniter\View\View->include('/userinc/Formtable')
 6 SYSTEMPATH\View\View.php(226): include('C:\\laragon\\www\\agrisync-main\\app\\Views\\userfol\\Forms.php')
 7 SYSTEMPATH\View\View.php(229): CodeIgniter\View\View->CodeIgniter\View\{closure}()
 8 SYSTEMPATH\Common.php(1188): CodeIgniter\View\View->render('userfol/Forms', [], true)
 9 APPPATH\Controllers\LoginController.php(211): view('userfol/Forms', [...])
10 SYSTEMPATH\CodeIgniter.php(919): App\Controllers\LoginController->save()
11 SYSTEMPATH\CodeIgniter.php(494): CodeIgniter\CodeIgniter->runController(Object(App\Controllers\LoginController))
12 SYSTEMPATH\CodeIgniter.php(353): CodeIgniter\CodeIgniter->handleRequest(null, Object(Config\Cache), false)
13 FCPATH\index.php(79): CodeIgniter\CodeIgniter->run()
14 SYSTEMPATH\Commands\Server\rewrite.php(47): require_once('C:\\laragon\\www\\agrisync-main\\public\\index.php')
CRITICAL - 2024-02-20 20:09:00 --> Undefined variable $info
in APPPATH\Views\userinc\Formtable.php on line 34.
 1 APPPATH\Views\userinc\Formtable.php(34): CodeIgniter\Debug\Exceptions->errorHandler(2, 'Undefined variable $info', 'C:\\laragon\\www\\agrisync-main\\app\\Views\\userinc\\Formtable.php', 34)
 2 SYSTEMPATH\View\View.php(226): include('C:\\laragon\\www\\agrisync-main\\app\\Views\\userinc\\Formtable.php')
 3 SYSTEMPATH\View\View.php(229): CodeIgniter\View\View->CodeIgniter\View\{closure}()
 4 SYSTEMPATH\View\View.php(467): CodeIgniter\View\View->render('/userinc/Formtable', null, true)
 5 APPPATH\Views\userfol\Forms.php(260): CodeIgniter\View\View->include('/userinc/Formtable')
 6 SYSTEMPATH\View\View.php(226): include('C:\\laragon\\www\\agrisync-main\\app\\Views\\userfol\\Forms.php')
 7 SYSTEMPATH\View\View.php(229): CodeIgniter\View\View->CodeIgniter\View\{closure}()
 8 SYSTEMPATH\Common.php(1188): CodeIgniter\View\View->render('userfol/Forms', [], true)
 9 APPPATH\Controllers\LoginController.php(211): view('userfol/Forms', [...])
10 SYSTEMPATH\CodeIgniter.php(919): App\Controllers\LoginController->save()
11 SYSTEMPATH\CodeIgniter.php(494): CodeIgniter\CodeIgniter->runController(Object(App\Controllers\LoginController))
12 SYSTEMPATH\CodeIgniter.php(353): CodeIgniter\CodeIgniter->handleRequest(null, Object(Config\Cache), false)
13 FCPATH\index.php(79): CodeIgniter\CodeIgniter->run()
14 SYSTEMPATH\Commands\Server\rewrite.php(47): require_once('C:\\laragon\\www\\agrisync-main\\public\\index.php')
CRITICAL - 2024-02-20 20:09:09 --> Undefined variable $info
in APPPATH\Views\userinc\Formtable.php on line 34.
 1 APPPATH\Views\userinc\Formtable.php(34): CodeIgniter\Debug\Exceptions->errorHandler(2, 'Undefined variable $info', 'C:\\laragon\\www\\agrisync-main\\app\\Views\\userinc\\Formtable.php', 34)
 2 SYSTEMPATH\View\View.php(226): include('C:\\laragon\\www\\agrisync-main\\app\\Views\\userinc\\Formtable.php')
 3 SYSTEMPATH\View\View.php(229): CodeIgniter\View\View->CodeIgniter\View\{closure}()
 4 SYSTEMPATH\View\View.php(467): CodeIgniter\View\View->render('/userinc/Formtable', null, true)
 5 APPPATH\Views\userfol\Forms.php(260): CodeIgniter\View\View->include('/userinc/Formtable')
 6 SYSTEMPATH\View\View.php(226): include('C:\\laragon\\www\\agrisync-main\\app\\Views\\userfol\\Forms.php')
 7 SYSTEMPATH\View\View.php(229): CodeIgniter\View\View->CodeIgniter\View\{closure}()
 8 SYSTEMPATH\Common.php(1188): CodeIgniter\View\View->render('userfol/Forms', [], true)
 9 APPPATH\Controllers\LoginController.php(211): view('userfol/Forms', [...])
10 SYSTEMPATH\CodeIgniter.php(919): App\Controllers\LoginController->save()
11 SYSTEMPATH\CodeIgniter.php(494): CodeIgniter\CodeIgniter->runController(Object(App\Controllers\LoginController))
12 SYSTEMPATH\CodeIgniter.php(353): CodeIgniter\CodeIgniter->handleRequest(null, Object(Config\Cache), false)
13 FCPATH\index.php(79): CodeIgniter\CodeIgniter->run()
14 SYSTEMPATH\Commands\Server\rewrite.php(47): require_once('C:\\laragon\\www\\agrisync-main\\public\\index.php')
CRITICAL - 2024-02-20 20:10:11 --> Undefined variable $info
in APPPATH\Views\userinc\Formtable.php on line 34.
 1 APPPATH\Views\userinc\Formtable.php(34): CodeIgniter\Debug\Exceptions->errorHandler(2, 'Undefined variable $info', 'C:\\laragon\\www\\agrisync-main\\app\\Views\\userinc\\Formtable.php', 34)
 2 SYSTEMPATH\View\View.php(226): include('C:\\laragon\\www\\agrisync-main\\app\\Views\\userinc\\Formtable.php')
 3 SYSTEMPATH\View\View.php(229): CodeIgniter\View\View->CodeIgniter\View\{closure}()
 4 SYSTEMPATH\View\View.php(467): CodeIgniter\View\View->render('/userinc/Formtable', null, true)
 5 APPPATH\Views\userfol\Forms.php(260): CodeIgniter\View\View->include('/userinc/Formtable')
 6 SYSTEMPATH\View\View.php(226): include('C:\\laragon\\www\\agrisync-main\\app\\Views\\userfol\\Forms.php')
 7 SYSTEMPATH\View\View.php(229): CodeIgniter\View\View->CodeIgniter\View\{closure}()
 8 SYSTEMPATH\Common.php(1188): CodeIgniter\View\View->render('userfol/Forms', [], true)
 9 APPPATH\Controllers\LoginController.php(211): view('userfol/Forms', [...])
10 SYSTEMPATH\CodeIgniter.php(919): App\Controllers\LoginController->save()
11 SYSTEMPATH\CodeIgniter.php(494): CodeIgniter\CodeIgniter->runController(Object(App\Controllers\LoginController))
12 SYSTEMPATH\CodeIgniter.php(353): CodeIgniter\CodeIgniter->handleRequest(null, Object(Config\Cache), false)
13 FCPATH\index.php(79): CodeIgniter\CodeIgniter->run()
14 SYSTEMPATH\Commands\Server\rewrite.php(47): require_once('C:\\laragon\\www\\agrisync-main\\public\\index.php')
CRITICAL - 2024-02-20 20:10:14 --> Undefined variable $info
in APPPATH\Views\userinc\Formtable.php on line 34.
 1 APPPATH\Views\userinc\Formtable.php(34): CodeIgniter\Debug\Exceptions->errorHandler(2, 'Undefined variable $info', 'C:\\laragon\\www\\agrisync-main\\app\\Views\\userinc\\Formtable.php', 34)
 2 SYSTEMPATH\View\View.php(226): include('C:\\laragon\\www\\agrisync-main\\app\\Views\\userinc\\Formtable.php')
 3 SYSTEMPATH\View\View.php(229): CodeIgniter\View\View->CodeIgniter\View\{closure}()
 4 SYSTEMPATH\View\View.php(467): CodeIgniter\View\View->render('/userinc/Formtable', null, true)
 5 APPPATH\Views\userfol\Forms.php(260): CodeIgniter\View\View->include('/userinc/Formtable')
 6 SYSTEMPATH\View\View.php(226): include('C:\\laragon\\www\\agrisync-main\\app\\Views\\userfol\\Forms.php')
 7 SYSTEMPATH\View\View.php(229): CodeIgniter\View\View->CodeIgniter\View\{closure}()
 8 SYSTEMPATH\Common.php(1188): CodeIgniter\View\View->render('userfol/Forms', [], true)
 9 APPPATH\Controllers\LoginController.php(211): view('userfol/Forms', [...])
10 SYSTEMPATH\CodeIgniter.php(919): App\Controllers\LoginController->save()
11 SYSTEMPATH\CodeIgniter.php(494): CodeIgniter\CodeIgniter->runController(Object(App\Controllers\LoginController))
12 SYSTEMPATH\CodeIgniter.php(353): CodeIgniter\CodeIgniter->handleRequest(null, Object(Config\Cache), false)
13 FCPATH\index.php(79): CodeIgniter\CodeIgniter->run()
14 SYSTEMPATH\Commands\Server\rewrite.php(47): require_once('C:\\laragon\\www\\agrisync-main\\public\\index.php')
CRITICAL - 2024-02-20 20:10:58 --> Undefined variable $info
in APPPATH\Views\userinc\Formtable.php on line 34.
 1 APPPATH\Views\userinc\Formtable.php(34): CodeIgniter\Debug\Exceptions->errorHandler(2, 'Undefined variable $info', 'C:\\laragon\\www\\agrisync-main\\app\\Views\\userinc\\Formtable.php', 34)
 2 SYSTEMPATH\View\View.php(226): include('C:\\laragon\\www\\agrisync-main\\app\\Views\\userinc\\Formtable.php')
 3 SYSTEMPATH\View\View.php(229): CodeIgniter\View\View->CodeIgniter\View\{closure}()
 4 SYSTEMPATH\View\View.php(467): CodeIgniter\View\View->render('/userinc/Formtable', null, true)
 5 APPPATH\Views\userfol\Forms.php(260): CodeIgniter\View\View->include('/userinc/Formtable')
 6 SYSTEMPATH\View\View.php(226): include('C:\\laragon\\www\\agrisync-main\\app\\Views\\userfol\\Forms.php')
 7 SYSTEMPATH\View\View.php(229): CodeIgniter\View\View->CodeIgniter\View\{closure}()
 8 SYSTEMPATH\Common.php(1188): CodeIgniter\View\View->render('userfol/Forms', [], true)
 9 APPPATH\Controllers\LoginController.php(211): view('userfol/Forms', [...])
10 SYSTEMPATH\CodeIgniter.php(919): App\Controllers\LoginController->save()
11 SYSTEMPATH\CodeIgniter.php(494): CodeIgniter\CodeIgniter->runController(Object(App\Controllers\LoginController))
12 SYSTEMPATH\CodeIgniter.php(353): CodeIgniter\CodeIgniter->handleRequest(null, Object(Config\Cache), false)
13 FCPATH\index.php(79): CodeIgniter\CodeIgniter->run()
14 SYSTEMPATH\Commands\Server\rewrite.php(47): require_once('C:\\laragon\\www\\agrisync-main\\public\\index.php')
CRITICAL - 2024-02-20 20:11:36 --> Undefined variable $info
in APPPATH\Views\userinc\Formtable.php on line 34.
 1 APPPATH\Views\userinc\Formtable.php(34): CodeIgniter\Debug\Exceptions->errorHandler(2, 'Undefined variable $info', 'C:\\laragon\\www\\agrisync-main\\app\\Views\\userinc\\Formtable.php', 34)
 2 SYSTEMPATH\View\View.php(226): include('C:\\laragon\\www\\agrisync-main\\app\\Views\\userinc\\Formtable.php')
 3 SYSTEMPATH\View\View.php(229): CodeIgniter\View\View->CodeIgniter\View\{closure}()
 4 SYSTEMPATH\View\View.php(467): CodeIgniter\View\View->render('/userinc/Formtable', null, true)
 5 APPPATH\Views\userfol\Forms.php(260): CodeIgniter\View\View->include('/userinc/Formtable')
 6 SYSTEMPATH\View\View.php(226): include('C:\\laragon\\www\\agrisync-main\\app\\Views\\userfol\\Forms.php')
 7 SYSTEMPATH\View\View.php(229): CodeIgniter\View\View->CodeIgniter\View\{closure}()
 8 SYSTEMPATH\Common.php(1188): CodeIgniter\View\View->render('userfol/Forms', [], true)
 9 APPPATH\Controllers\LoginController.php(211): view('userfol/Forms', [...])
10 SYSTEMPATH\CodeIgniter.php(919): App\Controllers\LoginController->save()
11 SYSTEMPATH\CodeIgniter.php(494): CodeIgniter\CodeIgniter->runController(Object(App\Controllers\LoginController))
12 SYSTEMPATH\CodeIgniter.php(353): CodeIgniter\CodeIgniter->handleRequest(null, Object(Config\Cache), false)
13 FCPATH\index.php(79): CodeIgniter\CodeIgniter->run()
14 SYSTEMPATH\Commands\Server\rewrite.php(47): require_once('C:\\laragon\\www\\agrisync-main\\public\\index.php')
CRITICAL - 2024-02-20 20:12:36 --> Undefined variable $info
in APPPATH\Views\userinc\Formtable.php on line 34.
 1 APPPATH\Views\userinc\Formtable.php(34): CodeIgniter\Debug\Exceptions->errorHandler(2, 'Undefined variable $info', 'C:\\laragon\\www\\agrisync-main\\app\\Views\\userinc\\Formtable.php', 34)
 2 SYSTEMPATH\View\View.php(226): include('C:\\laragon\\www\\agrisync-main\\app\\Views\\userinc\\Formtable.php')
 3 SYSTEMPATH\View\View.php(229): CodeIgniter\View\View->CodeIgniter\View\{closure}()
 4 SYSTEMPATH\View\View.php(467): CodeIgniter\View\View->render('/userinc/Formtable', null, true)
 5 APPPATH\Views\userfol\report.php(62): CodeIgniter\View\View->include('/userinc/Formtable')
 6 SYSTEMPATH\View\View.php(226): include('C:\\laragon\\www\\agrisync-main\\app\\Views\\userfol\\report.php')
 7 SYSTEMPATH\View\View.php(229): CodeIgniter\View\View->CodeIgniter\View\{closure}()
 8 SYSTEMPATH\Common.php(1188): CodeIgniter\View\View->render('userfol/report', [], true)
 9 APPPATH\Controllers\LoginController.php(155): view('userfol/report')
10 SYSTEMPATH\CodeIgniter.php(919): App\Controllers\LoginController->report()
11 SYSTEMPATH\CodeIgniter.php(494): CodeIgniter\CodeIgniter->runController(Object(App\Controllers\LoginController))
12 SYSTEMPATH\CodeIgniter.php(353): CodeIgniter\CodeIgniter->handleRequest(null, Object(Config\Cache), false)
13 FCPATH\index.php(79): CodeIgniter\CodeIgniter->run()
14 SYSTEMPATH\Commands\Server\rewrite.php(47): require_once('C:\\laragon\\www\\agrisync-main\\public\\index.php')
CRITICAL - 2024-02-20 20:13:32 --> Undefined variable $info
in APPPATH\Views\userinc\Formtable.php on line 34.
 1 APPPATH\Views\userinc\Formtable.php(34): CodeIgniter\Debug\Exceptions->errorHandler(2, 'Undefined variable $info', 'C:\\laragon\\www\\agrisync-main\\app\\Views\\userinc\\Formtable.php', 34)
 2 SYSTEMPATH\View\View.php(226): include('C:\\laragon\\www\\agrisync-main\\app\\Views\\userinc\\Formtable.php')
 3 SYSTEMPATH\View\View.php(229): CodeIgniter\View\View->CodeIgniter\View\{closure}()
 4 SYSTEMPATH\View\View.php(467): CodeIgniter\View\View->render('/userinc/Formtable', null, true)
 5 APPPATH\Views\userfol\Forms.php(260): CodeIgniter\View\View->include('/userinc/Formtable')
 6 SYSTEMPATH\View\View.php(226): include('C:\\laragon\\www\\agrisync-main\\app\\Views\\userfol\\Forms.php')
 7 SYSTEMPATH\View\View.php(229): CodeIgniter\View\View->CodeIgniter\View\{closure}()
 8 SYSTEMPATH\Common.php(1188): CodeIgniter\View\View->render('userfol/Forms', [], true)
 9 APPPATH\Controllers\LoginController.php(211): view('userfol/Forms', [...])
10 SYSTEMPATH\CodeIgniter.php(919): App\Controllers\LoginController->save()
11 SYSTEMPATH\CodeIgniter.php(494): CodeIgniter\CodeIgniter->runController(Object(App\Controllers\LoginController))
12 SYSTEMPATH\CodeIgniter.php(353): CodeIgniter\CodeIgniter->handleRequest(null, Object(Config\Cache), false)
13 FCPATH\index.php(79): CodeIgniter\CodeIgniter->run()
14 SYSTEMPATH\Commands\Server\rewrite.php(47): require_once('C:\\laragon\\www\\agrisync-main\\public\\index.php')
CRITICAL - 2024-02-20 20:14:51 --> Undefined variable $info
in APPPATH\Views\userinc\Formtable.php on line 34.
 1 APPPATH\Views\userinc\Formtable.php(34): CodeIgniter\Debug\Exceptions->errorHandler(2, 'Undefined variable $info', 'C:\\laragon\\www\\agrisync-main\\app\\Views\\userinc\\Formtable.php', 34)
 2 SYSTEMPATH\View\View.php(226): include('C:\\laragon\\www\\agrisync-main\\app\\Views\\userinc\\Formtable.php')
 3 SYSTEMPATH\View\View.php(229): CodeIgniter\View\View->CodeIgniter\View\{closure}()
 4 SYSTEMPATH\View\View.php(467): CodeIgniter\View\View->render('/userinc/Formtable', null, true)
 5 APPPATH\Views\userfol\Forms.php(260): CodeIgniter\View\View->include('/userinc/Formtable')
 6 SYSTEMPATH\View\View.php(226): include('C:\\laragon\\www\\agrisync-main\\app\\Views\\userfol\\Forms.php')
 7 SYSTEMPATH\View\View.php(229): CodeIgniter\View\View->CodeIgniter\View\{closure}()
 8 SYSTEMPATH\Common.php(1188): CodeIgniter\View\View->render('userfol/Forms', [], true)
 9 APPPATH\Controllers\LoginController.php(211): view('userfol/Forms', [...])
10 SYSTEMPATH\CodeIgniter.php(919): App\Controllers\LoginController->save()
11 SYSTEMPATH\CodeIgniter.php(494): CodeIgniter\CodeIgniter->runController(Object(App\Controllers\LoginController))
12 SYSTEMPATH\CodeIgniter.php(353): CodeIgniter\CodeIgniter->handleRequest(null, Object(Config\Cache), false)
13 FCPATH\index.php(79): CodeIgniter\CodeIgniter->run()
14 SYSTEMPATH\Commands\Server\rewrite.php(47): require_once('C:\\laragon\\www\\agrisync-main\\public\\index.php')
CRITICAL - 2024-02-20 20:15:46 --> Undefined variable $in
in APPPATH\Views\userinc\Formtable.php on line 55.
 1 APPPATH\Views\userinc\Formtable.php(55): CodeIgniter\Debug\Exceptions->errorHandler(2, 'Undefined variable $in', 'C:\\laragon\\www\\agrisync-main\\app\\Views\\userinc\\Formtable.php', 55)
 2 SYSTEMPATH\View\View.php(226): include('C:\\laragon\\www\\agrisync-main\\app\\Views\\userinc\\Formtable.php')
 3 SYSTEMPATH\View\View.php(229): CodeIgniter\View\View->CodeIgniter\View\{closure}()
 4 SYSTEMPATH\View\View.php(467): CodeIgniter\View\View->render('/userinc/Formtable', null, true)
 5 APPPATH\Views\userfol\Forms.php(260): CodeIgniter\View\View->include('/userinc/Formtable')
 6 SYSTEMPATH\View\View.php(226): include('C:\\laragon\\www\\agrisync-main\\app\\Views\\userfol\\Forms.php')
 7 SYSTEMPATH\View\View.php(229): CodeIgniter\View\View->CodeIgniter\View\{closure}()
 8 SYSTEMPATH\Common.php(1188): CodeIgniter\View\View->render('userfol/Forms', [], true)
 9 APPPATH\Controllers\LoginController.php(182): view('userfol/Forms', [...])
10 SYSTEMPATH\CodeIgniter.php(919): App\Controllers\LoginController->Forms()
11 SYSTEMPATH\CodeIgniter.php(494): CodeIgniter\CodeIgniter->runController(Object(App\Controllers\LoginController))
12 SYSTEMPATH\CodeIgniter.php(353): CodeIgniter\CodeIgniter->handleRequest(null, Object(Config\Cache), false)
13 FCPATH\index.php(79): CodeIgniter\CodeIgniter->run()
14 SYSTEMPATH\Commands\Server\rewrite.php(47): require_once('C:\\laragon\\www\\agrisync-main\\public\\index.php')
CRITICAL - 2024-02-20 20:21:00 --> Undefined variable $info
in APPPATH\Views\userinc\Formtable.php on line 34.
 1 APPPATH\Views\userinc\Formtable.php(34): CodeIgniter\Debug\Exceptions->errorHandler(2, 'Undefined variable $info', 'C:\\laragon\\www\\agrisync-main\\app\\Views\\userinc\\Formtable.php', 34)
 2 SYSTEMPATH\View\View.php(226): include('C:\\laragon\\www\\agrisync-main\\app\\Views\\userinc\\Formtable.php')
 3 SYSTEMPATH\View\View.php(229): CodeIgniter\View\View->CodeIgniter\View\{closure}()
 4 SYSTEMPATH\View\View.php(467): CodeIgniter\View\View->render('/userinc/Formtable', null, true)
 5 APPPATH\Views\userfol\report.php(62): CodeIgniter\View\View->include('/userinc/Formtable')
 6 SYSTEMPATH\View\View.php(226): include('C:\\laragon\\www\\agrisync-main\\app\\Views\\userfol\\report.php')
 7 SYSTEMPATH\View\View.php(229): CodeIgniter\View\View->CodeIgniter\View\{closure}()
 8 SYSTEMPATH\Common.php(1188): CodeIgniter\View\View->render('userfol/report', [], true)
 9 APPPATH\Controllers\LoginController.php(155): view('userfol/report')
10 SYSTEMPATH\CodeIgniter.php(919): App\Controllers\LoginController->report()
11 SYSTEMPATH\CodeIgniter.php(494): CodeIgniter\CodeIgniter->runController(Object(App\Controllers\LoginController))
12 SYSTEMPATH\CodeIgniter.php(353): CodeIgniter\CodeIgniter->handleRequest(null, Object(Config\Cache), false)
13 FCPATH\index.php(79): CodeIgniter\CodeIgniter->run()
14 SYSTEMPATH\Commands\Server\rewrite.php(47): require_once('C:\\laragon\\www\\agrisync-main\\public\\index.php')
CRITICAL - 2024-02-20 20:23:00 --> Undefined variable $info
in APPPATH\Views\userinc\Formtable.php on line 34.
 1 APPPATH\Views\userinc\Formtable.php(34): CodeIgniter\Debug\Exceptions->errorHandler(2, 'Undefined variable $info', 'C:\\laragon\\www\\agrisync-main\\app\\Views\\userinc\\Formtable.php', 34)
 2 SYSTEMPATH\View\View.php(226): include('C:\\laragon\\www\\agrisync-main\\app\\Views\\userinc\\Formtable.php')
 3 SYSTEMPATH\View\View.php(229): CodeIgniter\View\View->CodeIgniter\View\{closure}()
 4 SYSTEMPATH\View\View.php(467): CodeIgniter\View\View->render('/userinc/Formtable', null, true)
 5 APPPATH\Views\userfol\report.php(62): CodeIgniter\View\View->include('/userinc/Formtable')
 6 SYSTEMPATH\View\View.php(226): include('C:\\laragon\\www\\agrisync-main\\app\\Views\\userfol\\report.php')
 7 SYSTEMPATH\View\View.php(229): CodeIgniter\View\View->CodeIgniter\View\{closure}()
 8 SYSTEMPATH\Common.php(1188): CodeIgniter\View\View->render('userfol/report', [], true)
 9 APPPATH\Controllers\LoginController.php(155): view('userfol/report')
10 SYSTEMPATH\CodeIgniter.php(919): App\Controllers\LoginController->report()
11 SYSTEMPATH\CodeIgniter.php(494): CodeIgniter\CodeIgniter->runController(Object(App\Controllers\LoginController))
12 SYSTEMPATH\CodeIgniter.php(353): CodeIgniter\CodeIgniter->handleRequest(null, Object(Config\Cache), false)
13 FCPATH\index.php(79): CodeIgniter\CodeIgniter->run()
14 SYSTEMPATH\Commands\Server\rewrite.php(47): require_once('C:\\laragon\\www\\agrisync-main\\public\\index.php')
CRITICAL - 2024-02-20 20:23:02 --> Undefined variable $info
in APPPATH\Views\userinc\Formtable.php on line 34.
 1 APPPATH\Views\userinc\Formtable.php(34): CodeIgniter\Debug\Exceptions->errorHandler(2, 'Undefined variable $info', 'C:\\laragon\\www\\agrisync-main\\app\\Views\\userinc\\Formtable.php', 34)
 2 SYSTEMPATH\View\View.php(226): include('C:\\laragon\\www\\agrisync-main\\app\\Views\\userinc\\Formtable.php')
 3 SYSTEMPATH\View\View.php(229): CodeIgniter\View\View->CodeIgniter\View\{closure}()
 4 SYSTEMPATH\View\View.php(467): CodeIgniter\View\View->render('/userinc/Formtable', null, true)
 5 APPPATH\Views\userfol\report.php(62): CodeIgniter\View\View->include('/userinc/Formtable')
 6 SYSTEMPATH\View\View.php(226): include('C:\\laragon\\www\\agrisync-main\\app\\Views\\userfol\\report.php')
 7 SYSTEMPATH\View\View.php(229): CodeIgniter\View\View->CodeIgniter\View\{closure}()
 8 SYSTEMPATH\Common.php(1188): CodeIgniter\View\View->render('userfol/report', [], true)
 9 APPPATH\Controllers\LoginController.php(155): view('userfol/report')
10 SYSTEMPATH\CodeIgniter.php(919): App\Controllers\LoginController->report()
11 SYSTEMPATH\CodeIgniter.php(494): CodeIgniter\CodeIgniter->runController(Object(App\Controllers\LoginController))
12 SYSTEMPATH\CodeIgniter.php(353): CodeIgniter\CodeIgniter->handleRequest(null, Object(Config\Cache), false)
13 FCPATH\index.php(79): CodeIgniter\CodeIgniter->run()
14 SYSTEMPATH\Commands\Server\rewrite.php(47): require_once('C:\\laragon\\www\\agrisync-main\\public\\index.php')
CRITICAL - 2024-02-20 20:23:02 --> Undefined variable $info
in APPPATH\Views\userinc\Formtable.php on line 34.
 1 APPPATH\Views\userinc\Formtable.php(34): CodeIgniter\Debug\Exceptions->errorHandler(2, 'Undefined variable $info', 'C:\\laragon\\www\\agrisync-main\\app\\Views\\userinc\\Formtable.php', 34)
 2 SYSTEMPATH\View\View.php(226): include('C:\\laragon\\www\\agrisync-main\\app\\Views\\userinc\\Formtable.php')
 3 SYSTEMPATH\View\View.php(229): CodeIgniter\View\View->CodeIgniter\View\{closure}()
 4 SYSTEMPATH\View\View.php(467): CodeIgniter\View\View->render('/userinc/Formtable', null, true)
 5 APPPATH\Views\userfol\report.php(62): CodeIgniter\View\View->include('/userinc/Formtable')
 6 SYSTEMPATH\View\View.php(226): include('C:\\laragon\\www\\agrisync-main\\app\\Views\\userfol\\report.php')
 7 SYSTEMPATH\View\View.php(229): CodeIgniter\View\View->CodeIgniter\View\{closure}()
 8 SYSTEMPATH\Common.php(1188): CodeIgniter\View\View->render('userfol/report', [], true)
 9 APPPATH\Controllers\LoginController.php(155): view('userfol/report')
10 SYSTEMPATH\CodeIgniter.php(919): App\Controllers\LoginController->report()
11 SYSTEMPATH\CodeIgniter.php(494): CodeIgniter\CodeIgniter->runController(Object(App\Controllers\LoginController))
12 SYSTEMPATH\CodeIgniter.php(353): CodeIgniter\CodeIgniter->handleRequest(null, Object(Config\Cache), false)
13 FCPATH\index.php(79): CodeIgniter\CodeIgniter->run()
14 SYSTEMPATH\Commands\Server\rewrite.php(47): require_once('C:\\laragon\\www\\agrisync-main\\public\\index.php')
CRITICAL - 2024-02-20 20:23:02 --> Undefined variable $info
in APPPATH\Views\userinc\Formtable.php on line 34.
 1 APPPATH\Views\userinc\Formtable.php(34): CodeIgniter\Debug\Exceptions->errorHandler(2, 'Undefined variable $info', 'C:\\laragon\\www\\agrisync-main\\app\\Views\\userinc\\Formtable.php', 34)
 2 SYSTEMPATH\View\View.php(226): include('C:\\laragon\\www\\agrisync-main\\app\\Views\\userinc\\Formtable.php')
 3 SYSTEMPATH\View\View.php(229): CodeIgniter\View\View->CodeIgniter\View\{closure}()
 4 SYSTEMPATH\View\View.php(467): CodeIgniter\View\View->render('/userinc/Formtable', null, true)
 5 APPPATH\Views\userfol\report.php(62): CodeIgniter\View\View->include('/userinc/Formtable')
 6 SYSTEMPATH\View\View.php(226): include('C:\\laragon\\www\\agrisync-main\\app\\Views\\userfol\\report.php')
 7 SYSTEMPATH\View\View.php(229): CodeIgniter\View\View->CodeIgniter\View\{closure}()
 8 SYSTEMPATH\Common.php(1188): CodeIgniter\View\View->render('userfol/report', [], true)
 9 APPPATH\Controllers\LoginController.php(155): view('userfol/report')
10 SYSTEMPATH\CodeIgniter.php(919): App\Controllers\LoginController->report()
11 SYSTEMPATH\CodeIgniter.php(494): CodeIgniter\CodeIgniter->runController(Object(App\Controllers\LoginController))
12 SYSTEMPATH\CodeIgniter.php(353): CodeIgniter\CodeIgniter->handleRequest(null, Object(Config\Cache), false)
13 FCPATH\index.php(79): CodeIgniter\CodeIgniter->run()
14 SYSTEMPATH\Commands\Server\rewrite.php(47): require_once('C:\\laragon\\www\\agrisync-main\\public\\index.php')
CRITICAL - 2024-02-20 20:23:13 --> Undefined variable $info
in APPPATH\Views\userinc\Formtable.php on line 34.
 1 APPPATH\Views\userinc\Formtable.php(34): CodeIgniter\Debug\Exceptions->errorHandler(2, 'Undefined variable $info', 'C:\\laragon\\www\\agrisync-main\\app\\Views\\userinc\\Formtable.php', 34)
 2 SYSTEMPATH\View\View.php(226): include('C:\\laragon\\www\\agrisync-main\\app\\Views\\userinc\\Formtable.php')
 3 SYSTEMPATH\View\View.php(229): CodeIgniter\View\View->CodeIgniter\View\{closure}()
 4 SYSTEMPATH\View\View.php(467): CodeIgniter\View\View->render('/userinc/Formtable', null, true)
 5 APPPATH\Views\userfol\report.php(62): CodeIgniter\View\View->include('/userinc/Formtable')
 6 SYSTEMPATH\View\View.php(226): include('C:\\laragon\\www\\agrisync-main\\app\\Views\\userfol\\report.php')
 7 SYSTEMPATH\View\View.php(229): CodeIgniter\View\View->CodeIgniter\View\{closure}()
 8 SYSTEMPATH\Common.php(1188): CodeIgniter\View\View->render('userfol/report', [], true)
 9 APPPATH\Controllers\LoginController.php(155): view('userfol/report')
10 SYSTEMPATH\CodeIgniter.php(919): App\Controllers\LoginController->report()
11 SYSTEMPATH\CodeIgniter.php(494): CodeIgniter\CodeIgniter->runController(Object(App\Controllers\LoginController))
12 SYSTEMPATH\CodeIgniter.php(353): CodeIgniter\CodeIgniter->handleRequest(null, Object(Config\Cache), false)
13 FCPATH\index.php(79): CodeIgniter\CodeIgniter->run()
14 SYSTEMPATH\Commands\Server\rewrite.php(47): require_once('C:\\laragon\\www\\agrisync-main\\public\\index.php')
CRITICAL - 2024-02-20 20:24:48 --> Undefined variable $info
in APPPATH\Views\userinc\Formtable.php on line 34.
 1 APPPATH\Views\userinc\Formtable.php(34): CodeIgniter\Debug\Exceptions->errorHandler(2, 'Undefined variable $info', 'C:\\laragon\\www\\agrisync-main\\app\\Views\\userinc\\Formtable.php', 34)
 2 SYSTEMPATH\View\View.php(226): include('C:\\laragon\\www\\agrisync-main\\app\\Views\\userinc\\Formtable.php')
 3 SYSTEMPATH\View\View.php(229): CodeIgniter\View\View->CodeIgniter\View\{closure}()
 4 SYSTEMPATH\View\View.php(467): CodeIgniter\View\View->render('/userinc/Formtable', null, true)
 5 APPPATH\Views\userfol\report.php(62): CodeIgniter\View\View->include('/userinc/Formtable')
 6 SYSTEMPATH\View\View.php(226): include('C:\\laragon\\www\\agrisync-main\\app\\Views\\userfol\\report.php')
 7 SYSTEMPATH\View\View.php(229): CodeIgniter\View\View->CodeIgniter\View\{closure}()
 8 SYSTEMPATH\Common.php(1188): CodeIgniter\View\View->render('userfol/report', [], true)
 9 APPPATH\Controllers\LoginController.php(155): view('userfol/report')
10 SYSTEMPATH\CodeIgniter.php(919): App\Controllers\LoginController->report()
11 SYSTEMPATH\CodeIgniter.php(494): CodeIgniter\CodeIgniter->runController(Object(App\Controllers\LoginController))
12 SYSTEMPATH\CodeIgniter.php(353): CodeIgniter\CodeIgniter->handleRequest(null, Object(Config\Cache), false)
13 FCPATH\index.php(79): CodeIgniter\CodeIgniter->run()
14 SYSTEMPATH\Commands\Server\rewrite.php(47): require_once('C:\\laragon\\www\\agrisync-main\\public\\index.php')
CRITICAL - 2024-02-20 20:25:31 --> Undefined variable $info
in APPPATH\Views\userinc\Formtable.php on line 34.
 1 APPPATH\Views\userinc\Formtable.php(34): CodeIgniter\Debug\Exceptions->errorHandler(2, 'Undefined variable $info', 'C:\\laragon\\www\\agrisync-main\\app\\Views\\userinc\\Formtable.php', 34)
 2 SYSTEMPATH\View\View.php(226): include('C:\\laragon\\www\\agrisync-main\\app\\Views\\userinc\\Formtable.php')
 3 SYSTEMPATH\View\View.php(229): CodeIgniter\View\View->CodeIgniter\View\{closure}()
 4 SYSTEMPATH\View\View.php(467): CodeIgniter\View\View->render('/userinc/Formtable', null, true)
 5 APPPATH\Views\userfol\Forms.php(260): CodeIgniter\View\View->include('/userinc/Formtable')
 6 SYSTEMPATH\View\View.php(226): include('C:\\laragon\\www\\agrisync-main\\app\\Views\\userfol\\Forms.php')
 7 SYSTEMPATH\View\View.php(229): CodeIgniter\View\View->CodeIgniter\View\{closure}()
 8 SYSTEMPATH\Common.php(1188): CodeIgniter\View\View->render('userfol/Forms', [], true)
 9 APPPATH\Controllers\LoginController.php(211): view('userfol/Forms', [...])
10 SYSTEMPATH\CodeIgniter.php(919): App\Controllers\LoginController->save()
11 SYSTEMPATH\CodeIgniter.php(494): CodeIgniter\CodeIgniter->runController(Object(App\Controllers\LoginController))
12 SYSTEMPATH\CodeIgniter.php(353): CodeIgniter\CodeIgniter->handleRequest(null, Object(Config\Cache), false)
13 FCPATH\index.php(79): CodeIgniter\CodeIgniter->run()
14 SYSTEMPATH\Commands\Server\rewrite.php(47): require_once('C:\\laragon\\www\\agrisync-main\\public\\index.php')
CRITICAL - 2024-02-20 20:25:51 --> Undefined variable $info
in APPPATH\Views\userinc\Formtable.php on line 34.
 1 APPPATH\Views\userinc\Formtable.php(34): CodeIgniter\Debug\Exceptions->errorHandler(2, 'Undefined variable $info', 'C:\\laragon\\www\\agrisync-main\\app\\Views\\userinc\\Formtable.php', 34)
 2 SYSTEMPATH\View\View.php(226): include('C:\\laragon\\www\\agrisync-main\\app\\Views\\userinc\\Formtable.php')
 3 SYSTEMPATH\View\View.php(229): CodeIgniter\View\View->CodeIgniter\View\{closure}()
 4 SYSTEMPATH\View\View.php(467): CodeIgniter\View\View->render('/userinc/Formtable', null, true)
 5 APPPATH\Views\userfol\report.php(62): CodeIgniter\View\View->include('/userinc/Formtable')
 6 SYSTEMPATH\View\View.php(226): include('C:\\laragon\\www\\agrisync-main\\app\\Views\\userfol\\report.php')
 7 SYSTEMPATH\View\View.php(229): CodeIgniter\View\View->CodeIgniter\View\{closure}()
 8 SYSTEMPATH\Common.php(1188): CodeIgniter\View\View->render('userfol/report', [], true)
 9 APPPATH\Controllers\LoginController.php(155): view('userfol/report')
10 SYSTEMPATH\CodeIgniter.php(919): App\Controllers\LoginController->report()
11 SYSTEMPATH\CodeIgniter.php(494): CodeIgniter\CodeIgniter->runController(Object(App\Controllers\LoginController))
12 SYSTEMPATH\CodeIgniter.php(353): CodeIgniter\CodeIgniter->handleRequest(null, Object(Config\Cache), false)
13 FCPATH\index.php(79): CodeIgniter\CodeIgniter->run()
14 SYSTEMPATH\Commands\Server\rewrite.php(47): require_once('C:\\laragon\\www\\agrisync-main\\public\\index.php')
CRITICAL - 2024-02-20 20:28:35 --> Undefined variable $info
in APPPATH\Views\userinc\Formtable.php on line 34.
 1 APPPATH\Views\userinc\Formtable.php(34): CodeIgniter\Debug\Exceptions->errorHandler(2, 'Undefined variable $info', 'C:\\laragon\\www\\agrisync-main\\app\\Views\\userinc\\Formtable.php', 34)
 2 SYSTEMPATH\View\View.php(226): include('C:\\laragon\\www\\agrisync-main\\app\\Views\\userinc\\Formtable.php')
 3 SYSTEMPATH\View\View.php(229): CodeIgniter\View\View->CodeIgniter\View\{closure}()
 4 SYSTEMPATH\View\View.php(467): CodeIgniter\View\View->render('/userinc/Formtable', null, true)
 5 APPPATH\Views\userfol\report.php(62): CodeIgniter\View\View->include('/userinc/Formtable')
 6 SYSTEMPATH\View\View.php(226): include('C:\\laragon\\www\\agrisync-main\\app\\Views\\userfol\\report.php')
 7 SYSTEMPATH\View\View.php(229): CodeIgniter\View\View->CodeIgniter\View\{closure}()
 8 SYSTEMPATH\Common.php(1188): CodeIgniter\View\View->render('userfol/report', [], true)
 9 APPPATH\Controllers\LoginController.php(155): view('userfol/report')
10 SYSTEMPATH\CodeIgniter.php(919): App\Controllers\LoginController->report()
11 SYSTEMPATH\CodeIgniter.php(494): CodeIgniter\CodeIgniter->runController(Object(App\Controllers\LoginController))
12 SYSTEMPATH\CodeIgniter.php(353): CodeIgniter\CodeIgniter->handleRequest(null, Object(Config\Cache), false)
13 FCPATH\index.php(79): CodeIgniter\CodeIgniter->run()
14 SYSTEMPATH\Commands\Server\rewrite.php(47): require_once('C:\\laragon\\www\\agrisync-main\\public\\index.php')
CRITICAL - 2024-02-20 20:29:10 --> Undefined variable $info
in APPPATH\Views\userinc\Formtable.php on line 34.
 1 APPPATH\Views\userinc\Formtable.php(34): CodeIgniter\Debug\Exceptions->errorHandler(2, 'Undefined variable $info', 'C:\\laragon\\www\\agrisync-main\\app\\Views\\userinc\\Formtable.php', 34)
 2 SYSTEMPATH\View\View.php(226): include('C:\\laragon\\www\\agrisync-main\\app\\Views\\userinc\\Formtable.php')
 3 SYSTEMPATH\View\View.php(229): CodeIgniter\View\View->CodeIgniter\View\{closure}()
 4 SYSTEMPATH\View\View.php(467): CodeIgniter\View\View->render('/userinc/Formtable', null, true)
 5 APPPATH\Views\userfol\report.php(62): CodeIgniter\View\View->include('/userinc/Formtable')
 6 SYSTEMPATH\View\View.php(226): include('C:\\laragon\\www\\agrisync-main\\app\\Views\\userfol\\report.php')
 7 SYSTEMPATH\View\View.php(229): CodeIgniter\View\View->CodeIgniter\View\{closure}()
 8 SYSTEMPATH\Common.php(1188): CodeIgniter\View\View->render('userfol/report', [], true)
 9 APPPATH\Controllers\LoginController.php(155): view('userfol/report')
10 SYSTEMPATH\CodeIgniter.php(919): App\Controllers\LoginController->report()
11 SYSTEMPATH\CodeIgniter.php(494): CodeIgniter\CodeIgniter->runController(Object(App\Controllers\LoginController))
12 SYSTEMPATH\CodeIgniter.php(353): CodeIgniter\CodeIgniter->handleRequest(null, Object(Config\Cache), false)
13 FCPATH\index.php(79): CodeIgniter\CodeIgniter->run()
14 SYSTEMPATH\Commands\Server\rewrite.php(47): require_once('C:\\laragon\\www\\agrisync-main\\public\\index.php')
CRITICAL - 2024-02-20 20:32:22 --> Undefined variable $info
in APPPATH\Views\userinc\Formtable.php on line 34.
 1 APPPATH\Views\userinc\Formtable.php(34): CodeIgniter\Debug\Exceptions->errorHandler(2, 'Undefined variable $info', 'C:\\laragon\\www\\agrisync-main\\app\\Views\\userinc\\Formtable.php', 34)
 2 SYSTEMPATH\View\View.php(226): include('C:\\laragon\\www\\agrisync-main\\app\\Views\\userinc\\Formtable.php')
 3 SYSTEMPATH\View\View.php(229): CodeIgniter\View\View->CodeIgniter\View\{closure}()
 4 SYSTEMPATH\View\View.php(467): CodeIgniter\View\View->render('/userinc/Formtable', null, true)
 5 APPPATH\Views\userfol\Forms.php(260): CodeIgniter\View\View->include('/userinc/Formtable')
 6 SYSTEMPATH\View\View.php(226): include('C:\\laragon\\www\\agrisync-main\\app\\Views\\userfol\\Forms.php')
 7 SYSTEMPATH\View\View.php(229): CodeIgniter\View\View->CodeIgniter\View\{closure}()
 8 SYSTEMPATH\Common.php(1188): CodeIgniter\View\View->render('userfol/Forms', [], true)
 9 APPPATH\Controllers\LoginController.php(211): view('userfol/Forms', [...])
10 SYSTEMPATH\CodeIgniter.php(919): App\Controllers\LoginController->save()
11 SYSTEMPATH\CodeIgniter.php(494): CodeIgniter\CodeIgniter->runController(Object(App\Controllers\LoginController))
12 SYSTEMPATH\CodeIgniter.php(353): CodeIgniter\CodeIgniter->handleRequest(null, Object(Config\Cache), false)
13 FCPATH\index.php(79): CodeIgniter\CodeIgniter->run()
14 SYSTEMPATH\Commands\Server\rewrite.php(47): require_once('C:\\laragon\\www\\agrisync-main\\public\\index.php')
