CRITICAL - 2024-02-25 11:27:54 --> "region" is not a valid rule.
in SYSTEMPATH\Validation\Validation.php on line 317.
 1 SYSTEMPATH\Validation\Validation.php(317): CodeIgniter\Validation\Exceptions\ValidationException::forRuleNotFound('region')
 2 SYSTEMPATH\Validation\Validation.php(195): CodeIgniter\Validation\Validation->processRules('region', 'region', '17', [...], [...])
 3 SYSTEMPATH\Controller.php(150): CodeIgniter\Validation\Validation->run()
 4 APPPATH\Controllers\FormController.php(44): CodeIgniter\Controller->validate([...])
 5 SYSTEMPATH\CodeIgniter.php(919): App\Controllers\FormController->save()
 6 SYSTEMPATH\CodeIgniter.php(494): CodeIgniter\CodeIgniter->runController(Object(App\Controllers\FormController))
 7 SYSTEMPATH\CodeIgniter.php(353): CodeIgniter\CodeIgniter->handleRequest(null, Object(Config\Cache), false)
 8 FCPATH\index.php(79): CodeIgniter\CodeIgniter->run()
 9 SYSTEMPATH\Commands\Server\rewrite.php(47): require_once('C:\\laragon\\www\\agrisync-main\\public\\index.php')
CRITICAL - 2024-02-25 11:47:34 --> Undefined variable $fie
in APPPATH\Views\userinc\Formtable.php on line 63.
 1 APPPATH\Views\userinc\Formtable.php(63): CodeIgniter\Debug\Exceptions->errorHandler(2, 'Undefined variable $fie', 'C:\\laragon\\www\\agrisync-main\\app\\Views\\userinc\\Formtable.php', 63)
 2 SYSTEMPATH\View\View.php(226): include('C:\\laragon\\www\\agrisync-main\\app\\Views\\userinc\\Formtable.php')
 3 SYSTEMPATH\View\View.php(229): CodeIgniter\View\View->CodeIgniter\View\{closure}()
 4 SYSTEMPATH\View\View.php(467): CodeIgniter\View\View->render('/userinc/Formtable', null, true)
 5 APPPATH\Views\userfol\Forms.php(275): CodeIgniter\View\View->include('/userinc/Formtable')
 6 SYSTEMPATH\View\View.php(226): include('C:\\laragon\\www\\agrisync-main\\app\\Views\\userfol\\Forms.php')
 7 SYSTEMPATH\View\View.php(229): CodeIgniter\View\View->CodeIgniter\View\{closure}()
 8 SYSTEMPATH\Common.php(1188): CodeIgniter\View\View->render('userfol/Forms', [], true)
 9 APPPATH\Controllers\FormController.php(34): view('userfol/Forms', [...])
10 SYSTEMPATH\CodeIgniter.php(919): App\Controllers\FormController->Forms()
11 SYSTEMPATH\CodeIgniter.php(494): CodeIgniter\CodeIgniter->runController(Object(App\Controllers\FormController))
12 SYSTEMPATH\CodeIgniter.php(353): CodeIgniter\CodeIgniter->handleRequest(null, Object(Config\Cache), false)
13 FCPATH\index.php(79): CodeIgniter\CodeIgniter->run()
14 SYSTEMPATH\Commands\Server\rewrite.php(47): require_once('C:\\laragon\\www\\agrisync-main\\public\\index.php')
CRITICAL - 2024-02-25 11:54:25 --> Undefined variable $fie
in APPPATH\Views\userinc\Formtable.php on line 69.
 1 APPPATH\Views\userinc\Formtable.php(69): CodeIgniter\Debug\Exceptions->errorHandler(2, 'Undefined variable $fie', 'C:\\laragon\\www\\agrisync-main\\app\\Views\\userinc\\Formtable.php', 69)
 2 SYSTEMPATH\View\View.php(226): include('C:\\laragon\\www\\agrisync-main\\app\\Views\\userinc\\Formtable.php')
 3 SYSTEMPATH\View\View.php(229): CodeIgniter\View\View->CodeIgniter\View\{closure}()
 4 SYSTEMPATH\View\View.php(467): CodeIgniter\View\View->render('/userinc/Formtable', null, true)
 5 APPPATH\Views\userfol\Forms.php(275): CodeIgniter\View\View->include('/userinc/Formtable')
 6 SYSTEMPATH\View\View.php(226): include('C:\\laragon\\www\\agrisync-main\\app\\Views\\userfol\\Forms.php')
 7 SYSTEMPATH\View\View.php(229): CodeIgniter\View\View->CodeIgniter\View\{closure}()
 8 SYSTEMPATH\Common.php(1188): CodeIgniter\View\View->render('userfol/Forms', [], true)
 9 APPPATH\Controllers\FormController.php(34): view('userfol/Forms', [...])
10 SYSTEMPATH\CodeIgniter.php(919): App\Controllers\FormController->Forms()
11 SYSTEMPATH\CodeIgniter.php(494): CodeIgniter\CodeIgniter->runController(Object(App\Controllers\FormController))
12 SYSTEMPATH\CodeIgniter.php(353): CodeIgniter\CodeIgniter->handleRequest(null, Object(Config\Cache), false)
13 FCPATH\index.php(79): CodeIgniter\CodeIgniter->run()
14 SYSTEMPATH\Commands\Server\rewrite.php(47): require_once('C:\\laragon\\www\\agrisync-main\\public\\index.php')
