CRITICAL - 2024-02-09 07:05:39 --> Undefined variable $info
in APPPATH\Views\userinc\Formtable.php on line 33.
 1 APPPATH\Views\userinc\Formtable.php(33): CodeIgniter\Debug\Exceptions->errorHandler(2, 'Undefined variable $info', 'C:\\laragon\\www\\agrisync-main\\app\\Views\\userinc\\Formtable.php', 33)
 2 SYSTEMPATH\View\View.php(226): include('C:\\laragon\\www\\agrisync-main\\app\\Views\\userinc\\Formtable.php')
 3 SYSTEMPATH\View\View.php(229): CodeIgniter\View\View->CodeIgniter\View\{closure}()
 4 SYSTEMPATH\View\View.php(467): CodeIgniter\View\View->render('/userinc/Formtable', null, true)
 5 APPPATH\Views\userfol\report.php(62): CodeIgniter\View\View->include('/userinc/Formtable')
 6 SYSTEMPATH\View\View.php(226): include('C:\\laragon\\www\\agrisync-main\\app\\Views\\userfol\\report.php')
 7 SYSTEMPATH\View\View.php(229): CodeIgniter\View\View->CodeIgniter\View\{closure}()
 8 SYSTEMPATH\Common.php(1188): CodeIgniter\View\View->render('userfol/report', [], true)
 9 APPPATH\Controllers\LoginController.php(155): view('userfol/report')
10 SYSTEMPATH\CodeIgniter.php(919): App\Controllers\LoginController->report()
11 SYSTEMPATH\CodeIgniter.php(494): CodeIgniter\CodeIgniter->runController(Object(App\Controllers\LoginController))
12 SYSTEMPATH\CodeIgniter.php(353): CodeIgniter\CodeIgniter->handleRequest(null, Object(Config\Cache), false)
13 FCPATH\index.php(79): CodeIgniter\CodeIgniter->run()
14 SYSTEMPATH\Commands\Server\rewrite.php(47): require_once('C:\\laragon\\www\\agrisync-main\\public\\index.php')
CRITICAL - 2024-02-09 07:36:48 --> Undefined variable $info
in APPPATH\Views\userinc\Formtable.php on line 33.
 1 APPPATH\Views\userinc\Formtable.php(33): CodeIgniter\Debug\Exceptions->errorHandler(2, 'Undefined variable $info', 'C:\\laragon\\www\\agrisync-main\\app\\Views\\userinc\\Formtable.php', 33)
 2 SYSTEMPATH\View\View.php(226): include('C:\\laragon\\www\\agrisync-main\\app\\Views\\userinc\\Formtable.php')
 3 SYSTEMPATH\View\View.php(229): CodeIgniter\View\View->CodeIgniter\View\{closure}()
 4 SYSTEMPATH\View\View.php(467): CodeIgniter\View\View->render('/userinc/Formtable', null, true)
 5 APPPATH\Views\userfol\report.php(62): CodeIgniter\View\View->include('/userinc/Formtable')
 6 SYSTEMPATH\View\View.php(226): include('C:\\laragon\\www\\agrisync-main\\app\\Views\\userfol\\report.php')
 7 SYSTEMPATH\View\View.php(229): CodeIgniter\View\View->CodeIgniter\View\{closure}()
 8 SYSTEMPATH\Common.php(1188): CodeIgniter\View\View->render('userfol/report', [], true)
 9 APPPATH\Controllers\LoginController.php(155): view('userfol/report')
10 SYSTEMPATH\CodeIgniter.php(919): App\Controllers\LoginController->report()
11 SYSTEMPATH\CodeIgniter.php(494): CodeIgniter\CodeIgniter->runController(Object(App\Controllers\LoginController))
12 SYSTEMPATH\CodeIgniter.php(353): CodeIgniter\CodeIgniter->handleRequest(null, Object(Config\Cache), false)
13 FCPATH\index.php(79): CodeIgniter\CodeIgniter->run()
14 SYSTEMPATH\Commands\Server\rewrite.php(47): require_once('C:\\laragon\\www\\agrisync-main\\public\\index.php')
CRITICAL - 2024-02-09 07:37:08 --> Undefined variable $in
in APPPATH\Views\userinc\Formtable.php on line 33.
 1 APPPATH\Views\userinc\Formtable.php(33): CodeIgniter\Debug\Exceptions->errorHandler(2, 'Undefined variable $in', 'C:\\laragon\\www\\agrisync-main\\app\\Views\\userinc\\Formtable.php', 33)
 2 SYSTEMPATH\View\View.php(226): include('C:\\laragon\\www\\agrisync-main\\app\\Views\\userinc\\Formtable.php')
 3 SYSTEMPATH\View\View.php(229): CodeIgniter\View\View->CodeIgniter\View\{closure}()
 4 SYSTEMPATH\View\View.php(467): CodeIgniter\View\View->render('/userinc/Formtable', null, true)
 5 APPPATH\Views\userfol\report.php(62): CodeIgniter\View\View->include('/userinc/Formtable')
 6 SYSTEMPATH\View\View.php(226): include('C:\\laragon\\www\\agrisync-main\\app\\Views\\userfol\\report.php')
 7 SYSTEMPATH\View\View.php(229): CodeIgniter\View\View->CodeIgniter\View\{closure}()
 8 SYSTEMPATH\Common.php(1188): CodeIgniter\View\View->render('userfol/report', [], true)
 9 APPPATH\Controllers\LoginController.php(155): view('userfol/report')
10 SYSTEMPATH\CodeIgniter.php(919): App\Controllers\LoginController->report()
11 SYSTEMPATH\CodeIgniter.php(494): CodeIgniter\CodeIgniter->runController(Object(App\Controllers\LoginController))
12 SYSTEMPATH\CodeIgniter.php(353): CodeIgniter\CodeIgniter->handleRequest(null, Object(Config\Cache), false)
13 FCPATH\index.php(79): CodeIgniter\CodeIgniter->run()
14 SYSTEMPATH\Commands\Server\rewrite.php(47): require_once('C:\\laragon\\www\\agrisync-main\\public\\index.php')
CRITICAL - 2024-02-09 07:37:09 --> Undefined variable $in
in APPPATH\Views\userinc\Formtable.php on line 33.
 1 APPPATH\Views\userinc\Formtable.php(33): CodeIgniter\Debug\Exceptions->errorHandler(2, 'Undefined variable $in', 'C:\\laragon\\www\\agrisync-main\\app\\Views\\userinc\\Formtable.php', 33)
 2 SYSTEMPATH\View\View.php(226): include('C:\\laragon\\www\\agrisync-main\\app\\Views\\userinc\\Formtable.php')
 3 SYSTEMPATH\View\View.php(229): CodeIgniter\View\View->CodeIgniter\View\{closure}()
 4 SYSTEMPATH\View\View.php(467): CodeIgniter\View\View->render('/userinc/Formtable', null, true)
 5 APPPATH\Views\userfol\report.php(62): CodeIgniter\View\View->include('/userinc/Formtable')
 6 SYSTEMPATH\View\View.php(226): include('C:\\laragon\\www\\agrisync-main\\app\\Views\\userfol\\report.php')
 7 SYSTEMPATH\View\View.php(229): CodeIgniter\View\View->CodeIgniter\View\{closure}()
 8 SYSTEMPATH\Common.php(1188): CodeIgniter\View\View->render('userfol/report', [], true)
 9 APPPATH\Controllers\LoginController.php(155): view('userfol/report')
10 SYSTEMPATH\CodeIgniter.php(919): App\Controllers\LoginController->report()
11 SYSTEMPATH\CodeIgniter.php(494): CodeIgniter\CodeIgniter->runController(Object(App\Controllers\LoginController))
12 SYSTEMPATH\CodeIgniter.php(353): CodeIgniter\CodeIgniter->handleRequest(null, Object(Config\Cache), false)
13 FCPATH\index.php(79): CodeIgniter\CodeIgniter->run()
14 SYSTEMPATH\Commands\Server\rewrite.php(47): require_once('C:\\laragon\\www\\agrisync-main\\public\\index.php')
CRITICAL - 2024-02-09 07:37:23 --> Undefined variable $info
in APPPATH\Views\userinc\Formtable.php on line 33.
 1 APPPATH\Views\userinc\Formtable.php(33): CodeIgniter\Debug\Exceptions->errorHandler(2, 'Undefined variable $info', 'C:\\laragon\\www\\agrisync-main\\app\\Views\\userinc\\Formtable.php', 33)
 2 SYSTEMPATH\View\View.php(226): include('C:\\laragon\\www\\agrisync-main\\app\\Views\\userinc\\Formtable.php')
 3 SYSTEMPATH\View\View.php(229): CodeIgniter\View\View->CodeIgniter\View\{closure}()
 4 SYSTEMPATH\View\View.php(467): CodeIgniter\View\View->render('/userinc/Formtable', null, true)
 5 APPPATH\Views\userfol\report.php(62): CodeIgniter\View\View->include('/userinc/Formtable')
 6 SYSTEMPATH\View\View.php(226): include('C:\\laragon\\www\\agrisync-main\\app\\Views\\userfol\\report.php')
 7 SYSTEMPATH\View\View.php(229): CodeIgniter\View\View->CodeIgniter\View\{closure}()
 8 SYSTEMPATH\Common.php(1188): CodeIgniter\View\View->render('userfol/report', [], true)
 9 APPPATH\Controllers\LoginController.php(155): view('userfol/report')
10 SYSTEMPATH\CodeIgniter.php(919): App\Controllers\LoginController->report()
11 SYSTEMPATH\CodeIgniter.php(494): CodeIgniter\CodeIgniter->runController(Object(App\Controllers\LoginController))
12 SYSTEMPATH\CodeIgniter.php(353): CodeIgniter\CodeIgniter->handleRequest(null, Object(Config\Cache), false)
13 FCPATH\index.php(79): CodeIgniter\CodeIgniter->run()
14 SYSTEMPATH\Commands\Server\rewrite.php(47): require_once('C:\\laragon\\www\\agrisync-main\\public\\index.php')
CRITICAL - 2024-02-09 07:37:24 --> Undefined variable $info
in APPPATH\Views\userinc\Formtable.php on line 33.
 1 APPPATH\Views\userinc\Formtable.php(33): CodeIgniter\Debug\Exceptions->errorHandler(2, 'Undefined variable $info', 'C:\\laragon\\www\\agrisync-main\\app\\Views\\userinc\\Formtable.php', 33)
 2 SYSTEMPATH\View\View.php(226): include('C:\\laragon\\www\\agrisync-main\\app\\Views\\userinc\\Formtable.php')
 3 SYSTEMPATH\View\View.php(229): CodeIgniter\View\View->CodeIgniter\View\{closure}()
 4 SYSTEMPATH\View\View.php(467): CodeIgniter\View\View->render('/userinc/Formtable', null, true)
 5 APPPATH\Views\userfol\report.php(62): CodeIgniter\View\View->include('/userinc/Formtable')
 6 SYSTEMPATH\View\View.php(226): include('C:\\laragon\\www\\agrisync-main\\app\\Views\\userfol\\report.php')
 7 SYSTEMPATH\View\View.php(229): CodeIgniter\View\View->CodeIgniter\View\{closure}()
 8 SYSTEMPATH\Common.php(1188): CodeIgniter\View\View->render('userfol/report', [], true)
 9 APPPATH\Controllers\LoginController.php(155): view('userfol/report')
10 SYSTEMPATH\CodeIgniter.php(919): App\Controllers\LoginController->report()
11 SYSTEMPATH\CodeIgniter.php(494): CodeIgniter\CodeIgniter->runController(Object(App\Controllers\LoginController))
12 SYSTEMPATH\CodeIgniter.php(353): CodeIgniter\CodeIgniter->handleRequest(null, Object(Config\Cache), false)
13 FCPATH\index.php(79): CodeIgniter\CodeIgniter->run()
14 SYSTEMPATH\Commands\Server\rewrite.php(47): require_once('C:\\laragon\\www\\agrisync-main\\public\\index.php')
CRITICAL - 2024-02-09 07:37:25 --> Undefined variable $info
in APPPATH\Views\userinc\Formtable.php on line 33.
 1 APPPATH\Views\userinc\Formtable.php(33): CodeIgniter\Debug\Exceptions->errorHandler(2, 'Undefined variable $info', 'C:\\laragon\\www\\agrisync-main\\app\\Views\\userinc\\Formtable.php', 33)
 2 SYSTEMPATH\View\View.php(226): include('C:\\laragon\\www\\agrisync-main\\app\\Views\\userinc\\Formtable.php')
 3 SYSTEMPATH\View\View.php(229): CodeIgniter\View\View->CodeIgniter\View\{closure}()
 4 SYSTEMPATH\View\View.php(467): CodeIgniter\View\View->render('/userinc/Formtable', null, true)
 5 APPPATH\Views\userfol\report.php(62): CodeIgniter\View\View->include('/userinc/Formtable')
 6 SYSTEMPATH\View\View.php(226): include('C:\\laragon\\www\\agrisync-main\\app\\Views\\userfol\\report.php')
 7 SYSTEMPATH\View\View.php(229): CodeIgniter\View\View->CodeIgniter\View\{closure}()
 8 SYSTEMPATH\Common.php(1188): CodeIgniter\View\View->render('userfol/report', [], true)
 9 APPPATH\Controllers\LoginController.php(155): view('userfol/report')
10 SYSTEMPATH\CodeIgniter.php(919): App\Controllers\LoginController->report()
11 SYSTEMPATH\CodeIgniter.php(494): CodeIgniter\CodeIgniter->runController(Object(App\Controllers\LoginController))
12 SYSTEMPATH\CodeIgniter.php(353): CodeIgniter\CodeIgniter->handleRequest(null, Object(Config\Cache), false)
13 FCPATH\index.php(79): CodeIgniter\CodeIgniter->run()
14 SYSTEMPATH\Commands\Server\rewrite.php(47): require_once('C:\\laragon\\www\\agrisync-main\\public\\index.php')
CRITICAL - 2024-02-09 07:37:25 --> Undefined variable $info
in APPPATH\Views\userinc\Formtable.php on line 33.
 1 APPPATH\Views\userinc\Formtable.php(33): CodeIgniter\Debug\Exceptions->errorHandler(2, 'Undefined variable $info', 'C:\\laragon\\www\\agrisync-main\\app\\Views\\userinc\\Formtable.php', 33)
 2 SYSTEMPATH\View\View.php(226): include('C:\\laragon\\www\\agrisync-main\\app\\Views\\userinc\\Formtable.php')
 3 SYSTEMPATH\View\View.php(229): CodeIgniter\View\View->CodeIgniter\View\{closure}()
 4 SYSTEMPATH\View\View.php(467): CodeIgniter\View\View->render('/userinc/Formtable', null, true)
 5 APPPATH\Views\userfol\report.php(62): CodeIgniter\View\View->include('/userinc/Formtable')
 6 SYSTEMPATH\View\View.php(226): include('C:\\laragon\\www\\agrisync-main\\app\\Views\\userfol\\report.php')
 7 SYSTEMPATH\View\View.php(229): CodeIgniter\View\View->CodeIgniter\View\{closure}()
 8 SYSTEMPATH\Common.php(1188): CodeIgniter\View\View->render('userfol/report', [], true)
 9 APPPATH\Controllers\LoginController.php(155): view('userfol/report')
10 SYSTEMPATH\CodeIgniter.php(919): App\Controllers\LoginController->report()
11 SYSTEMPATH\CodeIgniter.php(494): CodeIgniter\CodeIgniter->runController(Object(App\Controllers\LoginController))
12 SYSTEMPATH\CodeIgniter.php(353): CodeIgniter\CodeIgniter->handleRequest(null, Object(Config\Cache), false)
13 FCPATH\index.php(79): CodeIgniter\CodeIgniter->run()
14 SYSTEMPATH\Commands\Server\rewrite.php(47): require_once('C:\\laragon\\www\\agrisync-main\\public\\index.php')
CRITICAL - 2024-02-09 07:37:26 --> Undefined variable $info
in APPPATH\Views\userinc\Formtable.php on line 33.
 1 APPPATH\Views\userinc\Formtable.php(33): CodeIgniter\Debug\Exceptions->errorHandler(2, 'Undefined variable $info', 'C:\\laragon\\www\\agrisync-main\\app\\Views\\userinc\\Formtable.php', 33)
 2 SYSTEMPATH\View\View.php(226): include('C:\\laragon\\www\\agrisync-main\\app\\Views\\userinc\\Formtable.php')
 3 SYSTEMPATH\View\View.php(229): CodeIgniter\View\View->CodeIgniter\View\{closure}()
 4 SYSTEMPATH\View\View.php(467): CodeIgniter\View\View->render('/userinc/Formtable', null, true)
 5 APPPATH\Views\userfol\report.php(62): CodeIgniter\View\View->include('/userinc/Formtable')
 6 SYSTEMPATH\View\View.php(226): include('C:\\laragon\\www\\agrisync-main\\app\\Views\\userfol\\report.php')
 7 SYSTEMPATH\View\View.php(229): CodeIgniter\View\View->CodeIgniter\View\{closure}()
 8 SYSTEMPATH\Common.php(1188): CodeIgniter\View\View->render('userfol/report', [], true)
 9 APPPATH\Controllers\LoginController.php(155): view('userfol/report')
10 SYSTEMPATH\CodeIgniter.php(919): App\Controllers\LoginController->report()
11 SYSTEMPATH\CodeIgniter.php(494): CodeIgniter\CodeIgniter->runController(Object(App\Controllers\LoginController))
12 SYSTEMPATH\CodeIgniter.php(353): CodeIgniter\CodeIgniter->handleRequest(null, Object(Config\Cache), false)
13 FCPATH\index.php(79): CodeIgniter\CodeIgniter->run()
14 SYSTEMPATH\Commands\Server\rewrite.php(47): require_once('C:\\laragon\\www\\agrisync-main\\public\\index.php')
CRITICAL - 2024-02-09 07:38:02 --> Undefined variable $in
in APPPATH\Views\userinc\Formtable.php on line 33.
 1 APPPATH\Views\userinc\Formtable.php(33): CodeIgniter\Debug\Exceptions->errorHandler(2, 'Undefined variable $in', 'C:\\laragon\\www\\agrisync-main\\app\\Views\\userinc\\Formtable.php', 33)
 2 SYSTEMPATH\View\View.php(226): include('C:\\laragon\\www\\agrisync-main\\app\\Views\\userinc\\Formtable.php')
 3 SYSTEMPATH\View\View.php(229): CodeIgniter\View\View->CodeIgniter\View\{closure}()
 4 SYSTEMPATH\View\View.php(467): CodeIgniter\View\View->render('/userinc/Formtable', null, true)
 5 APPPATH\Views\userfol\report.php(62): CodeIgniter\View\View->include('/userinc/Formtable')
 6 SYSTEMPATH\View\View.php(226): include('C:\\laragon\\www\\agrisync-main\\app\\Views\\userfol\\report.php')
 7 SYSTEMPATH\View\View.php(229): CodeIgniter\View\View->CodeIgniter\View\{closure}()
 8 SYSTEMPATH\Common.php(1188): CodeIgniter\View\View->render('userfol/report', [], true)
 9 APPPATH\Controllers\LoginController.php(155): view('userfol/report')
10 SYSTEMPATH\CodeIgniter.php(919): App\Controllers\LoginController->report()
11 SYSTEMPATH\CodeIgniter.php(494): CodeIgniter\CodeIgniter->runController(Object(App\Controllers\LoginController))
12 SYSTEMPATH\CodeIgniter.php(353): CodeIgniter\CodeIgniter->handleRequest(null, Object(Config\Cache), false)
13 FCPATH\index.php(79): CodeIgniter\CodeIgniter->run()
14 SYSTEMPATH\Commands\Server\rewrite.php(47): require_once('C:\\laragon\\www\\agrisync-main\\public\\index.php')
CRITICAL - 2024-02-09 07:38:24 --> Undefined variable $info
in APPPATH\Views\userinc\Formtable.php on line 33.
 1 APPPATH\Views\userinc\Formtable.php(33): CodeIgniter\Debug\Exceptions->errorHandler(2, 'Undefined variable $info', 'C:\\laragon\\www\\agrisync-main\\app\\Views\\userinc\\Formtable.php', 33)
 2 SYSTEMPATH\View\View.php(226): include('C:\\laragon\\www\\agrisync-main\\app\\Views\\userinc\\Formtable.php')
 3 SYSTEMPATH\View\View.php(229): CodeIgniter\View\View->CodeIgniter\View\{closure}()
 4 SYSTEMPATH\View\View.php(467): CodeIgniter\View\View->render('/userinc/Formtable', null, true)
 5 APPPATH\Views\userfol\report.php(62): CodeIgniter\View\View->include('/userinc/Formtable')
 6 SYSTEMPATH\View\View.php(226): include('C:\\laragon\\www\\agrisync-main\\app\\Views\\userfol\\report.php')
 7 SYSTEMPATH\View\View.php(229): CodeIgniter\View\View->CodeIgniter\View\{closure}()
 8 SYSTEMPATH\Common.php(1188): CodeIgniter\View\View->render('userfol/report', [], true)
 9 APPPATH\Controllers\LoginController.php(155): view('userfol/report')
10 SYSTEMPATH\CodeIgniter.php(919): App\Controllers\LoginController->report()
11 SYSTEMPATH\CodeIgniter.php(494): CodeIgniter\CodeIgniter->runController(Object(App\Controllers\LoginController))
12 SYSTEMPATH\CodeIgniter.php(353): CodeIgniter\CodeIgniter->handleRequest(null, Object(Config\Cache), false)
13 FCPATH\index.php(79): CodeIgniter\CodeIgniter->run()
14 SYSTEMPATH\Commands\Server\rewrite.php(47): require_once('C:\\laragon\\www\\agrisync-main\\public\\index.php')
CRITICAL - 2024-02-09 07:40:06 --> Undefined variable $info
in APPPATH\Views\userinc\Formtable.php on line 32.
 1 APPPATH\Views\userinc\Formtable.php(32): CodeIgniter\Debug\Exceptions->errorHandler(2, 'Undefined variable $info', 'C:\\laragon\\www\\agrisync-main\\app\\Views\\userinc\\Formtable.php', 32)
 2 SYSTEMPATH\View\View.php(226): include('C:\\laragon\\www\\agrisync-main\\app\\Views\\userinc\\Formtable.php')
 3 SYSTEMPATH\View\View.php(229): CodeIgniter\View\View->CodeIgniter\View\{closure}()
 4 SYSTEMPATH\View\View.php(467): CodeIgniter\View\View->render('/userinc/Formtable', null, true)
 5 APPPATH\Views\userfol\report.php(62): CodeIgniter\View\View->include('/userinc/Formtable')
 6 SYSTEMPATH\View\View.php(226): include('C:\\laragon\\www\\agrisync-main\\app\\Views\\userfol\\report.php')
 7 SYSTEMPATH\View\View.php(229): CodeIgniter\View\View->CodeIgniter\View\{closure}()
 8 SYSTEMPATH\Common.php(1188): CodeIgniter\View\View->render('userfol/report', [], true)
 9 APPPATH\Controllers\LoginController.php(155): view('userfol/report')
10 SYSTEMPATH\CodeIgniter.php(919): App\Controllers\LoginController->report()
11 SYSTEMPATH\CodeIgniter.php(494): CodeIgniter\CodeIgniter->runController(Object(App\Controllers\LoginController))
12 SYSTEMPATH\CodeIgniter.php(353): CodeIgniter\CodeIgniter->handleRequest(null, Object(Config\Cache), false)
13 FCPATH\index.php(79): CodeIgniter\CodeIgniter->run()
14 SYSTEMPATH\Commands\Server\rewrite.php(47): require_once('C:\\laragon\\www\\agrisync-main\\public\\index.php')
CRITICAL - 2024-02-09 07:40:07 --> Undefined variable $info
in APPPATH\Views\userinc\Formtable.php on line 32.
 1 APPPATH\Views\userinc\Formtable.php(32): CodeIgniter\Debug\Exceptions->errorHandler(2, 'Undefined variable $info', 'C:\\laragon\\www\\agrisync-main\\app\\Views\\userinc\\Formtable.php', 32)
 2 SYSTEMPATH\View\View.php(226): include('C:\\laragon\\www\\agrisync-main\\app\\Views\\userinc\\Formtable.php')
 3 SYSTEMPATH\View\View.php(229): CodeIgniter\View\View->CodeIgniter\View\{closure}()
 4 SYSTEMPATH\View\View.php(467): CodeIgniter\View\View->render('/userinc/Formtable', null, true)
 5 APPPATH\Views\userfol\report.php(62): CodeIgniter\View\View->include('/userinc/Formtable')
 6 SYSTEMPATH\View\View.php(226): include('C:\\laragon\\www\\agrisync-main\\app\\Views\\userfol\\report.php')
 7 SYSTEMPATH\View\View.php(229): CodeIgniter\View\View->CodeIgniter\View\{closure}()
 8 SYSTEMPATH\Common.php(1188): CodeIgniter\View\View->render('userfol/report', [], true)
 9 APPPATH\Controllers\LoginController.php(155): view('userfol/report')
10 SYSTEMPATH\CodeIgniter.php(919): App\Controllers\LoginController->report()
11 SYSTEMPATH\CodeIgniter.php(494): CodeIgniter\CodeIgniter->runController(Object(App\Controllers\LoginController))
12 SYSTEMPATH\CodeIgniter.php(353): CodeIgniter\CodeIgniter->handleRequest(null, Object(Config\Cache), false)
13 FCPATH\index.php(79): CodeIgniter\CodeIgniter->run()
14 SYSTEMPATH\Commands\Server\rewrite.php(47): require_once('C:\\laragon\\www\\agrisync-main\\public\\index.php')
CRITICAL - 2024-02-09 07:42:55 --> Undefined variable $info
in APPPATH\Views\userinc\Formtable.php on line 33.
 1 APPPATH\Views\userinc\Formtable.php(33): CodeIgniter\Debug\Exceptions->errorHandler(2, 'Undefined variable $info', 'C:\\laragon\\www\\agrisync-main\\app\\Views\\userinc\\Formtable.php', 33)
 2 SYSTEMPATH\View\View.php(226): include('C:\\laragon\\www\\agrisync-main\\app\\Views\\userinc\\Formtable.php')
 3 SYSTEMPATH\View\View.php(229): CodeIgniter\View\View->CodeIgniter\View\{closure}()
 4 SYSTEMPATH\View\View.php(467): CodeIgniter\View\View->render('/userinc/Formtable', null, true)
 5 APPPATH\Views\userfol\report.php(62): CodeIgniter\View\View->include('/userinc/Formtable')
 6 SYSTEMPATH\View\View.php(226): include('C:\\laragon\\www\\agrisync-main\\app\\Views\\userfol\\report.php')
 7 SYSTEMPATH\View\View.php(229): CodeIgniter\View\View->CodeIgniter\View\{closure}()
 8 SYSTEMPATH\Common.php(1188): CodeIgniter\View\View->render('userfol/report', [], true)
 9 APPPATH\Controllers\LoginController.php(155): view('userfol/report')
10 SYSTEMPATH\CodeIgniter.php(919): App\Controllers\LoginController->report()
11 SYSTEMPATH\CodeIgniter.php(494): CodeIgniter\CodeIgniter->runController(Object(App\Controllers\LoginController))
12 SYSTEMPATH\CodeIgniter.php(353): CodeIgniter\CodeIgniter->handleRequest(null, Object(Config\Cache), false)
13 FCPATH\index.php(79): CodeIgniter\CodeIgniter->run()
14 SYSTEMPATH\Commands\Server\rewrite.php(47): require_once('C:\\laragon\\www\\agrisync-main\\public\\index.php')
CRITICAL - 2024-02-09 07:44:07 --> Undefined variable $info
in APPPATH\Views\userinc\Formtable.php on line 33.
 1 APPPATH\Views\userinc\Formtable.php(33): CodeIgniter\Debug\Exceptions->errorHandler(2, 'Undefined variable $info', 'C:\\laragon\\www\\agrisync-main\\app\\Views\\userinc\\Formtable.php', 33)
 2 SYSTEMPATH\View\View.php(226): include('C:\\laragon\\www\\agrisync-main\\app\\Views\\userinc\\Formtable.php')
 3 SYSTEMPATH\View\View.php(229): CodeIgniter\View\View->CodeIgniter\View\{closure}()
 4 SYSTEMPATH\View\View.php(467): CodeIgniter\View\View->render('/userinc/Formtable', null, true)
 5 APPPATH\Views\userfol\report.php(62): CodeIgniter\View\View->include('/userinc/Formtable')
 6 SYSTEMPATH\View\View.php(226): include('C:\\laragon\\www\\agrisync-main\\app\\Views\\userfol\\report.php')
 7 SYSTEMPATH\View\View.php(229): CodeIgniter\View\View->CodeIgniter\View\{closure}()
 8 SYSTEMPATH\Common.php(1188): CodeIgniter\View\View->render('userfol/report', [], true)
 9 APPPATH\Controllers\LoginController.php(155): view('userfol/report')
10 SYSTEMPATH\CodeIgniter.php(919): App\Controllers\LoginController->report()
11 SYSTEMPATH\CodeIgniter.php(494): CodeIgniter\CodeIgniter->runController(Object(App\Controllers\LoginController))
12 SYSTEMPATH\CodeIgniter.php(353): CodeIgniter\CodeIgniter->handleRequest(null, Object(Config\Cache), false)
13 FCPATH\index.php(79): CodeIgniter\CodeIgniter->run()
14 SYSTEMPATH\Commands\Server\rewrite.php(47): require_once('C:\\laragon\\www\\agrisync-main\\public\\index.php')
CRITICAL - 2024-02-09 08:32:03 --> Undefined variable $farmData
in APPPATH\Views\userfol\report.php on line 58.
 1 APPPATH\Views\userfol\report.php(58): CodeIgniter\Debug\Exceptions->errorHandler(2, 'Undefined variable $farmData', 'C:\\laragon\\www\\agrisync-main\\app\\Views\\userfol\\report.php', 58)
 2 SYSTEMPATH\View\View.php(226): include('C:\\laragon\\www\\agrisync-main\\app\\Views\\userfol\\report.php')
 3 SYSTEMPATH\View\View.php(229): CodeIgniter\View\View->CodeIgniter\View\{closure}()
 4 SYSTEMPATH\Common.php(1188): CodeIgniter\View\View->render('userfol/report', [], true)
 5 APPPATH\Controllers\LoginController.php(155): view('userfol/report')
 6 SYSTEMPATH\CodeIgniter.php(919): App\Controllers\LoginController->report()
 7 SYSTEMPATH\CodeIgniter.php(494): CodeIgniter\CodeIgniter->runController(Object(App\Controllers\LoginController))
 8 SYSTEMPATH\CodeIgniter.php(353): CodeIgniter\CodeIgniter->handleRequest(null, Object(Config\Cache), false)
 9 FCPATH\index.php(79): CodeIgniter\CodeIgniter->run()
10 SYSTEMPATH\Commands\Server\rewrite.php(47): require_once('C:\\laragon\\www\\agrisync-main\\public\\index.php')
CRITICAL - 2024-02-09 08:35:52 --> Undefined variable $infoData
in APPPATH\Views\userfol\report.php on line 70.
 1 APPPATH\Views\userfol\report.php(70): CodeIgniter\Debug\Exceptions->errorHandler(2, 'Undefined variable $infoData', 'C:\\laragon\\www\\agrisync-main\\app\\Views\\userfol\\report.php', 70)
 2 SYSTEMPATH\View\View.php(226): include('C:\\laragon\\www\\agrisync-main\\app\\Views\\userfol\\report.php')
 3 SYSTEMPATH\View\View.php(229): CodeIgniter\View\View->CodeIgniter\View\{closure}()
 4 SYSTEMPATH\Common.php(1188): CodeIgniter\View\View->render('userfol/report', [], true)
 5 APPPATH\Controllers\LoginController.php(155): view('userfol/report')
 6 SYSTEMPATH\CodeIgniter.php(919): App\Controllers\LoginController->report()
 7 SYSTEMPATH\CodeIgniter.php(494): CodeIgniter\CodeIgniter->runController(Object(App\Controllers\LoginController))
 8 SYSTEMPATH\CodeIgniter.php(353): CodeIgniter\CodeIgniter->handleRequest(null, Object(Config\Cache), false)
 9 FCPATH\index.php(79): CodeIgniter\CodeIgniter->run()
10 SYSTEMPATH\Commands\Server\rewrite.php(47): require_once('C:\\laragon\\www\\agrisync-main\\public\\index.php')
CRITICAL - 2024-02-09 08:39:16 --> Undefined variable $info
in APPPATH\Views\userfol\report.php on line 72.
 1 APPPATH\Views\userfol\report.php(72): CodeIgniter\Debug\Exceptions->errorHandler(2, 'Undefined variable $info', 'C:\\laragon\\www\\agrisync-main\\app\\Views\\userfol\\report.php', 72)
 2 SYSTEMPATH\View\View.php(226): include('C:\\laragon\\www\\agrisync-main\\app\\Views\\userfol\\report.php')
 3 SYSTEMPATH\View\View.php(229): CodeIgniter\View\View->CodeIgniter\View\{closure}()
 4 SYSTEMPATH\Common.php(1188): CodeIgniter\View\View->render('userfol/report', [], true)
 5 APPPATH\Controllers\LoginController.php(155): view('userfol/report')
 6 SYSTEMPATH\CodeIgniter.php(919): App\Controllers\LoginController->report()
 7 SYSTEMPATH\CodeIgniter.php(494): CodeIgniter\CodeIgniter->runController(Object(App\Controllers\LoginController))
 8 SYSTEMPATH\CodeIgniter.php(353): CodeIgniter\CodeIgniter->handleRequest(null, Object(Config\Cache), false)
 9 FCPATH\index.php(79): CodeIgniter\CodeIgniter->run()
10 SYSTEMPATH\Commands\Server\rewrite.php(47): require_once('C:\\laragon\\www\\agrisync-main\\public\\index.php')
CRITICAL - 2024-02-09 08:49:11 --> Undefined variable $chartData
in APPPATH\Views\userfol\report.php on line 65.
 1 APPPATH\Views\userfol\report.php(65): CodeIgniter\Debug\Exceptions->errorHandler(2, 'Undefined variable $chartData', 'C:\\laragon\\www\\agrisync-main\\app\\Views\\userfol\\report.php', 65)
 2 SYSTEMPATH\View\View.php(226): include('C:\\laragon\\www\\agrisync-main\\app\\Views\\userfol\\report.php')
 3 SYSTEMPATH\View\View.php(229): CodeIgniter\View\View->CodeIgniter\View\{closure}()
 4 SYSTEMPATH\Common.php(1188): CodeIgniter\View\View->render('userfol/report', [], true)
 5 APPPATH\Controllers\LoginController.php(155): view('userfol/report')
 6 SYSTEMPATH\CodeIgniter.php(919): App\Controllers\LoginController->report()
 7 SYSTEMPATH\CodeIgniter.php(494): CodeIgniter\CodeIgniter->runController(Object(App\Controllers\LoginController))
 8 SYSTEMPATH\CodeIgniter.php(353): CodeIgniter\CodeIgniter->handleRequest(null, Object(Config\Cache), false)
 9 FCPATH\index.php(79): CodeIgniter\CodeIgniter->run()
10 SYSTEMPATH\Commands\Server\rewrite.php(47): require_once('C:\\laragon\\www\\agrisync-main\\public\\index.php')
