CRITICAL - 2024-02-07 00:00:21 --> Undefined variable $infoModel
in APPPATH\Views\userfol\dashboard.php on line 63.
 1 APPPATH\Views\userfol\dashboard.php(63): CodeIgniter\Debug\Exceptions->errorHandler(2, 'Undefined variable $infoModel', 'C:\\laragon\\www\\agrisync-main\\app\\Views\\userfol\\dashboard.php', 63)
 2 SYSTEMPATH\View\View.php(226): include('C:\\laragon\\www\\agrisync-main\\app\\Views\\userfol\\dashboard.php')
 3 SYSTEMPATH\View\View.php(229): CodeIgniter\View\View->CodeIgniter\View\{closure}()
 4 SYSTEMPATH\Common.php(1188): CodeIgniter\View\View->render('userfol/dashboard', [], true)
 5 APPPATH\Controllers\LoginController.php(131): view('userfol/dashboard')
 6 SYSTEMPATH\CodeIgniter.php(919): App\Controllers\LoginController->dashboards()
 7 SYSTEMPATH\CodeIgniter.php(494): CodeIgniter\CodeIgniter->runController(Object(App\Controllers\LoginController))
 8 SYSTEMPATH\CodeIgniter.php(353): CodeIgniter\CodeIgniter->handleRequest(null, Object(Config\Cache), false)
 9 FCPATH\index.php(79): CodeIgniter\CodeIgniter->run()
10 SYSTEMPATH\Commands\Server\rewrite.php(47): require_once('C:\\laragon\\www\\agrisync-main\\public\\index.php')
CRITICAL - 2024-02-07 00:00:28 --> Undefined variable $info
in APPPATH\Views\userfol\dashboard.php on line 63.
 1 APPPATH\Views\userfol\dashboard.php(63): CodeIgniter\Debug\Exceptions->errorHandler(2, 'Undefined variable $info', 'C:\\laragon\\www\\agrisync-main\\app\\Views\\userfol\\dashboard.php', 63)
 2 SYSTEMPATH\View\View.php(226): include('C:\\laragon\\www\\agrisync-main\\app\\Views\\userfol\\dashboard.php')
 3 SYSTEMPATH\View\View.php(229): CodeIgniter\View\View->CodeIgniter\View\{closure}()
 4 SYSTEMPATH\Common.php(1188): CodeIgniter\View\View->render('userfol/dashboard', [], true)
 5 APPPATH\Controllers\LoginController.php(131): view('userfol/dashboard')
 6 SYSTEMPATH\CodeIgniter.php(919): App\Controllers\LoginController->dashboards()
 7 SYSTEMPATH\CodeIgniter.php(494): CodeIgniter\CodeIgniter->runController(Object(App\Controllers\LoginController))
 8 SYSTEMPATH\CodeIgniter.php(353): CodeIgniter\CodeIgniter->handleRequest(null, Object(Config\Cache), false)
 9 FCPATH\index.php(79): CodeIgniter\CodeIgniter->run()
10 SYSTEMPATH\Commands\Server\rewrite.php(47): require_once('C:\\laragon\\www\\agrisync-main\\public\\index.php')
CRITICAL - 2024-02-07 00:03:19 --> Undefined variable $info
in APPPATH\Views\userfol\dashboard.php on line 63.
 1 APPPATH\Views\userfol\dashboard.php(63): CodeIgniter\Debug\Exceptions->errorHandler(2, 'Undefined variable $info', 'C:\\laragon\\www\\agrisync-main\\app\\Views\\userfol\\dashboard.php', 63)
 2 SYSTEMPATH\View\View.php(226): include('C:\\laragon\\www\\agrisync-main\\app\\Views\\userfol\\dashboard.php')
 3 SYSTEMPATH\View\View.php(229): CodeIgniter\View\View->CodeIgniter\View\{closure}()
 4 SYSTEMPATH\Common.php(1188): CodeIgniter\View\View->render('userfol/dashboard', [], true)
 5 APPPATH\Controllers\LoginController.php(131): view('userfol/dashboard')
 6 SYSTEMPATH\CodeIgniter.php(919): App\Controllers\LoginController->dashboards()
 7 SYSTEMPATH\CodeIgniter.php(494): CodeIgniter\CodeIgniter->runController(Object(App\Controllers\LoginController))
 8 SYSTEMPATH\CodeIgniter.php(353): CodeIgniter\CodeIgniter->handleRequest(null, Object(Config\Cache), false)
 9 FCPATH\index.php(79): CodeIgniter\CodeIgniter->run()
10 SYSTEMPATH\Commands\Server\rewrite.php(47): require_once('C:\\laragon\\www\\agrisync-main\\public\\index.php')
CRITICAL - 2024-02-07 00:03:20 --> Undefined variable $info
in APPPATH\Views\userfol\dashboard.php on line 63.
 1 APPPATH\Views\userfol\dashboard.php(63): CodeIgniter\Debug\Exceptions->errorHandler(2, 'Undefined variable $info', 'C:\\laragon\\www\\agrisync-main\\app\\Views\\userfol\\dashboard.php', 63)
 2 SYSTEMPATH\View\View.php(226): include('C:\\laragon\\www\\agrisync-main\\app\\Views\\userfol\\dashboard.php')
 3 SYSTEMPATH\View\View.php(229): CodeIgniter\View\View->CodeIgniter\View\{closure}()
 4 SYSTEMPATH\Common.php(1188): CodeIgniter\View\View->render('userfol/dashboard', [], true)
 5 APPPATH\Controllers\LoginController.php(131): view('userfol/dashboard')
 6 SYSTEMPATH\CodeIgniter.php(919): App\Controllers\LoginController->dashboards()
 7 SYSTEMPATH\CodeIgniter.php(494): CodeIgniter\CodeIgniter->runController(Object(App\Controllers\LoginController))
 8 SYSTEMPATH\CodeIgniter.php(353): CodeIgniter\CodeIgniter->handleRequest(null, Object(Config\Cache), false)
 9 FCPATH\index.php(79): CodeIgniter\CodeIgniter->run()
10 SYSTEMPATH\Commands\Server\rewrite.php(47): require_once('C:\\laragon\\www\\agrisync-main\\public\\index.php')
CRITICAL - 2024-02-07 00:03:21 --> Undefined variable $info
in APPPATH\Views\userfol\dashboard.php on line 63.
 1 APPPATH\Views\userfol\dashboard.php(63): CodeIgniter\Debug\Exceptions->errorHandler(2, 'Undefined variable $info', 'C:\\laragon\\www\\agrisync-main\\app\\Views\\userfol\\dashboard.php', 63)
 2 SYSTEMPATH\View\View.php(226): include('C:\\laragon\\www\\agrisync-main\\app\\Views\\userfol\\dashboard.php')
 3 SYSTEMPATH\View\View.php(229): CodeIgniter\View\View->CodeIgniter\View\{closure}()
 4 SYSTEMPATH\Common.php(1188): CodeIgniter\View\View->render('userfol/dashboard', [], true)
 5 APPPATH\Controllers\LoginController.php(131): view('userfol/dashboard')
 6 SYSTEMPATH\CodeIgniter.php(919): App\Controllers\LoginController->dashboards()
 7 SYSTEMPATH\CodeIgniter.php(494): CodeIgniter\CodeIgniter->runController(Object(App\Controllers\LoginController))
 8 SYSTEMPATH\CodeIgniter.php(353): CodeIgniter\CodeIgniter->handleRequest(null, Object(Config\Cache), false)
 9 FCPATH\index.php(79): CodeIgniter\CodeIgniter->run()
10 SYSTEMPATH\Commands\Server\rewrite.php(47): require_once('C:\\laragon\\www\\agrisync-main\\public\\index.php')
CRITICAL - 2024-02-07 00:03:21 --> Undefined variable $info
in APPPATH\Views\userfol\dashboard.php on line 63.
 1 APPPATH\Views\userfol\dashboard.php(63): CodeIgniter\Debug\Exceptions->errorHandler(2, 'Undefined variable $info', 'C:\\laragon\\www\\agrisync-main\\app\\Views\\userfol\\dashboard.php', 63)
 2 SYSTEMPATH\View\View.php(226): include('C:\\laragon\\www\\agrisync-main\\app\\Views\\userfol\\dashboard.php')
 3 SYSTEMPATH\View\View.php(229): CodeIgniter\View\View->CodeIgniter\View\{closure}()
 4 SYSTEMPATH\Common.php(1188): CodeIgniter\View\View->render('userfol/dashboard', [], true)
 5 APPPATH\Controllers\LoginController.php(131): view('userfol/dashboard')
 6 SYSTEMPATH\CodeIgniter.php(919): App\Controllers\LoginController->dashboards()
 7 SYSTEMPATH\CodeIgniter.php(494): CodeIgniter\CodeIgniter->runController(Object(App\Controllers\LoginController))
 8 SYSTEMPATH\CodeIgniter.php(353): CodeIgniter\CodeIgniter->handleRequest(null, Object(Config\Cache), false)
 9 FCPATH\index.php(79): CodeIgniter\CodeIgniter->run()
10 SYSTEMPATH\Commands\Server\rewrite.php(47): require_once('C:\\laragon\\www\\agrisync-main\\public\\index.php')
CRITICAL - 2024-02-07 00:03:22 --> Undefined variable $info
in APPPATH\Views\userfol\dashboard.php on line 63.
 1 APPPATH\Views\userfol\dashboard.php(63): CodeIgniter\Debug\Exceptions->errorHandler(2, 'Undefined variable $info', 'C:\\laragon\\www\\agrisync-main\\app\\Views\\userfol\\dashboard.php', 63)
 2 SYSTEMPATH\View\View.php(226): include('C:\\laragon\\www\\agrisync-main\\app\\Views\\userfol\\dashboard.php')
 3 SYSTEMPATH\View\View.php(229): CodeIgniter\View\View->CodeIgniter\View\{closure}()
 4 SYSTEMPATH\Common.php(1188): CodeIgniter\View\View->render('userfol/dashboard', [], true)
 5 APPPATH\Controllers\LoginController.php(131): view('userfol/dashboard')
 6 SYSTEMPATH\CodeIgniter.php(919): App\Controllers\LoginController->dashboards()
 7 SYSTEMPATH\CodeIgniter.php(494): CodeIgniter\CodeIgniter->runController(Object(App\Controllers\LoginController))
 8 SYSTEMPATH\CodeIgniter.php(353): CodeIgniter\CodeIgniter->handleRequest(null, Object(Config\Cache), false)
 9 FCPATH\index.php(79): CodeIgniter\CodeIgniter->run()
10 SYSTEMPATH\Commands\Server\rewrite.php(47): require_once('C:\\laragon\\www\\agrisync-main\\public\\index.php')
CRITICAL - 2024-02-07 00:03:22 --> Undefined variable $info
in APPPATH\Views\userfol\dashboard.php on line 63.
 1 APPPATH\Views\userfol\dashboard.php(63): CodeIgniter\Debug\Exceptions->errorHandler(2, 'Undefined variable $info', 'C:\\laragon\\www\\agrisync-main\\app\\Views\\userfol\\dashboard.php', 63)
 2 SYSTEMPATH\View\View.php(226): include('C:\\laragon\\www\\agrisync-main\\app\\Views\\userfol\\dashboard.php')
 3 SYSTEMPATH\View\View.php(229): CodeIgniter\View\View->CodeIgniter\View\{closure}()
 4 SYSTEMPATH\Common.php(1188): CodeIgniter\View\View->render('userfol/dashboard', [], true)
 5 APPPATH\Controllers\LoginController.php(131): view('userfol/dashboard')
 6 SYSTEMPATH\CodeIgniter.php(919): App\Controllers\LoginController->dashboards()
 7 SYSTEMPATH\CodeIgniter.php(494): CodeIgniter\CodeIgniter->runController(Object(App\Controllers\LoginController))
 8 SYSTEMPATH\CodeIgniter.php(353): CodeIgniter\CodeIgniter->handleRequest(null, Object(Config\Cache), false)
 9 FCPATH\index.php(79): CodeIgniter\CodeIgniter->run()
10 SYSTEMPATH\Commands\Server\rewrite.php(47): require_once('C:\\laragon\\www\\agrisync-main\\public\\index.php')
CRITICAL - 2024-02-07 00:03:22 --> Undefined variable $info
in APPPATH\Views\userfol\dashboard.php on line 63.
 1 APPPATH\Views\userfol\dashboard.php(63): CodeIgniter\Debug\Exceptions->errorHandler(2, 'Undefined variable $info', 'C:\\laragon\\www\\agrisync-main\\app\\Views\\userfol\\dashboard.php', 63)
 2 SYSTEMPATH\View\View.php(226): include('C:\\laragon\\www\\agrisync-main\\app\\Views\\userfol\\dashboard.php')
 3 SYSTEMPATH\View\View.php(229): CodeIgniter\View\View->CodeIgniter\View\{closure}()
 4 SYSTEMPATH\Common.php(1188): CodeIgniter\View\View->render('userfol/dashboard', [], true)
 5 APPPATH\Controllers\LoginController.php(131): view('userfol/dashboard')
 6 SYSTEMPATH\CodeIgniter.php(919): App\Controllers\LoginController->dashboards()
 7 SYSTEMPATH\CodeIgniter.php(494): CodeIgniter\CodeIgniter->runController(Object(App\Controllers\LoginController))
 8 SYSTEMPATH\CodeIgniter.php(353): CodeIgniter\CodeIgniter->handleRequest(null, Object(Config\Cache), false)
 9 FCPATH\index.php(79): CodeIgniter\CodeIgniter->run()
10 SYSTEMPATH\Commands\Server\rewrite.php(47): require_once('C:\\laragon\\www\\agrisync-main\\public\\index.php')
CRITICAL - 2024-02-07 00:03:22 --> Undefined variable $info
in APPPATH\Views\userfol\dashboard.php on line 63.
 1 APPPATH\Views\userfol\dashboard.php(63): CodeIgniter\Debug\Exceptions->errorHandler(2, 'Undefined variable $info', 'C:\\laragon\\www\\agrisync-main\\app\\Views\\userfol\\dashboard.php', 63)
 2 SYSTEMPATH\View\View.php(226): include('C:\\laragon\\www\\agrisync-main\\app\\Views\\userfol\\dashboard.php')
 3 SYSTEMPATH\View\View.php(229): CodeIgniter\View\View->CodeIgniter\View\{closure}()
 4 SYSTEMPATH\Common.php(1188): CodeIgniter\View\View->render('userfol/dashboard', [], true)
 5 APPPATH\Controllers\LoginController.php(131): view('userfol/dashboard')
 6 SYSTEMPATH\CodeIgniter.php(919): App\Controllers\LoginController->dashboards()
 7 SYSTEMPATH\CodeIgniter.php(494): CodeIgniter\CodeIgniter->runController(Object(App\Controllers\LoginController))
 8 SYSTEMPATH\CodeIgniter.php(353): CodeIgniter\CodeIgniter->handleRequest(null, Object(Config\Cache), false)
 9 FCPATH\index.php(79): CodeIgniter\CodeIgniter->run()
10 SYSTEMPATH\Commands\Server\rewrite.php(47): require_once('C:\\laragon\\www\\agrisync-main\\public\\index.php')
CRITICAL - 2024-02-07 00:03:22 --> Undefined variable $info
in APPPATH\Views\userfol\dashboard.php on line 63.
 1 APPPATH\Views\userfol\dashboard.php(63): CodeIgniter\Debug\Exceptions->errorHandler(2, 'Undefined variable $info', 'C:\\laragon\\www\\agrisync-main\\app\\Views\\userfol\\dashboard.php', 63)
 2 SYSTEMPATH\View\View.php(226): include('C:\\laragon\\www\\agrisync-main\\app\\Views\\userfol\\dashboard.php')
 3 SYSTEMPATH\View\View.php(229): CodeIgniter\View\View->CodeIgniter\View\{closure}()
 4 SYSTEMPATH\Common.php(1188): CodeIgniter\View\View->render('userfol/dashboard', [], true)
 5 APPPATH\Controllers\LoginController.php(131): view('userfol/dashboard')
 6 SYSTEMPATH\CodeIgniter.php(919): App\Controllers\LoginController->dashboards()
 7 SYSTEMPATH\CodeIgniter.php(494): CodeIgniter\CodeIgniter->runController(Object(App\Controllers\LoginController))
 8 SYSTEMPATH\CodeIgniter.php(353): CodeIgniter\CodeIgniter->handleRequest(null, Object(Config\Cache), false)
 9 FCPATH\index.php(79): CodeIgniter\CodeIgniter->run()
10 SYSTEMPATH\Commands\Server\rewrite.php(47): require_once('C:\\laragon\\www\\agrisync-main\\public\\index.php')
CRITICAL - 2024-02-07 00:04:52 --> Undefined variable $info
in APPPATH\Views\userfol\dashboard.php on line 63.
 1 APPPATH\Views\userfol\dashboard.php(63): CodeIgniter\Debug\Exceptions->errorHandler(2, 'Undefined variable $info', 'C:\\laragon\\www\\agrisync-main\\app\\Views\\userfol\\dashboard.php', 63)
 2 SYSTEMPATH\View\View.php(226): include('C:\\laragon\\www\\agrisync-main\\app\\Views\\userfol\\dashboard.php')
 3 SYSTEMPATH\View\View.php(229): CodeIgniter\View\View->CodeIgniter\View\{closure}()
 4 SYSTEMPATH\Common.php(1188): CodeIgniter\View\View->render('userfol/dashboard', [], true)
 5 APPPATH\Controllers\LoginController.php(131): view('userfol/dashboard')
 6 SYSTEMPATH\CodeIgniter.php(919): App\Controllers\LoginController->dashboards()
 7 SYSTEMPATH\CodeIgniter.php(494): CodeIgniter\CodeIgniter->runController(Object(App\Controllers\LoginController))
 8 SYSTEMPATH\CodeIgniter.php(353): CodeIgniter\CodeIgniter->handleRequest(null, Object(Config\Cache), false)
 9 FCPATH\index.php(79): CodeIgniter\CodeIgniter->run()
10 SYSTEMPATH\Commands\Server\rewrite.php(47): require_once('C:\\laragon\\www\\agrisync-main\\public\\index.php')
CRITICAL - 2024-02-07 00:04:53 --> Undefined variable $info
in APPPATH\Views\userfol\dashboard.php on line 63.
 1 APPPATH\Views\userfol\dashboard.php(63): CodeIgniter\Debug\Exceptions->errorHandler(2, 'Undefined variable $info', 'C:\\laragon\\www\\agrisync-main\\app\\Views\\userfol\\dashboard.php', 63)
 2 SYSTEMPATH\View\View.php(226): include('C:\\laragon\\www\\agrisync-main\\app\\Views\\userfol\\dashboard.php')
 3 SYSTEMPATH\View\View.php(229): CodeIgniter\View\View->CodeIgniter\View\{closure}()
 4 SYSTEMPATH\Common.php(1188): CodeIgniter\View\View->render('userfol/dashboard', [], true)
 5 APPPATH\Controllers\LoginController.php(131): view('userfol/dashboard')
 6 SYSTEMPATH\CodeIgniter.php(919): App\Controllers\LoginController->dashboards()
 7 SYSTEMPATH\CodeIgniter.php(494): CodeIgniter\CodeIgniter->runController(Object(App\Controllers\LoginController))
 8 SYSTEMPATH\CodeIgniter.php(353): CodeIgniter\CodeIgniter->handleRequest(null, Object(Config\Cache), false)
 9 FCPATH\index.php(79): CodeIgniter\CodeIgniter->run()
10 SYSTEMPATH\Commands\Server\rewrite.php(47): require_once('C:\\laragon\\www\\agrisync-main\\public\\index.php')
CRITICAL - 2024-02-07 00:04:54 --> Undefined variable $info
in APPPATH\Views\userfol\dashboard.php on line 63.
 1 APPPATH\Views\userfol\dashboard.php(63): CodeIgniter\Debug\Exceptions->errorHandler(2, 'Undefined variable $info', 'C:\\laragon\\www\\agrisync-main\\app\\Views\\userfol\\dashboard.php', 63)
 2 SYSTEMPATH\View\View.php(226): include('C:\\laragon\\www\\agrisync-main\\app\\Views\\userfol\\dashboard.php')
 3 SYSTEMPATH\View\View.php(229): CodeIgniter\View\View->CodeIgniter\View\{closure}()
 4 SYSTEMPATH\Common.php(1188): CodeIgniter\View\View->render('userfol/dashboard', [], true)
 5 APPPATH\Controllers\LoginController.php(131): view('userfol/dashboard')
 6 SYSTEMPATH\CodeIgniter.php(919): App\Controllers\LoginController->dashboards()
 7 SYSTEMPATH\CodeIgniter.php(494): CodeIgniter\CodeIgniter->runController(Object(App\Controllers\LoginController))
 8 SYSTEMPATH\CodeIgniter.php(353): CodeIgniter\CodeIgniter->handleRequest(null, Object(Config\Cache), false)
 9 FCPATH\index.php(79): CodeIgniter\CodeIgniter->run()
10 SYSTEMPATH\Commands\Server\rewrite.php(47): require_once('C:\\laragon\\www\\agrisync-main\\public\\index.php')
CRITICAL - 2024-02-07 00:04:54 --> Undefined variable $info
in APPPATH\Views\userfol\dashboard.php on line 63.
 1 APPPATH\Views\userfol\dashboard.php(63): CodeIgniter\Debug\Exceptions->errorHandler(2, 'Undefined variable $info', 'C:\\laragon\\www\\agrisync-main\\app\\Views\\userfol\\dashboard.php', 63)
 2 SYSTEMPATH\View\View.php(226): include('C:\\laragon\\www\\agrisync-main\\app\\Views\\userfol\\dashboard.php')
 3 SYSTEMPATH\View\View.php(229): CodeIgniter\View\View->CodeIgniter\View\{closure}()
 4 SYSTEMPATH\Common.php(1188): CodeIgniter\View\View->render('userfol/dashboard', [], true)
 5 APPPATH\Controllers\LoginController.php(131): view('userfol/dashboard')
 6 SYSTEMPATH\CodeIgniter.php(919): App\Controllers\LoginController->dashboards()
 7 SYSTEMPATH\CodeIgniter.php(494): CodeIgniter\CodeIgniter->runController(Object(App\Controllers\LoginController))
 8 SYSTEMPATH\CodeIgniter.php(353): CodeIgniter\CodeIgniter->handleRequest(null, Object(Config\Cache), false)
 9 FCPATH\index.php(79): CodeIgniter\CodeIgniter->run()
10 SYSTEMPATH\Commands\Server\rewrite.php(47): require_once('C:\\laragon\\www\\agrisync-main\\public\\index.php')
CRITICAL - 2024-02-07 00:04:55 --> Undefined variable $info
in APPPATH\Views\userfol\dashboard.php on line 63.
 1 APPPATH\Views\userfol\dashboard.php(63): CodeIgniter\Debug\Exceptions->errorHandler(2, 'Undefined variable $info', 'C:\\laragon\\www\\agrisync-main\\app\\Views\\userfol\\dashboard.php', 63)
 2 SYSTEMPATH\View\View.php(226): include('C:\\laragon\\www\\agrisync-main\\app\\Views\\userfol\\dashboard.php')
 3 SYSTEMPATH\View\View.php(229): CodeIgniter\View\View->CodeIgniter\View\{closure}()
 4 SYSTEMPATH\Common.php(1188): CodeIgniter\View\View->render('userfol/dashboard', [], true)
 5 APPPATH\Controllers\LoginController.php(131): view('userfol/dashboard')
 6 SYSTEMPATH\CodeIgniter.php(919): App\Controllers\LoginController->dashboards()
 7 SYSTEMPATH\CodeIgniter.php(494): CodeIgniter\CodeIgniter->runController(Object(App\Controllers\LoginController))
 8 SYSTEMPATH\CodeIgniter.php(353): CodeIgniter\CodeIgniter->handleRequest(null, Object(Config\Cache), false)
 9 FCPATH\index.php(79): CodeIgniter\CodeIgniter->run()
10 SYSTEMPATH\Commands\Server\rewrite.php(47): require_once('C:\\laragon\\www\\agrisync-main\\public\\index.php')
CRITICAL - 2024-02-07 00:04:56 --> Undefined variable $info
in APPPATH\Views\userfol\dashboard.php on line 63.
 1 APPPATH\Views\userfol\dashboard.php(63): CodeIgniter\Debug\Exceptions->errorHandler(2, 'Undefined variable $info', 'C:\\laragon\\www\\agrisync-main\\app\\Views\\userfol\\dashboard.php', 63)
 2 SYSTEMPATH\View\View.php(226): include('C:\\laragon\\www\\agrisync-main\\app\\Views\\userfol\\dashboard.php')
 3 SYSTEMPATH\View\View.php(229): CodeIgniter\View\View->CodeIgniter\View\{closure}()
 4 SYSTEMPATH\Common.php(1188): CodeIgniter\View\View->render('userfol/dashboard', [], true)
 5 APPPATH\Controllers\LoginController.php(131): view('userfol/dashboard')
 6 SYSTEMPATH\CodeIgniter.php(919): App\Controllers\LoginController->dashboards()
 7 SYSTEMPATH\CodeIgniter.php(494): CodeIgniter\CodeIgniter->runController(Object(App\Controllers\LoginController))
 8 SYSTEMPATH\CodeIgniter.php(353): CodeIgniter\CodeIgniter->handleRequest(null, Object(Config\Cache), false)
 9 FCPATH\index.php(79): CodeIgniter\CodeIgniter->run()
10 SYSTEMPATH\Commands\Server\rewrite.php(47): require_once('C:\\laragon\\www\\agrisync-main\\public\\index.php')
CRITICAL - 2024-02-07 00:05:17 --> count(): Argument #1 ($value) must be of type Countable|array, null given
in APPPATH\Views\userfol\dashboard.php on line 72.
 1 SYSTEMPATH\View\View.php(226): include()
 2 SYSTEMPATH\View\View.php(229): CodeIgniter\View\View->CodeIgniter\View\{closure}()
 3 SYSTEMPATH\Common.php(1188): CodeIgniter\View\View->render('userfol/dashboard', [], true)
 4 APPPATH\Controllers\LoginController.php(131): view('userfol/dashboard')
 5 SYSTEMPATH\CodeIgniter.php(919): App\Controllers\LoginController->dashboards()
 6 SYSTEMPATH\CodeIgniter.php(494): CodeIgniter\CodeIgniter->runController(Object(App\Controllers\LoginController))
 7 SYSTEMPATH\CodeIgniter.php(353): CodeIgniter\CodeIgniter->handleRequest(null, Object(Config\Cache), false)
 8 FCPATH\index.php(79): CodeIgniter\CodeIgniter->run()
 9 SYSTEMPATH\Commands\Server\rewrite.php(47): require_once('C:\\laragon\\www\\agrisync-main\\public\\index.php')
CRITICAL - 2024-02-07 00:08:48 --> Undefined variable $totalDamage
in APPPATH\Views\userfol\dashboard.php on line 63.
 1 APPPATH\Views\userfol\dashboard.php(63): CodeIgniter\Debug\Exceptions->errorHandler(2, 'Undefined variable $totalDamage', 'C:\\laragon\\www\\agrisync-main\\app\\Views\\userfol\\dashboard.php', 63)
 2 SYSTEMPATH\View\View.php(226): include('C:\\laragon\\www\\agrisync-main\\app\\Views\\userfol\\dashboard.php')
 3 SYSTEMPATH\View\View.php(229): CodeIgniter\View\View->CodeIgniter\View\{closure}()
 4 SYSTEMPATH\Common.php(1188): CodeIgniter\View\View->render('userfol/dashboard', [], true)
 5 APPPATH\Controllers\LoginController.php(131): view('userfol/dashboard')
 6 SYSTEMPATH\CodeIgniter.php(919): App\Controllers\LoginController->dashboards()
 7 SYSTEMPATH\CodeIgniter.php(494): CodeIgniter\CodeIgniter->runController(Object(App\Controllers\LoginController))
 8 SYSTEMPATH\CodeIgniter.php(353): CodeIgniter\CodeIgniter->handleRequest(null, Object(Config\Cache), false)
 9 FCPATH\index.php(79): CodeIgniter\CodeIgniter->run()
10 SYSTEMPATH\Commands\Server\rewrite.php(47): require_once('C:\\laragon\\www\\agrisync-main\\public\\index.php')
CRITICAL - 2024-02-07 00:09:49 --> Undefined variable $totalDamage
in APPPATH\Views\userfol\dashboard.php on line 62.
 1 APPPATH\Views\userfol\dashboard.php(62): CodeIgniter\Debug\Exceptions->errorHandler(2, 'Undefined variable $totalDamage', 'C:\\laragon\\www\\agrisync-main\\app\\Views\\userfol\\dashboard.php', 62)
 2 SYSTEMPATH\View\View.php(226): include('C:\\laragon\\www\\agrisync-main\\app\\Views\\userfol\\dashboard.php')
 3 SYSTEMPATH\View\View.php(229): CodeIgniter\View\View->CodeIgniter\View\{closure}()
 4 SYSTEMPATH\Common.php(1188): CodeIgniter\View\View->render('userfol/dashboard', [], true)
 5 APPPATH\Controllers\LoginController.php(131): view('userfol/dashboard')
 6 SYSTEMPATH\CodeIgniter.php(919): App\Controllers\LoginController->dashboards()
 7 SYSTEMPATH\CodeIgniter.php(494): CodeIgniter\CodeIgniter->runController(Object(App\Controllers\LoginController))
 8 SYSTEMPATH\CodeIgniter.php(353): CodeIgniter\CodeIgniter->handleRequest(null, Object(Config\Cache), false)
 9 FCPATH\index.php(79): CodeIgniter\CodeIgniter->run()
10 SYSTEMPATH\Commands\Server\rewrite.php(47): require_once('C:\\laragon\\www\\agrisync-main\\public\\index.php')
CRITICAL - 2024-02-07 00:09:51 --> Undefined variable $totalDamage
in APPPATH\Views\userfol\dashboard.php on line 62.
 1 APPPATH\Views\userfol\dashboard.php(62): CodeIgniter\Debug\Exceptions->errorHandler(2, 'Undefined variable $totalDamage', 'C:\\laragon\\www\\agrisync-main\\app\\Views\\userfol\\dashboard.php', 62)
 2 SYSTEMPATH\View\View.php(226): include('C:\\laragon\\www\\agrisync-main\\app\\Views\\userfol\\dashboard.php')
 3 SYSTEMPATH\View\View.php(229): CodeIgniter\View\View->CodeIgniter\View\{closure}()
 4 SYSTEMPATH\Common.php(1188): CodeIgniter\View\View->render('userfol/dashboard', [], true)
 5 APPPATH\Controllers\LoginController.php(131): view('userfol/dashboard')
 6 SYSTEMPATH\CodeIgniter.php(919): App\Controllers\LoginController->dashboards()
 7 SYSTEMPATH\CodeIgniter.php(494): CodeIgniter\CodeIgniter->runController(Object(App\Controllers\LoginController))
 8 SYSTEMPATH\CodeIgniter.php(353): CodeIgniter\CodeIgniter->handleRequest(null, Object(Config\Cache), false)
 9 FCPATH\index.php(79): CodeIgniter\CodeIgniter->run()
10 SYSTEMPATH\Commands\Server\rewrite.php(47): require_once('C:\\laragon\\www\\agrisync-main\\public\\index.php')
CRITICAL - 2024-02-07 00:17:00 --> Undefined variable $data
in APPPATH\Views\userfol\dashboard.php on line 63.
 1 APPPATH\Views\userfol\dashboard.php(63): CodeIgniter\Debug\Exceptions->errorHandler(2, 'Undefined variable $data', 'C:\\laragon\\www\\agrisync-main\\app\\Views\\userfol\\dashboard.php', 63)
 2 SYSTEMPATH\View\View.php(226): include('C:\\laragon\\www\\agrisync-main\\app\\Views\\userfol\\dashboard.php')
 3 SYSTEMPATH\View\View.php(229): CodeIgniter\View\View->CodeIgniter\View\{closure}()
 4 SYSTEMPATH\Common.php(1188): CodeIgniter\View\View->render('userfol/dashboard', [], true)
 5 APPPATH\Controllers\LoginController.php(131): view('userfol/dashboard')
 6 SYSTEMPATH\CodeIgniter.php(919): App\Controllers\LoginController->dashboards()
 7 SYSTEMPATH\CodeIgniter.php(494): CodeIgniter\CodeIgniter->runController(Object(App\Controllers\LoginController))
 8 SYSTEMPATH\CodeIgniter.php(353): CodeIgniter\CodeIgniter->handleRequest(null, Object(Config\Cache), false)
 9 FCPATH\index.php(79): CodeIgniter\CodeIgniter->run()
10 SYSTEMPATH\Commands\Server\rewrite.php(47): require_once('C:\\laragon\\www\\agrisync-main\\public\\index.php')
CRITICAL - 2024-02-07 00:38:05 --> Undefined variable $info
in APPPATH\Views\userinc\Formtable.php on line 33.
 1 APPPATH\Views\userinc\Formtable.php(33): CodeIgniter\Debug\Exceptions->errorHandler(2, 'Undefined variable $info', 'C:\\laragon\\www\\agrisync-main\\app\\Views\\userinc\\Formtable.php', 33)
 2 SYSTEMPATH\View\View.php(226): include('C:\\laragon\\www\\agrisync-main\\app\\Views\\userinc\\Formtable.php')
 3 SYSTEMPATH\View\View.php(229): CodeIgniter\View\View->CodeIgniter\View\{closure}()
 4 SYSTEMPATH\View\View.php(467): CodeIgniter\View\View->render('/userinc/Formtable', null, true)
 5 APPPATH\Views\userfol\report.php(62): CodeIgniter\View\View->include('/userinc/Formtable')
 6 SYSTEMPATH\View\View.php(226): include('C:\\laragon\\www\\agrisync-main\\app\\Views\\userfol\\report.php')
 7 SYSTEMPATH\View\View.php(229): CodeIgniter\View\View->CodeIgniter\View\{closure}()
 8 SYSTEMPATH\Common.php(1188): CodeIgniter\View\View->render('userfol/report', [], true)
 9 APPPATH\Controllers\LoginController.php(155): view('userfol/report')
10 SYSTEMPATH\CodeIgniter.php(919): App\Controllers\LoginController->report()
11 SYSTEMPATH\CodeIgniter.php(494): CodeIgniter\CodeIgniter->runController(Object(App\Controllers\LoginController))
12 SYSTEMPATH\CodeIgniter.php(353): CodeIgniter\CodeIgniter->handleRequest(null, Object(Config\Cache), false)
13 FCPATH\index.php(79): CodeIgniter\CodeIgniter->run()
14 SYSTEMPATH\Commands\Server\rewrite.php(47): require_once('C:\\laragon\\www\\agrisync-main\\public\\index.php')
CRITICAL - 2024-02-07 00:38:44 --> Undefined variable $info
in APPPATH\Views\userinc\Formtable.php on line 33.
 1 APPPATH\Views\userinc\Formtable.php(33): CodeIgniter\Debug\Exceptions->errorHandler(2, 'Undefined variable $info', 'C:\\laragon\\www\\agrisync-main\\app\\Views\\userinc\\Formtable.php', 33)
 2 SYSTEMPATH\View\View.php(226): include('C:\\laragon\\www\\agrisync-main\\app\\Views\\userinc\\Formtable.php')
 3 SYSTEMPATH\View\View.php(229): CodeIgniter\View\View->CodeIgniter\View\{closure}()
 4 SYSTEMPATH\View\View.php(467): CodeIgniter\View\View->render('/userinc/Formtable', null, true)
 5 APPPATH\Views\userfol\report.php(62): CodeIgniter\View\View->include('/userinc/Formtable')
 6 SYSTEMPATH\View\View.php(226): include('C:\\laragon\\www\\agrisync-main\\app\\Views\\userfol\\report.php')
 7 SYSTEMPATH\View\View.php(229): CodeIgniter\View\View->CodeIgniter\View\{closure}()
 8 SYSTEMPATH\Common.php(1188): CodeIgniter\View\View->render('userfol/report', [], true)
 9 APPPATH\Controllers\LoginController.php(155): view('userfol/report')
10 SYSTEMPATH\CodeIgniter.php(919): App\Controllers\LoginController->report()
11 SYSTEMPATH\CodeIgniter.php(494): CodeIgniter\CodeIgniter->runController(Object(App\Controllers\LoginController))
12 SYSTEMPATH\CodeIgniter.php(353): CodeIgniter\CodeIgniter->handleRequest(null, Object(Config\Cache), false)
13 FCPATH\index.php(79): CodeIgniter\CodeIgniter->run()
14 SYSTEMPATH\Commands\Server\rewrite.php(47): require_once('C:\\laragon\\www\\agrisync-main\\public\\index.php')
CRITICAL - 2024-02-07 00:38:45 --> Undefined variable $info
in APPPATH\Views\userinc\Formtable.php on line 33.
 1 APPPATH\Views\userinc\Formtable.php(33): CodeIgniter\Debug\Exceptions->errorHandler(2, 'Undefined variable $info', 'C:\\laragon\\www\\agrisync-main\\app\\Views\\userinc\\Formtable.php', 33)
 2 SYSTEMPATH\View\View.php(226): include('C:\\laragon\\www\\agrisync-main\\app\\Views\\userinc\\Formtable.php')
 3 SYSTEMPATH\View\View.php(229): CodeIgniter\View\View->CodeIgniter\View\{closure}()
 4 SYSTEMPATH\View\View.php(467): CodeIgniter\View\View->render('/userinc/Formtable', null, true)
 5 APPPATH\Views\userfol\report.php(62): CodeIgniter\View\View->include('/userinc/Formtable')
 6 SYSTEMPATH\View\View.php(226): include('C:\\laragon\\www\\agrisync-main\\app\\Views\\userfol\\report.php')
 7 SYSTEMPATH\View\View.php(229): CodeIgniter\View\View->CodeIgniter\View\{closure}()
 8 SYSTEMPATH\Common.php(1188): CodeIgniter\View\View->render('userfol/report', [], true)
 9 APPPATH\Controllers\LoginController.php(155): view('userfol/report')
10 SYSTEMPATH\CodeIgniter.php(919): App\Controllers\LoginController->report()
11 SYSTEMPATH\CodeIgniter.php(494): CodeIgniter\CodeIgniter->runController(Object(App\Controllers\LoginController))
12 SYSTEMPATH\CodeIgniter.php(353): CodeIgniter\CodeIgniter->handleRequest(null, Object(Config\Cache), false)
13 FCPATH\index.php(79): CodeIgniter\CodeIgniter->run()
14 SYSTEMPATH\Commands\Server\rewrite.php(47): require_once('C:\\laragon\\www\\agrisync-main\\public\\index.php')
CRITICAL - 2024-02-07 00:39:17 --> Undefined variable $in
in APPPATH\Views\userinc\Formtable.php on line 33.
 1 APPPATH\Views\userinc\Formtable.php(33): CodeIgniter\Debug\Exceptions->errorHandler(2, 'Undefined variable $in', 'C:\\laragon\\www\\agrisync-main\\app\\Views\\userinc\\Formtable.php', 33)
 2 SYSTEMPATH\View\View.php(226): include('C:\\laragon\\www\\agrisync-main\\app\\Views\\userinc\\Formtable.php')
 3 SYSTEMPATH\View\View.php(229): CodeIgniter\View\View->CodeIgniter\View\{closure}()
 4 SYSTEMPATH\View\View.php(467): CodeIgniter\View\View->render('/userinc/Formtable', null, true)
 5 APPPATH\Views\userfol\report.php(62): CodeIgniter\View\View->include('/userinc/Formtable')
 6 SYSTEMPATH\View\View.php(226): include('C:\\laragon\\www\\agrisync-main\\app\\Views\\userfol\\report.php')
 7 SYSTEMPATH\View\View.php(229): CodeIgniter\View\View->CodeIgniter\View\{closure}()
 8 SYSTEMPATH\Common.php(1188): CodeIgniter\View\View->render('userfol/report', [], true)
 9 APPPATH\Controllers\LoginController.php(155): view('userfol/report')
10 SYSTEMPATH\CodeIgniter.php(919): App\Controllers\LoginController->report()
11 SYSTEMPATH\CodeIgniter.php(494): CodeIgniter\CodeIgniter->runController(Object(App\Controllers\LoginController))
12 SYSTEMPATH\CodeIgniter.php(353): CodeIgniter\CodeIgniter->handleRequest(null, Object(Config\Cache), false)
13 FCPATH\index.php(79): CodeIgniter\CodeIgniter->run()
14 SYSTEMPATH\Commands\Server\rewrite.php(47): require_once('C:\\laragon\\www\\agrisync-main\\public\\index.php')
CRITICAL - 2024-02-07 00:39:54 --> Undefined variable $in
in APPPATH\Views\userinc\Formtable.php on line 33.
 1 APPPATH\Views\userinc\Formtable.php(33): CodeIgniter\Debug\Exceptions->errorHandler(2, 'Undefined variable $in', 'C:\\laragon\\www\\agrisync-main\\app\\Views\\userinc\\Formtable.php', 33)
 2 SYSTEMPATH\View\View.php(226): include('C:\\laragon\\www\\agrisync-main\\app\\Views\\userinc\\Formtable.php')
 3 SYSTEMPATH\View\View.php(229): CodeIgniter\View\View->CodeIgniter\View\{closure}()
 4 SYSTEMPATH\View\View.php(467): CodeIgniter\View\View->render('/userinc/Formtable', null, true)
 5 APPPATH\Views\userfol\report.php(62): CodeIgniter\View\View->include('/userinc/Formtable')
 6 SYSTEMPATH\View\View.php(226): include('C:\\laragon\\www\\agrisync-main\\app\\Views\\userfol\\report.php')
 7 SYSTEMPATH\View\View.php(229): CodeIgniter\View\View->CodeIgniter\View\{closure}()
 8 SYSTEMPATH\Common.php(1188): CodeIgniter\View\View->render('userfol/report', [], true)
 9 APPPATH\Controllers\LoginController.php(155): view('userfol/report')
10 SYSTEMPATH\CodeIgniter.php(919): App\Controllers\LoginController->report()
11 SYSTEMPATH\CodeIgniter.php(494): CodeIgniter\CodeIgniter->runController(Object(App\Controllers\LoginController))
12 SYSTEMPATH\CodeIgniter.php(353): CodeIgniter\CodeIgniter->handleRequest(null, Object(Config\Cache), false)
13 FCPATH\index.php(79): CodeIgniter\CodeIgniter->run()
14 SYSTEMPATH\Commands\Server\rewrite.php(47): require_once('C:\\laragon\\www\\agrisync-main\\public\\index.php')
